###############################################################################
#                                                                             #
# IAR C/C++ Compiler V8.10.3.10338/W32 for 8051         03/Jun/2016  12:39:29 #
# Copyright 2004-2011 IAR Systems AB.                                         #
#                                                                             #
#    Core               =  plain                                              #
#    Code model         =  banked                                             #
#    Data model         =  large                                              #
#    Calling convention =  xdata reentrant                                    #
#    Constant location  =  data_rom                                           #
#    Dptr setup         =  1,16                                               #
#    Source file        =  C:\Users\Administrator\Desktop\1\Projects\zstack\S #
#                          amples\GenericApp\Source\GenericApp.c              #
#    Command line       =  -f C:\Users\Administrator\Desktop\1\Projects\zstac #
#                          k\Samples\GenericApp\CC2530DB\..\..\..\Tools\CC253 #
#                          0DB\f8wCoord.cfg (-DCPU32MHZ -DROOT=__near_func    #
#                          -DMAC_CFG_APP_PENDING_QUEUE=TRUE                   #
#                          -DZDO_COORDINATOR -DRTR_NWK -DBLINK_LEDS) -f       #
#                          C:\Users\Administrator\Desktop\1\Projects\zstack\S #
#                          amples\GenericApp\CC2530DB\..\..\..\Tools\CC2530DB #
#                          \f8wConfig.cfg (-DSECURE=0 -DZG_SECURE_DYNAMIC=0   #
#                          -DREFLECTOR -DDEFAULT_CHANLIST=0x00000800          #
#                          -DZDAPP_CONFIG_PAN_ID=0xFFFF                       #
#                          -DNWK_START_DELAY=100 -DEXTENDED_JOINING_RANDOM_MA #
#                          SK=0x007F -DBEACON_REQUEST_DELAY=100               #
#                          -DBEACON_REQ_DELAY_MASK=0x00FF                     #
#                          -DROUTE_EXPIRY_TIME=30 -DAPSC_ACK_WAIT_DURATION_PO #
#                          LLED=3000 -DNWK_INDIRECT_MSG_TIMEOUT=7             #
#                          -DMAX_RREQ_ENTRIES=8 -DAPSC_MAX_FRAME_RETRIES=3    #
#                          -DNWK_MAX_DATA_RETRIES=2                           #
#                          -DMAX_POLL_FAILURE_RETRIES=2 -DMAX_BCAST=9         #
#                          -DAPS_MAX_GROUPS=16 -DMAX_RTG_ENTRIES=40           #
#                          -DNWK_MAX_BINDING_ENTRIES=4                        #
#                          -DMAX_BINDING_CLUSTER_IDS=4 "-DDEFAULT_KEY={0x01,  #
#                          0x03, 0x05, 0x07, 0x09, 0x0B, 0x0D, 0x0F, 0x00,    #
#                          0x02, 0x04, 0x06, 0x08, 0x0A, 0x0C, 0x0D}"         #
#                          -DMAC_MAX_FRAME_SIZE=116 "-DCONST=const __code"    #
#                          -DGENERIC=__generic -DRFD_RCVC_ALWAYS_ON=FALSE     #
#                          -DPOLL_RATE=1000 -DQUEUED_POLL_RATE=100            #
#                          -DRESPONSE_POLL_RATE=100) -DREJOIN_POLL_RATE=440   #
#                          C:\Users\Administrator\Desktop\1\Projects\zstack\S #
#                          amples\GenericApp\Source\GenericApp.c -D           #
#                          ZIGBEEPRO -D ZTOOL_P1 -D xMT_TASK -D xMT_SYS_FUNC  #
#                          -D xMT_ZDO_FUNC -D LCD_SUPPORTED=DEBUG -lC         #
#                          C:\Users\Administrator\Desktop\1\Projects\zstack\S #
#                          amples\GenericApp\CC2530DB\CoordinatorEB-Pro\List\ #
#                           -lA C:\Users\Administrator\Desktop\1\Projects\zst #
#                          ack\Samples\GenericApp\CC2530DB\CoordinatorEB-Pro\ #
#                          List\ --diag_suppress Pe001,Pa010 -o               #
#                          C:\Users\Administrator\Desktop\1\Projects\zstack\S #
#                          amples\GenericApp\CC2530DB\CoordinatorEB-Pro\Obj\  #
#                          -e --debug --core=plain --dptr=16,1                #
#                          --data_model=large --code_model=banked             #
#                          --calling_convention=xdata_reentrant               #
#                          --place_constants=data_rom --nr_virtual_regs 16    #
#                          -I C:\Users\Administrator\Desktop\1\Projects\zstac #
#                          k\Samples\GenericApp\CC2530DB\ -I                  #
#                          C:\Users\Administrator\Desktop\1\Projects\zstack\S #
#                          amples\GenericApp\CC2530DB\..\SOURCE\ -I           #
#                          C:\Users\Administrator\Desktop\1\Projects\zstack\S #
#                          amples\GenericApp\CC2530DB\..\..\..\ZMAIN\TI2530DB #
#                          \ -I C:\Users\Administrator\Desktop\1\Projects\zst #
#                          ack\Samples\GenericApp\CC2530DB\..\..\..\..\..\COM #
#                          PONENTS\MT\ -I C:\Users\Administrator\Desktop\1\Pr #
#                          ojects\zstack\Samples\GenericApp\CC2530DB\..\..\.. #
#                          \..\..\COMPONENTS\HAL\INCLUDE\ -I                  #
#                          C:\Users\Administrator\Desktop\1\Projects\zstack\S #
#                          amples\GenericApp\CC2530DB\..\..\..\..\..\COMPONEN #
#                          TS\HAL\TARGET\CC2530EB\ -I                         #
#                          C:\Users\Administrator\Desktop\1\Projects\zstack\S #
#                          amples\GenericApp\CC2530DB\..\..\..\..\..\COMPONEN #
#                          TS\OSAL\MCU\CCSOC\ -I C:\Users\Administrator\Deskt #
#                          op\1\Projects\zstack\Samples\GenericApp\CC2530DB\. #
#                          .\..\..\..\..\COMPONENTS\OSAL\INCLUDE\ -I          #
#                          C:\Users\Administrator\Desktop\1\Projects\zstack\S #
#                          amples\GenericApp\CC2530DB\..\..\..\..\..\COMPONEN #
#                          TS\STACK\AF\ -I C:\Users\Administrator\Desktop\1\P #
#                          rojects\zstack\Samples\GenericApp\CC2530DB\..\..\. #
#                          .\..\..\COMPONENTS\STACK\NWK\ -I                   #
#                          C:\Users\Administrator\Desktop\1\Projects\zstack\S #
#                          amples\GenericApp\CC2530DB\..\..\..\..\..\COMPONEN #
#                          TS\STACK\SEC\ -I C:\Users\Administrator\Desktop\1\ #
#                          Projects\zstack\Samples\GenericApp\CC2530DB\..\..\ #
#                          ..\..\..\COMPONENTS\STACK\SAPI\ -I                 #
#                          C:\Users\Administrator\Desktop\1\Projects\zstack\S #
#                          amples\GenericApp\CC2530DB\..\..\..\..\..\COMPONEN #
#                          TS\STACK\SYS\ -I C:\Users\Administrator\Desktop\1\ #
#                          Projects\zstack\Samples\GenericApp\CC2530DB\..\..\ #
#                          ..\..\..\COMPONENTS\STACK\ZDO\ -I                  #
#                          C:\Users\Administrator\Desktop\1\Projects\zstack\S #
#                          amples\GenericApp\CC2530DB\..\..\..\..\..\COMPONEN #
#                          TS\ZMAC\F8W\ -I C:\Users\Administrator\Desktop\1\P #
#                          rojects\zstack\Samples\GenericApp\CC2530DB\..\..\. #
#                          .\..\..\COMPONENTS\ZMAC\ -I                        #
#                          C:\Users\Administrator\Desktop\1\Projects\zstack\S #
#                          amples\GenericApp\CC2530DB\..\..\..\..\..\COMPONEN #
#                          TS\SERVICES\SADDR\ -I C:\Users\Administrator\Deskt #
#                          op\1\Projects\zstack\Samples\GenericApp\CC2530DB\. #
#                          .\..\..\..\..\COMPONENTS\SERVICES\SDATA\ -I        #
#                          C:\Users\Administrator\Desktop\1\Projects\zstack\S #
#                          amples\GenericApp\CC2530DB\..\..\..\..\..\COMPONEN #
#                          TS\MAC\INCLUDE\ -I C:\Users\Administrator\Desktop\ #
#                          1\Projects\zstack\Samples\GenericApp\CC2530DB\..\. #
#                          .\..\..\..\COMPONENTS\MAC\HIGH_LEVEL\ -I           #
#                          C:\Users\Administrator\Desktop\1\Projects\zstack\S #
#                          amples\GenericApp\CC2530DB\..\..\..\..\..\COMPONEN #
#                          TS\MAC\LOW_LEVEL\srf04\ -I                         #
#                          C:\Users\Administrator\Desktop\1\Projects\zstack\S #
#                          amples\GenericApp\CC2530DB\..\..\..\..\..\COMPONEN #
#                          TS\MAC\LOW_LEVEL\srf04\SINGLE_CHIP\ -Ohz           #
#                          --require_prototypes                               #
#    List file          =  C:\Users\Administrator\Desktop\1\Projects\zstack\S #
#                          amples\GenericApp\CC2530DB\CoordinatorEB-Pro\List\ #
#                          GenericApp.lst                                     #
#    Object file        =  C:\Users\Administrator\Desktop\1\Projects\zstack\S #
#                          amples\GenericApp\CC2530DB\CoordinatorEB-Pro\Obj\G #
#                          enericApp.r51                                      #
#                                                                             #
#                                                                             #
###############################################################################

C:\Users\Administrator\Desktop\1\Projects\zstack\Samples\GenericApp\Source\GenericApp.c
      1          /*********************************************************************
      2           * INCLUDES
      3           */
      4          #include "OSAL.h"
      5          #include "AF.h"
      6          #include "ZDApp.h"
      7          #include "ZDObject.h"
      8          #include "ZDProfile.h"
      9          #include "AT_UART.h"
     10          #include "AT_AF.h"
     11          
     12          #include "GenericApp.h"
     13          #include "DebugTrace.h"
     14          
     15          #include "OnBoard.h"
     16          
     17          /* HAL */
     18          #include "hal_led.h"
     19          #include "hal_uart.h"
     20          
     21          /*********************************************************************
     22           * MACROS
     23           */
     24          #define HAL_LED_OFF   1
     25          #define HAL_LED_ON    0
     26          
     27          // This is the max byte count per OTA message.
     28          
     29          /*********************************************************************
     30           * LOCAL VARIABLES
     31           */

   \                                 In  segment XDATA_Z, align 1, keep-with-next
     32          devStates_t GenericApp_NwkState;
   \                     GenericApp_NwkState:
   \   000000                DS 1
   \   000001                REQUIRE __INIT_XDATA_Z
     33          

   \                                 In  segment XDATA_Z, align 1, keep-with-next
     34          byte GenericApp_TaskID;   // Task ID for internal task/event processing
   \                     GenericApp_TaskID:
   \   000000                DS 1
   \   000001                REQUIRE __INIT_XDATA_Z
     35                                    // This variable will be received when
     36                                    // GenericApp_Init() is called.
     37          /*********************************************************************
     38           * LOCAL FUNCTIONS
     39           */
     40          void GenericApp_MessageMSGCB( afIncomingMSGPacket_t *pckt );
     41          
     42          /*********************************************************************
     43           * NETWORK LAYER CALLBACKS
     44           */
     45          
     46          /*********************************************************************
     47           * PUBLIC FUNCTIONS
     48           */
     49          
     50          /*********************************************************************
     51           * @fn      GenericApp_Init
     52           *
     53           * @brief   Initialization function for the Generic App Task.
     54           *          This is called during initialization and should contain
     55           *          any application specific initialization (ie. hardware
     56           *          initialization/setup, table initialization, power up
     57           *          notificaiton ... ).
     58           *
     59           * @param   task_id - the ID assigned by OSAL.  This ID should be
     60           *                    used to send messages and set timers.
     61           *
     62           * @return  none
     63           */

   \                                 In  segment BANKED_CODE, align 1, keep-with-next
     64          void GenericApp_Init( byte task_id )
   \                     GenericApp_Init:
     65          {
   \   000000   74F7         MOV     A,#-0x9
   \   000002   12....       LCALL   ?BANKED_ENTER_XDATA
   \   000005                ; Saved register size: 9
   \   000005                ; Auto size: 0
   \   000005   E9           MOV     A,R1
     66            
     67            GenericApp_TaskID = task_id;
   \   000006   90....       MOV     DPTR,#GenericApp_TaskID
   \   000009   F0           MOVX    @DPTR,A
     68            GenericApp_NwkState = DEV_INIT;
   \   00000A   90....       MOV     DPTR,#GenericApp_NwkState
   \   00000D   7401         MOV     A,#0x1
   \   00000F   F0           MOVX    @DPTR,A
     69            
     70            AT_AF_init();
   \   000010                ; Setup parameters for call to function AT_AF_init
   \   000010   12....       LCALL   ??AT_AF_init?relay
     71            AT_UART_init();
   \   000013                ; Setup parameters for call to function AT_UART_init
   \   000013   12....       LCALL   ??AT_UART_init?relay
     72          }
   \   000016   7F01         MOV     R7,#0x1
   \   000018   02....       LJMP    ?BANKED_LEAVE_XDATA
     73          
     74          /*********************************************************************
     75           * @fn      GenericApp_ProcessEvent
     76           *
     77           * @brief   Generic Application Task event processor.  This function
     78           *          is called to process all events for the task.  Events
     79           *          include timers, messages and any other user defined events.
     80           *
     81           * @param   task_id  - The OSAL assigned task ID.
     82           * @param   events - events to process.  This is a bit map and can
     83           *                   contain more than one event.
     84           *
     85           * @return  none
     86           */

   \                                 In  segment BANKED_CODE, align 1, keep-with-next
     87          UINT16 GenericApp_ProcessEvent( byte task_id, UINT16 events )
   \                     GenericApp_ProcessEvent:
     88          {
   \   000000   74F4         MOV     A,#-0xc
   \   000002   12....       LCALL   ?BANKED_ENTER_XDATA
   \   000005                ; Saved register size: 12
   \   000005                ; Auto size: 0
   \   000005   8A..         MOV     ?V0 + 0,R2
   \   000007   8B..         MOV     ?V0 + 1,R3
     89              afIncomingMSGPacket_t *MSGpkt;
     90              
     91              if ( events & SYS_EVENT_MSG )
   \   000009   EB           MOV     A,R3
   \   00000A   5480         ANL     A,#0x80
   \   00000C   6036         JZ      ??GenericApp_ProcessEvent_0
     92              {
     93                  MSGpkt = (afIncomingMSGPacket_t *)osal_msg_receive( GenericApp_TaskID );
   \   00000E                ; Setup parameters for call to function osal_msg_receive
   \   00000E   8017         SJMP    ??GenericApp_ProcessEvent_1
     94                  while ( MSGpkt )
     95                  {
     96                      switch ( MSGpkt->hdr.event )
   \                     ??GenericApp_ProcessEvent_2:
   \   000010   8E82         MOV     DPL,R6
   \   000012   8F83         MOV     DPH,R7
   \   000014   E0           MOVX    A,@DPTR
   \   000015   641A         XRL     A,#0x1a
   \   000017   7007         JNZ     ??GenericApp_ProcessEvent_3
     97                      {
     98                      case AF_INCOMING_MSG_CMD:
     99                          GenericApp_MessageMSGCB(MSGpkt);
   \   000019                ; Setup parameters for call to function GenericApp_MessageMSGCB
   \   000019   EE           MOV     A,R6
   \   00001A   FA           MOV     R2,A
   \   00001B   EF           MOV     A,R7
   \   00001C   FB           MOV     R3,A
   \   00001D   12....       LCALL   ??GenericApp_MessageMSGCB?relay
    100                          break;
    101                      default:
    102                          break;
    103                      }
    104                      osal_msg_deallocate( (uint8 *)MSGpkt );
   \                     ??GenericApp_ProcessEvent_3:
   \   000020                ; Setup parameters for call to function osal_msg_deallocate
   \   000020   EE           MOV     A,R6
   \   000021   FA           MOV     R2,A
   \   000022   EF           MOV     A,R7
   \   000023   FB           MOV     R3,A
   \   000024   12....       LCALL   ??osal_msg_deallocate?relay
    105                      MSGpkt = (afIncomingMSGPacket_t *)osal_msg_receive( GenericApp_TaskID );
   \   000027                ; Setup parameters for call to function osal_msg_receive
   \                     ??GenericApp_ProcessEvent_1:
   \   000027   90....       MOV     DPTR,#GenericApp_TaskID
   \   00002A   E0           MOVX    A,@DPTR
   \   00002B   F9           MOV     R1,A
   \   00002C   12....       LCALL   ??osal_msg_receive?relay
   \   00002F   8A..         MOV     ?V0 + 2,R2
   \   000031   8B..         MOV     ?V0 + 3,R3
   \   000033   AE..         MOV     R6,?V0 + 2
   \   000035   AF..         MOV     R7,?V0 + 3
    106                  }
   \   000037   EE           MOV     A,R6
   \   000038   4F           ORL     A,R7
   \   000039   70D5         JNZ     ??GenericApp_ProcessEvent_2
    107                  return (events ^ SYS_EVENT_MSG);
   \   00003B   AA..         MOV     R2,?V0 + 0
   \   00003D   E5..         MOV     A,?V0 + 1
   \   00003F   6480         XRL     A,#0x80
   \   000041   FB           MOV     R3,A
   \   000042   8004         SJMP    ??GenericApp_ProcessEvent_4
    108              }
    109              return 0;
   \                     ??GenericApp_ProcessEvent_0:
   \   000044   7A00         MOV     R2,#0x0
   \   000046   7B00         MOV     R3,#0x0
   \                     ??GenericApp_ProcessEvent_4:
   \   000048   7F04         MOV     R7,#0x4
   \   00004A   02....       LJMP    ?BANKED_LEAVE_XDATA
    110          }
    111          
    112          /*********************************************************************
    113           * LOCAL FUNCTIONS
    114           */
    115          
    116          /*********************************************************************
    117           * @fn      GenericApp_MessageMSGCB
    118           *
    119           * @brief   Data message processor callback.  This function processes
    120           *          any incoming data - probably from other devices.  So, based
    121           *          on cluster ID, perform the intended action.
    122           *
    123           * @param   none
    124           *
    125           * @return  none
    126           */

   \                                 In  segment BANKED_CODE, align 1, keep-with-next
    127          void GenericApp_MessageMSGCB( afIncomingMSGPacket_t *pkt )
   \                     GenericApp_MessageMSGCB:
    128          {
   \   000000   C082         PUSH    DPL
   \   000002   C083         PUSH    DPH
   \   000004                ; Saved register size: 2
   \   000004                ; Auto size: 1
   \   000004   74FF         MOV     A,#-0x1
   \   000006   12....       LCALL   ?ALLOC_XSTACK8
    129            byte data ;
    130               
    131            switch ( pkt->clusterId )
   \   000009   8A82         MOV     DPL,R2
   \   00000B   8B83         MOV     DPH,R3
   \   00000D   A3           INC     DPTR
   \   00000E   A3           INC     DPTR
   \   00000F   A3           INC     DPTR
   \   000010   A3           INC     DPTR
   \   000011   E0           MOVX    A,@DPTR
   \   000012   6401         XRL     A,#0x1
   \   000014   7002         JNZ     ??GenericApp_MessageMSGCB_0
   \   000016   A3           INC     DPTR
   \   000017   E0           MOVX    A,@DPTR
   \                     ??GenericApp_MessageMSGCB_0:
   \   000018   7056         JNZ     ??GenericApp_MessageMSGCB_1
    132            {
    133              case GENERICAPP_CLUSTERID:
    134               data  = pkt->cmd.Data[0];    //osal_memcpy(&data, pkt->cmd.Data, 1);
   \   00001A   EA           MOV     A,R2
   \   00001B   2421         ADD     A,#0x21
   \   00001D   F582         MOV     DPL,A
   \   00001F   EB           MOV     A,R3
   \   000020   3400         ADDC    A,#0x0
   \   000022   F583         MOV     DPH,A
   \   000024   E0           MOVX    A,@DPTR
   \   000025   F8           MOV     R0,A
   \   000026   A3           INC     DPTR
   \   000027   E0           MOVX    A,@DPTR
   \   000028   F583         MOV     DPH,A
   \   00002A   8882         MOV     DPL,R0
   \   00002C   E0           MOVX    A,@DPTR
   \   00002D   85..82       MOV     DPL,?XSP + 0
   \   000030   85..83       MOV     DPH,?XSP + 1
   \   000033   F0           MOVX    @DPTR,A
    135               
    136               if(data == 0x10){
   \   000034   6410         XRL     A,#0x10
   \   000036   7006         JNZ     ??GenericApp_MessageMSGCB_2
    137                 HalLedSet(HAL_LED_1, HAL_LED_ON); 
   \   000038                ; Setup parameters for call to function HalLedSet
   \   000038   7A00         MOV     R2,#0x0
   \                     ??GenericApp_MessageMSGCB_3:
   \   00003A   7901         MOV     R1,#0x1
   \   00003C   802F         SJMP    ??GenericApp_MessageMSGCB_4
    138               }
    139               else if(data == 0x11){
   \                     ??GenericApp_MessageMSGCB_2:
   \   00003E   E0           MOVX    A,@DPTR
   \   00003F   6411         XRL     A,#0x11
   \   000041   7004         JNZ     ??GenericApp_MessageMSGCB_5
    140                HalLedSet(HAL_LED_1, HAL_LED_OFF); 
   \   000043                ; Setup parameters for call to function HalLedSet
   \   000043   7A01         MOV     R2,#0x1
   \   000045   80F3         SJMP    ??GenericApp_MessageMSGCB_3
    141               }
    142               else if(data == 0x20){
   \                     ??GenericApp_MessageMSGCB_5:
   \   000047   E0           MOVX    A,@DPTR
   \   000048   6420         XRL     A,#0x20
   \   00004A   7006         JNZ     ??GenericApp_MessageMSGCB_6
    143                 HalLedSet(HAL_LED_2, HAL_LED_ON);
   \   00004C                ; Setup parameters for call to function HalLedSet
   \   00004C   7A00         MOV     R2,#0x0
   \                     ??GenericApp_MessageMSGCB_7:
   \   00004E   7902         MOV     R1,#0x2
   \   000050   801B         SJMP    ??GenericApp_MessageMSGCB_4
    144               }
    145               else if(data == 0x21){
   \                     ??GenericApp_MessageMSGCB_6:
   \   000052   E0           MOVX    A,@DPTR
   \   000053   6421         XRL     A,#0x21
   \   000055   7004         JNZ     ??GenericApp_MessageMSGCB_8
    146                HalLedSet(HAL_LED_2, HAL_LED_OFF);
   \   000057                ; Setup parameters for call to function HalLedSet
   \   000057   7A01         MOV     R2,#0x1
   \   000059   80F3         SJMP    ??GenericApp_MessageMSGCB_7
    147               }
    148               else if(data == 0x30){
   \                     ??GenericApp_MessageMSGCB_8:
   \   00005B   E0           MOVX    A,@DPTR
   \   00005C   6430         XRL     A,#0x30
   \   00005E   7004         JNZ     ??GenericApp_MessageMSGCB_9
    149                 HalLedSet(HAL_LED_3, HAL_LED_ON);
   \   000060                ; Setup parameters for call to function HalLedSet
   \   000060   7A00         MOV     R2,#0x0
   \   000062   8007         SJMP    ??GenericApp_MessageMSGCB_10
    150               }
    151               else if(data == 0x31){
   \                     ??GenericApp_MessageMSGCB_9:
   \   000064   E0           MOVX    A,@DPTR
   \   000065   6431         XRL     A,#0x31
   \   000067   7007         JNZ     ??GenericApp_MessageMSGCB_1
    152                 HalLedSet(HAL_LED_3, HAL_LED_OFF); 
   \   000069                ; Setup parameters for call to function HalLedSet
   \   000069   7A01         MOV     R2,#0x1
   \                     ??GenericApp_MessageMSGCB_10:
   \   00006B   7904         MOV     R1,#0x4
   \                     ??GenericApp_MessageMSGCB_4:
   \   00006D   12....       LCALL   ??HalLedSet?relay
    153               }
    154                break;
    155            }
    156             HalUARTWrite(HAL_UART_PORT_0,&data,1);
   \                     ??GenericApp_MessageMSGCB_1:
   \   000070                ; Setup parameters for call to function HalUARTWrite
   \   000070   7C01         MOV     R4,#0x1
   \   000072   7D00         MOV     R5,#0x0
   \   000074   85..82       MOV     DPL,?XSP + 0
   \   000077   85..83       MOV     DPH,?XSP + 1
   \   00007A   AA82         MOV     R2,DPL
   \   00007C   AB83         MOV     R3,DPH
   \   00007E   7900         MOV     R1,#0x0
   \   000080   12....       LCALL   ??HalUARTWrite?relay
    157          }
   \   000083   7401         MOV     A,#0x1
   \   000085   12....       LCALL   ?DEALLOC_XSTACK8
   \   000088   D083         POP     DPH
   \   00008A   D082         POP     DPL
   \   00008C   02....       LJMP    ?BRET

   \                                 In  segment BANK_RELAYS, align 1
   \                     ??GenericApp_Init?relay:
   \   000000   12....       LCALL   ?BDISPATCH
   \   000003   ......       DC24    GenericApp_Init

   \                                 In  segment BANK_RELAYS, align 1
   \                     ??GenericApp_ProcessEvent?relay:
   \   000000   12....       LCALL   ?BDISPATCH
   \   000003   ......       DC24    GenericApp_ProcessEvent

   \                                 In  segment BANK_RELAYS, align 1
   \                     ??GenericApp_MessageMSGCB?relay:
   \   000000   12....       LCALL   ?BDISPATCH
   \   000003   ......       DC24    GenericApp_MessageMSGCB
    158          

   Maximum stack usage in bytes:

     Function                     ISTACK PSTACK XSTACK
     --------                     ------ ------ ------
     GenericApp_Init                  0      0      9
       -> AT_AF_init                  0      0     18
       -> AT_UART_init                0      0     18
     GenericApp_MessageMSGCB          3      0     13
       -> HalLedSet                   4      0      2
       -> HalLedSet                   4      0      2
       -> HalLedSet                   4      0      2
       -> HalLedSet                   4      0      2
       -> HalLedSet                   4      0      2
       -> HalLedSet                   4      0      2
       -> HalUARTWrite                4      0      2
     GenericApp_ProcessEvent          0      0     12
       -> osal_msg_receive            0      0     24
       -> GenericApp_MessageMSGCB     0      0     24
       -> osal_msg_deallocate         0      0     24
       -> osal_msg_receive            0      0     24


   Segment part sizes:

     Function/Label                  Bytes
     --------------                  -----
     GenericApp_NwkState                1
     GenericApp_TaskID                  1
     GenericApp_Init                   27
     GenericApp_ProcessEvent           77
     GenericApp_MessageMSGCB          143
     ??GenericApp_Init?relay            6
     ??GenericApp_ProcessEvent?relay    6
     ??GenericApp_MessageMSGCB?relay    6

 
 247 bytes in segment BANKED_CODE
  18 bytes in segment BANK_RELAYS
   2 bytes in segment XDATA_Z
 
 265 bytes of CODE  memory
   2 bytes of XDATA memory

Errors: none
Warnings: none
