###############################################################################
#                                                                             #
# IAR C/C++ Compiler V8.10.3.10338/W32 for 8051         08/Nov/2016  09:41:09 #
# Copyright 2004-2011 IAR Systems AB.                                         #
#                                                                             #
#    Core               =  plain                                              #
#    Code model         =  banked                                             #
#    Data model         =  large                                              #
#    Calling convention =  xdata reentrant                                    #
#    Constant location  =  data_rom                                           #
#    Dptr setup         =  1,16                                               #
#    Source file        =  E:\gitshell\ZigBee\ZBStudy\Projects\zstack\HomeAut #
#                          omation\SampleSwitch\Source\zcl_samplesw.c         #
#    Command line       =  -f E:\gitshell\ZigBee\ZBStudy\Projects\zstack\Home #
#                          Automation\SampleSwitch\CC2530DB\..\..\..\Tools\CC #
#                          2530DB\f8wCoord.cfg (-DCPU32MHZ                    #
#                          -DROOT=__near_func -DMAC_CFG_APP_PENDING_QUEUE=TRU #
#                          E -DMAC_CFG_TX_DATA_MAX=5 -DMAC_CFG_TX_MAX=8       #
#                          -DMAC_CFG_RX_MAX=5 -DZDO_COORDINATOR -DRTR_NWK)    #
#                          -f E:\gitshell\ZigBee\ZBStudy\Projects\zstack\Home #
#                          Automation\SampleSwitch\CC2530DB\..\..\..\Tools\CC #
#                          2530DB\f8wConfig.cfg (-DZIGBEEPRO -DSECURE=0       #
#                          -DZG_SECURE_DYNAMIC=0 -DREFLECTOR                  #
#                          -DDEFAULT_CHANLIST=0x00000800                      #
#                          -DZDAPP_CONFIG_PAN_ID=0xFFF2                       #
#                          -DNWK_START_DELAY=100 -DEXTENDED_JOINING_RANDOM_MA #
#                          SK=0x007F -DBEACON_REQUEST_DELAY=100               #
#                          -DBEACON_REQ_DELAY_MASK=0x00FF                     #
#                          -DLINK_STATUS_JITTER_MASK=0x007F                   #
#                          -DROUTE_EXPIRY_TIME=30 -DAPSC_ACK_WAIT_DURATION_PO #
#                          LLED=3000 -DNWK_INDIRECT_MSG_TIMEOUT=7             #
#                          -DMAX_RREQ_ENTRIES=8 -DAPSC_MAX_FRAME_RETRIES=3    #
#                          -DNWK_MAX_DATA_RETRIES=2                           #
#                          -DMAX_POLL_FAILURE_RETRIES=2 -DMAX_BCAST=9         #
#                          -DAPS_MAX_GROUPS=16 -DMAX_RTG_ENTRIES=40           #
#                          -DNWK_MAX_BINDING_ENTRIES=4                        #
#                          -DMAX_BINDING_CLUSTER_IDS=4 "-DDEFAULT_KEY={0x01,  #
#                          0x03, 0x05, 0x07, 0x09, 0x0B, 0x0D, 0x0F, 0x00,    #
#                          0x02, 0x04, 0x06, 0x08, 0x0A, 0x0C, 0x0D}"         #
#                          -DMAC_MAX_FRAME_SIZE=116                           #
#                          -DZDNWKMGR_MIN_TRANSMISSIONS=20 "-DCONST=const     #
#                          __code" -DGENERIC=__generic                        #
#                          -DRFD_RCVC_ALWAYS_ON=FALSE -DPOLL_RATE=1000        #
#                          -DQUEUED_POLL_RATE=100 -DRESPONSE_POLL_RATE=100    #
#                          -DREJOIN_POLL_RATE=440) -f                         #
#                          E:\gitshell\ZigBee\ZBStudy\Projects\zstack\HomeAut #
#                          omation\SampleSwitch\CC2530DB\..\..\..\Tools\CC253 #
#                          0DB\f8wZCL.cfg (-DZCL_READ -DZCL_WRITE             #
#                          -DZCL_BASIC -DZCL_IDENTIFY -DZCL_ON_OFF            #
#                          -DZCL_KEY_ESTABLISH -DZCL_KEY_ESTABLISHMENT_KEY_GE #
#                          NERATE_TIMEOUT=4 -DZCL_KEY_ESTABLISHMENT_MAC_GENER #
#                          ATE_TIMEOUT=10 -DZCL_KEY_ESTABLISHMENT_EKEY_GENERA #
#                          TE_TIMEOUT=10 -DZCL_LOAD_CONTROL                   #
#                          -DZCL_SIMPLE_METERING -DZCL_PRICING -DZCL_MESSAGE  #
#                          -DZCL_TUNNELING -DZCL_TOU) -DZCL_DEVICE_MGMT       #
#                          E:\gitshell\ZigBee\ZBStudy\Projects\zstack\HomeAut #
#                          omation\SampleSwitch\Source\zcl_samplesw.c -D      #
#                          ZTOOL_P1 -D MT_TASK -D MT_APP_FUNC -D MT_SYS_FUNC  #
#                          -D MT_ZDO_FUNC -D LCD_SUPPORTED=DEBUG -lC          #
#                          E:\gitshell\ZigBee\ZBStudy\Projects\zstack\HomeAut #
#                          omation\SampleSwitch\CC2530DB\CoordinatorEB\List\  #
#                          -lA E:\gitshell\ZigBee\ZBStudy\Projects\zstack\Hom #
#                          eAutomation\SampleSwitch\CC2530DB\CoordinatorEB\Li #
#                          st\ --diag_suppress Pe001,Pa010 -o                 #
#                          E:\gitshell\ZigBee\ZBStudy\Projects\zstack\HomeAut #
#                          omation\SampleSwitch\CC2530DB\CoordinatorEB\Obj\   #
#                          -e --no_code_motion --debug --core=plain           #
#                          --dptr=16,1 --data_model=large                     #
#                          --code_model=banked --calling_convention=xdata_ree #
#                          ntrant --place_constants=data_rom                  #
#                          --nr_virtual_regs 16 -I E:\gitshell\ZigBee\ZBStudy #
#                          \Projects\zstack\HomeAutomation\SampleSwitch\CC253 #
#                          0DB\ -I E:\gitshell\ZigBee\ZBStudy\Projects\zstack #
#                          \HomeAutomation\SampleSwitch\CC2530DB\..\Source\   #
#                          -I E:\gitshell\ZigBee\ZBStudy\Projects\zstack\Home #
#                          Automation\SampleSwitch\CC2530DB\..\..\Source\ -I  #
#                          E:\gitshell\ZigBee\ZBStudy\Projects\zstack\HomeAut #
#                          omation\SampleSwitch\CC2530DB\..\..\..\ZMain\TI253 #
#                          0DB\ -I E:\gitshell\ZigBee\ZBStudy\Projects\zstack #
#                          \HomeAutomation\SampleSwitch\CC2530DB\..\..\..\..\ #
#                          ..\Components\hal\include\ -I                      #
#                          E:\gitshell\ZigBee\ZBStudy\Projects\zstack\HomeAut #
#                          omation\SampleSwitch\CC2530DB\..\..\..\..\..\Compo #
#                          nents\hal\target\CC2530EB\ -I                      #
#                          E:\gitshell\ZigBee\ZBStudy\Projects\zstack\HomeAut #
#                          omation\SampleSwitch\CC2530DB\..\..\..\..\..\Compo #
#                          nents\mac\include\ -I E:\gitshell\ZigBee\ZBStudy\P #
#                          rojects\zstack\HomeAutomation\SampleSwitch\CC2530D #
#                          B\..\..\..\..\..\Components\mac\high_level\ -I     #
#                          E:\gitshell\ZigBee\ZBStudy\Projects\zstack\HomeAut #
#                          omation\SampleSwitch\CC2530DB\..\..\..\..\..\Compo #
#                          nents\mac\low_level\srf04\ -I                      #
#                          E:\gitshell\ZigBee\ZBStudy\Projects\zstack\HomeAut #
#                          omation\SampleSwitch\CC2530DB\..\..\..\..\..\Compo #
#                          nents\mac\low_level\srf04\single_chip\ -I          #
#                          E:\gitshell\ZigBee\ZBStudy\Projects\zstack\HomeAut #
#                          omation\SampleSwitch\CC2530DB\..\..\..\..\..\Compo #
#                          nents\mt\ -I E:\gitshell\ZigBee\ZBStudy\Projects\z #
#                          stack\HomeAutomation\SampleSwitch\CC2530DB\..\..\. #
#                          .\..\..\Components\osal\include\ -I                #
#                          E:\gitshell\ZigBee\ZBStudy\Projects\zstack\HomeAut #
#                          omation\SampleSwitch\CC2530DB\..\..\..\..\..\Compo #
#                          nents\services\saddr\ -I                           #
#                          E:\gitshell\ZigBee\ZBStudy\Projects\zstack\HomeAut #
#                          omation\SampleSwitch\CC2530DB\..\..\..\..\..\Compo #
#                          nents\services\sdata\ -I                           #
#                          E:\gitshell\ZigBee\ZBStudy\Projects\zstack\HomeAut #
#                          omation\SampleSwitch\CC2530DB\..\..\..\..\..\Compo #
#                          nents\stack\af\ -I E:\gitshell\ZigBee\ZBStudy\Proj #
#                          ects\zstack\HomeAutomation\SampleSwitch\CC2530DB\. #
#                          .\..\..\..\..\Components\stack\nwk\ -I             #
#                          E:\gitshell\ZigBee\ZBStudy\Projects\zstack\HomeAut #
#                          omation\SampleSwitch\CC2530DB\..\..\..\..\..\Compo #
#                          nents\stack\sapi\ -I E:\gitshell\ZigBee\ZBStudy\Pr #
#                          ojects\zstack\HomeAutomation\SampleSwitch\CC2530DB #
#                          \..\..\..\..\..\Components\stack\sec\ -I           #
#                          E:\gitshell\ZigBee\ZBStudy\Projects\zstack\HomeAut #
#                          omation\SampleSwitch\CC2530DB\..\..\..\..\..\Compo #
#                          nents\stack\sys\ -I E:\gitshell\ZigBee\ZBStudy\Pro #
#                          jects\zstack\HomeAutomation\SampleSwitch\CC2530DB\ #
#                          ..\..\..\..\..\Components\stack\zcl\ -I            #
#                          E:\gitshell\ZigBee\ZBStudy\Projects\zstack\HomeAut #
#                          omation\SampleSwitch\CC2530DB\..\..\..\..\..\Compo #
#                          nents\stack\zdo\ -I E:\gitshell\ZigBee\ZBStudy\Pro #
#                          jects\zstack\HomeAutomation\SampleSwitch\CC2530DB\ #
#                          ..\..\..\..\..\Components\zmac\ -I                 #
#                          E:\gitshell\ZigBee\ZBStudy\Projects\zstack\HomeAut #
#                          omation\SampleSwitch\CC2530DB\..\..\..\..\..\Compo #
#                          nents\zmac\f8w\ -Ohz --require_prototypes          #
#    List file          =  E:\gitshell\ZigBee\ZBStudy\Projects\zstack\HomeAut #
#                          omation\SampleSwitch\CC2530DB\CoordinatorEB\List\z #
#                          cl_samplesw.lst                                    #
#    Object file        =  E:\gitshell\ZigBee\ZBStudy\Projects\zstack\HomeAut #
#                          omation\SampleSwitch\CC2530DB\CoordinatorEB\Obj\zc #
#                          l_samplesw.r51                                     #
#                                                                             #
#                                                                             #
###############################################################################

E:\gitshell\ZigBee\ZBStudy\Projects\zstack\HomeAutomation\SampleSwitch\Source\zcl_samplesw.c
      1          /**************************************************************************************************
      2            Filename:       zcl_samplesw.c
      3            Revised:        $Date: 2009-03-18 15:56:27 -0700 (Wed, 18 Mar 2009) $
      4            Revision:       $Revision: 19453 $
      5          
      6            Description:    Zigbee Cluster Library - sample device application.
      7          
      8          
      9            Copyright 2006-2009 Texas Instruments Incorporated. All rights reserved.
     10          
     11            IMPORTANT: Your use of this Software is limited to those specific rights
     12            granted under the terms of a software license agreement between the user
     13            who downloaded the software, his/her employer (which must be your employer)
     14            and Texas Instruments Incorporated (the "License").  You may not use this
     15            Software unless you agree to abide by the terms of the License. The License
     16            limits your use, and you acknowledge, that the Software may not be modified,
     17            copied or distributed unless embedded on a Texas Instruments microcontroller
     18            or used solely and exclusively in conjunction with a Texas Instruments radio
     19            frequency transceiver, which is integrated into your product.  Other than for
     20            the foregoing purpose, you may not use, reproduce, copy, prepare derivative
     21            works of, modify, distribute, perform, display or sell this Software and/or
     22            its documentation for any purpose.
     23          
     24            YOU FURTHER ACKNOWLEDGE AND AGREE THAT THE SOFTWARE AND DOCUMENTATION ARE
     25            PROVIDED “AS IS?WITHOUT WARRANTY OF ANY KIND, EITHER EXPRESS OR IMPLIED,
     26            INCLUDING WITHOUT LIMITATION, ANY WARRANTY OF MERCHANTABILITY, TITLE,
     27            NON-INFRINGEMENT AND FITNESS FOR A PARTICULAR PURPOSE. IN NO EVENT SHALL
     28            TEXAS INSTRUMENTS OR ITS LICENSORS BE LIABLE OR OBLIGATED UNDER CONTRACT,
     29            NEGLIGENCE, STRICT LIABILITY, CONTRIBUTION, BREACH OF WARRANTY, OR OTHER
     30            LEGAL EQUITABLE THEORY ANY DIRECT OR INDIRECT DAMAGES OR EXPENSES
     31            INCLUDING BUT NOT LIMITED TO ANY INCIDENTAL, SPECIAL, INDIRECT, PUNITIVE
     32            OR CONSEQUENTIAL DAMAGES, LOST PROFITS OR LOST DATA, COST OF PROCUREMENT
     33            OF SUBSTITUTE GOODS, TECHNOLOGY, SERVICES, OR ANY CLAIMS BY THIRD PARTIES
     34            (INCLUDING BUT NOT LIMITED TO ANY DEFENSE THEREOF), OR OTHER SIMILAR COSTS.
     35          
     36            Should you have any questions regarding your right to use this Software,
     37            contact Texas Instruments Incorporated at www.TI.com.
     38          **************************************************************************************************/
     39          
     40          /*********************************************************************
     41            This device will be like an On/Off Switch device. This application
     42            is not intended to be a On/Off Switch device, but will use the device
     43            description to implement this sample code.
     44          *********************************************************************/
     45          
     46          /*********************************************************************
     47           * INCLUDES
     48           */
     49          #include "ZComDef.h"
     50          #include "OSAL.h"
     51          #include "AF.h"
     52          #include "ZDApp.h"
     53          #include "ZDObject.h"
     54          #include "ZDProfile.h"
     55          
     56          #include "zcl.h"
     57          #include "zcl_general.h"
     58          #include "zcl_ha.h"
     59          #include "zcl_samplesw.h"
     60          
     61          #include "onboard.h"
     62          
     63          /* HAL */
     64          #include "hal_lcd.h"
     65          #include "hal_led.h"
     66          #include "hal_key.h"
     67          
     68          
     69          /*********************************************************************
     70           * MACROS
     71           */
     72          
     73          /*********************************************************************
     74           * CONSTANTS
     75           */
     76          /*********************************************************************
     77           * TYPEDEFS
     78           */
     79          
     80          /*********************************************************************
     81           * GLOBAL VARIABLES
     82           */

   \                                 In  segment XDATA_Z, align 1, keep-with-next
     83          byte zclSampleSw_TaskID;
   \                     zclSampleSw_TaskID:
   \   000000                DS 1
   \   000001                REQUIRE __INIT_XDATA_Z
     84          
     85          /*********************************************************************
     86           * GLOBAL FUNCTIONS
     87           */
     88          
     89          /*********************************************************************
     90           * LOCAL VARIABLES
     91           */

   \                                 In  segment XDATA_Z, align 1, keep-with-next
     92          static afAddrType_t zclSampleSw_DstAddr;
   \                     zclSampleSw_DstAddr:
   \   000000                DS 12
   \   00000C                REQUIRE __INIT_XDATA_Z

   \                                 In  segment XDATA_Z, align 1, keep-with-next
     93          static uint8 flag=0;
   \                     flag:
   \   000000                DS 1
   \   000001                REQUIRE __INIT_XDATA_Z
     94          // Test Endpoint to allow SYS_APP_MSGs

   \                                 In  segment XDATA_I, align 1, keep-with-next
     95          static endPointDesc_t sampleSw_TestEp =
   \                     sampleSw_TestEp:
   \   000000                DS 6
   \   000006                REQUIRE `?<Initializer for sampleSw_TestEp>`
   \   000006                REQUIRE __INIT_XDATA_I
     96          {
     97            SAMPLESW_ENDPOINT,                                 // Test endpoint
     98            &zclSampleSw_TaskID,
     99            (SimpleDescriptionFormat_t *)&zclSampleSw_SimpleDesc,  // No Simple description for this test endpoint
    100            (afNetworkLatencyReq_t)0            // No Network Latency req
    101          };
    102          
    103          
    104          /*********************************************************************
    105           * LOCAL FUNCTIONS
    106           */
    107          static void zclSampleSw_ProcessZDOMsgs( zdoIncomingMsg_t *inMsg );
    108          static void zclSampleSw_HandleKeys( byte shift, byte keys );
    109          static void zclSampleSw_BasicResetCB( void );
    110          static void zclSampleSw_IdentifyCB( zclIdentify_t *pCmd );
    111          static void zclSampleSw_IdentifyQueryRspCB(  zclIdentifyQueryRsp_t *pRsp );
    112          static void zclSampleSw_ProcessIdentifyTimeChange( void );
    113          
    114          // Functions to process ZCL Foundation incoming Command/Response messages
    115          static void zclSampleSw_ProcessIncomingMsg( zclIncomingMsg_t *msg );
    116          #ifdef ZCL_READ
    117          static uint8 zclSampleSw_ProcessInReadRspCmd( zclIncomingMsg_t *pInMsg );
    118          #endif
    119          #ifdef ZCL_WRITE
    120          static uint8 zclSampleSw_ProcessInWriteRspCmd( zclIncomingMsg_t *pInMsg );
    121          #endif
    122          static uint8 zclSampleSw_ProcessInDefaultRspCmd( zclIncomingMsg_t *pInMsg );
    123          #ifdef ZCL_DISCOVER
    124          static uint8 zclSampleSw_ProcessInDiscRspCmd( zclIncomingMsg_t *pInMsg );
    125          #endif
    126          
    127          /*********************************************************************
    128           * ZCL General Profile Callback table
    129           */

   \                                 In  segment XDATA_I, align 1, keep-with-next
    130          static zclGeneral_AppCallbacks_t zclSampleSw_CmdCallbacks =
   \                     zclSampleSw_CmdCallbacks:
   \   000000                DS 30
   \   00001E                REQUIRE `?<Initializer for zclSampleSw_CmdCallbacks>`
   \   00001E                REQUIRE __INIT_XDATA_I
    131          {
    132            zclSampleSw_BasicResetCB,     // Basic Cluster Reset command
    133            zclSampleSw_IdentifyCB,       // Identify command
    134            zclSampleSw_IdentifyQueryRspCB, // Identify Query Response command
    135            NULL,                         // On / Off cluster command - not needed.
    136            NULL,                         // Level Control Move to Level command
    137            NULL,                         // Level Control Move command
    138            NULL,                         // Level Control Step command
    139            NULL,                         // Group Response commands
    140            NULL,                         // Scene Store Request command
    141            NULL,                         // Scene Recall Request command
    142            NULL,                         // Scene Response commands
    143            NULL,                         // Alarm (Response) commands
    144            NULL,                         // RSSI Location commands
    145            NULL,                         // RSSI Location Response commands
    146          };
    147          
    148          
    149          /*********************************************************************
    150           * @fn          zclSampleSw_Init
    151           *
    152           * @brief       Initialization function for the zclGeneral layer.
    153           *
    154           * @param       none
    155           *
    156           * @return      none
    157           */

   \                                 In  segment BANKED_CODE, align 1, keep-with-next
    158          void zclSampleSw_Init( byte task_id )
   \                     zclSampleSw_Init:
    159          {
   \   000000   74F7         MOV     A,#-0x9
   \   000002   12....       LCALL   ?BANKED_ENTER_XDATA
   \   000005                ; Saved register size: 9
   \   000005                ; Auto size: 0
   \   000005   E9           MOV     A,R1
    160            zclSampleSw_TaskID = task_id;
   \   000006   90....       MOV     DPTR,#zclSampleSw_TaskID
   \   000009   F0           MOVX    @DPTR,A
    161          
    162            // This app is part of the Home Automation Profile
    163            zclHA_Init( &zclSampleSw_SimpleDesc );
   \   00000A                ; Setup parameters for call to function zclHA_Init
   \   00000A   7A..         MOV     R2,#zclSampleSw_SimpleDesc & 0xff
   \   00000C   7B..         MOV     R3,#(zclSampleSw_SimpleDesc >> 8) & 0xff
   \   00000E   12....       LCALL   ??zclHA_Init?relay
    164          
    165            // Register the ZCL General Cluster Library callback functions
    166            zclGeneral_RegisterCmdCallbacks( SAMPLESW_ENDPOINT, &zclSampleSw_CmdCallbacks );
   \   000011                ; Setup parameters for call to function zclGeneral_RegisterCmdCallbacks
   \   000011   7A..         MOV     R2,#zclSampleSw_CmdCallbacks & 0xff
   \   000013   7B..         MOV     R3,#(zclSampleSw_CmdCallbacks >> 8) & 0xff
   \   000015   790C         MOV     R1,#0xc
   \   000017   12....       LCALL   ??zclGeneral_RegisterCmdCallbacks?relay
    167          
    168            // Register the application's attribute list
    169            zcl_registerAttrList( SAMPLESW_ENDPOINT, SAMPLESW_MAX_ATTRIBUTES, zclSampleSw_Attrs );
   \   00001A                ; Setup parameters for call to function zcl_registerAttrList
   \   00001A   7C..         MOV     R4,#zclSampleSw_Attrs & 0xff
   \   00001C   7D..         MOV     R5,#(zclSampleSw_Attrs >> 8) & 0xff
   \   00001E   7A0B         MOV     R2,#0xb
   \   000020   790C         MOV     R1,#0xc
   \   000022   12....       LCALL   ??zcl_registerAttrList?relay
    170          
    171            // Register the Application to receive the unprocessed Foundation command/response messages
    172            zcl_registerForMsg( zclSampleSw_TaskID );
   \   000025                ; Setup parameters for call to function zcl_registerForMsg
   \   000025   90....       MOV     DPTR,#zclSampleSw_TaskID
   \   000028   E0           MOVX    A,@DPTR
   \   000029   F9           MOV     R1,A
   \   00002A   12....       LCALL   ??zcl_registerForMsg?relay
    173          
    174            // Register for all key events - This app will handle all key events
    175            RegisterForKeys( zclSampleSw_TaskID );
   \   00002D                ; Setup parameters for call to function RegisterForKeys
   \   00002D   90....       MOV     DPTR,#zclSampleSw_TaskID
   \   000030   E0           MOVX    A,@DPTR
   \   000031   F9           MOV     R1,A
   \   000032   12....       LCALL   ??RegisterForKeys?relay
    176          
    177            // Register for a test endpoint
    178            afRegister( &sampleSw_TestEp );
   \   000035                ; Setup parameters for call to function afRegister
   \   000035   7A..         MOV     R2,#sampleSw_TestEp & 0xff
   \   000037   7B..         MOV     R3,#(sampleSw_TestEp >> 8) & 0xff
   \   000039   12....       LCALL   ??afRegister?relay
    179          
    180            ZDO_RegisterForZDOMsg( zclSampleSw_TaskID, End_Device_Bind_rsp );
   \   00003C                ; Setup parameters for call to function ZDO_RegisterForZDOMsg
   \   00003C   7A20         MOV     R2,#0x20
   \   00003E   7B80         MOV     R3,#-0x80
   \   000040   90....       MOV     DPTR,#zclSampleSw_TaskID
   \   000043   E0           MOVX    A,@DPTR
   \   000044   F9           MOV     R1,A
   \   000045   12....       LCALL   ??ZDO_RegisterForZDOMsg?relay
    181            //ZDO_RegisterForZDOMsg( zclSampleSw_TaskID, Match_Desc_rsp );
    182          }
   \   000048   7F01         MOV     R7,#0x1
   \   00004A   02....       LJMP    ?BANKED_LEAVE_XDATA
    183          
    184          /*********************************************************************
    185           * @fn          zclSample_event_loop
    186           *
    187           * @brief       Event Loop Processor for zclGeneral.
    188           *
    189           * @param       none
    190           *
    191           * @return      none
    192           */

   \                                 In  segment BANKED_CODE, align 1, keep-with-next
    193          uint16 zclSampleSw_event_loop( uint8 task_id, uint16 events )
   \                     zclSampleSw_event_loop:
    194          {
   \   000000   74F4         MOV     A,#-0xc
   \   000002   12....       LCALL   ?BANKED_ENTER_XDATA
   \   000005                ; Saved register size: 12
   \   000005                ; Auto size: 9
   \   000005   74F7         MOV     A,#-0x9
   \   000007   12....       LCALL   ?ALLOC_XSTACK8
   \   00000A   EA           MOV     A,R2
   \   00000B   FE           MOV     R6,A
   \   00000C   EB           MOV     A,R3
   \   00000D   FF           MOV     R7,A
    195            afIncomingMSGPacket_t *MSGpkt;
    196            (void)task_id;  // Intentionally unreferenced parameter
    197          
    198            if ( events & SYS_EVENT_MSG )
   \   00000E   5480         ANL     A,#0x80
   \   000010   6003         JZ      $+5
   \   000012   02....       LJMP    ??zclSampleSw_event_loop_0 & 0xFFFF
    199            {
    200              while ( (MSGpkt = (afIncomingMSGPacket_t *)osal_msg_receive( zclSampleSw_TaskID )) )
    201              {
    202                switch ( MSGpkt->hdr.event )
    203                {
    204                  case ZCL_INCOMING_MSG:
    205                    // Incoming ZCL Foundation command/response messages
    206                    zclSampleSw_ProcessIncomingMsg( (zclIncomingMsg_t *)MSGpkt );
    207                    break;
    208          
    209                  case ZDO_CB_MSG:
    210                    zclSampleSw_ProcessZDOMsgs( (zdoIncomingMsg_t *)MSGpkt );
    211                    break;
    212          
    213                  case KEY_CHANGE:
    214                    zclSampleSw_HandleKeys( ((keyChange_t *)MSGpkt)->state, ((keyChange_t *)MSGpkt)->keys );
    215                    break;
    216          
    217                  default:
    218                    break;
    219                }
    220          
    221                // Release the memory
    222                osal_msg_deallocate( (uint8 *)MSGpkt );
    223              }
    224          
    225              // return unprocessed events
    226              return (events ^ SYS_EVENT_MSG);
    227            }
    228            
    229            if ( events & SAMPLESW_ONOFF_EVT )
   \   000015   EE           MOV     A,R6
   \   000016   A2E0         MOV     C,0xE0 /* A   */.0
   \   000018   4003         JC      $+5
   \   00001A   02....       LJMP    ??zclSampleSw_event_loop_1 & 0xFFFF
    230            {
    231              // Set destination address to indirect
    232            zclSampleSw_DstAddr.addrMode = (afAddrMode_t)AddrNotPresent;
   \   00001D   90....       MOV     DPTR,#zclSampleSw_DstAddr + 8
   \   000020   E4           CLR     A
   \   000021   F0           MOVX    @DPTR,A
    233            zclSampleSw_DstAddr.endPoint = 13;
   \   000022   A3           INC     DPTR
   \   000023   740D         MOV     A,#0xd
   \   000025   F0           MOVX    @DPTR,A
    234            zclSampleSw_DstAddr.addr.shortAddr = 0;
   \   000026   90....       MOV     DPTR,#zclSampleSw_DstAddr
   \   000029   E4           CLR     A
   \   00002A   F0           MOVX    @DPTR,A
   \   00002B   A3           INC     DPTR
   \   00002C   F0           MOVX    @DPTR,A
    235              if(!flag){
   \   00002D   90....       MOV     DPTR,#flag
   \   000030   E0           MOVX    A,@DPTR
   \   000031   6003         JZ      $+5
   \   000033   02....       LJMP    ??zclSampleSw_event_loop_2 & 0xFFFF
    236                zclGeneral_SendOnOff_CmdOn(SAMPLESW_ENDPOINT,&zclSampleSw_DstAddr,0,1);
   \   000036                ; Setup parameters for call to function zcl_SendCommand
   \   000036   E4           CLR     A
   \   000037   F5..         MOV     ?V0 + 0,A
   \   000039   F5..         MOV     ?V0 + 1,A
   \   00003B   78..         MOV     R0,#?V0 + 0
   \   00003D   12....       LCALL   ?PUSH_XSTACK_I_TWO
   \   000040   78..         MOV     R0,#?V0 + 0
   \   000042   12....       LCALL   ?PUSH_XSTACK_I_TWO
   \   000045   75..01       MOV     ?V0 + 0,#0x1
   \   000048   78..         MOV     R0,#?V0 + 0
   \   00004A   12....       LCALL   ?PUSH_XSTACK_I_ONE
   \   00004D   E4           CLR     A
   \   00004E   F5..         MOV     ?V0 + 0,A
   \   000050   78..         MOV     R0,#?V0 + 0
   \   000052   12....       LCALL   ?PUSH_XSTACK_I_TWO
   \   000055   78..         MOV     R0,#?V0 + 0
   \   000057   12....       LCALL   ?PUSH_XSTACK_I_ONE
   \   00005A   78..         MOV     R0,#?V0 + 0
   \   00005C   12....       LCALL   ?PUSH_XSTACK_I_ONE
   \   00005F   75..01       MOV     ?V0 + 0,#0x1
   \   000062   78..         MOV     R0,#?V0 + 0
   \   000064   12....       LCALL   ?PUSH_XSTACK_I_ONE
   \   000067   78..         MOV     R0,#?V0 + 0
   \   000069   12....       LCALL   ?PUSH_XSTACK_I_ONE
   \   00006C   7C06         MOV     R4,#0x6
   \   00006E   7D00         MOV     R5,#0x0
   \   000070   7A..         MOV     R2,#zclSampleSw_DstAddr & 0xff
   \   000072   7B..         MOV     R3,#(zclSampleSw_DstAddr >> 8) & 0xff
   \   000074   790C         MOV     R1,#0xc
   \   000076   12....       LCALL   ??zcl_SendCommand?relay
   \   000079   740B         MOV     A,#0xb
   \   00007B   12....       LCALL   ?DEALLOC_XSTACK8
    237                flag=1;
   \   00007E   90....       MOV     DPTR,#flag
   \   000081   7401         MOV     A,#0x1
   \   000083   F0           MOVX    @DPTR,A
   \   000084   02....       LJMP    ??zclSampleSw_event_loop_3 & 0xFFFF
    238              }
   \                     ??zclSampleSw_event_loop_4:
   \   000087   A3           INC     DPTR
   \   000088   A3           INC     DPTR
   \   000089   A3           INC     DPTR
   \   00008A   E0           MOVX    A,@DPTR
   \   00008B   A2E1         MOV     C,0xE0 /* A   */.1
   \   00008D   5063         JNC     ??zclSampleSw_event_loop_5
   \   00008F   7408         MOV     A,#0x8
   \   000091   12....       LCALL   ?XSTACK_DISP0_8
   \   000094   7402         MOV     A,#0x2
   \   000096   F0           MOVX    @DPTR,A
   \   000097   85..82       MOV     DPL,?XSP + 0
   \   00009A   85..83       MOV     DPH,?XSP + 1
   \   00009D   E4           CLR     A
   \   00009E   F0           MOVX    @DPTR,A
   \   00009F   A3           INC     DPTR
   \   0000A0   F0           MOVX    @DPTR,A
   \   0000A1                ; Setup parameters for call to function NLME_GetShortAddr
   \   0000A1   12....       LCALL   ??NLME_GetShortAddr?relay
   \   0000A4   8A..         MOV     ?V0 + 2,R2
   \   0000A6   8B..         MOV     ?V0 + 3,R3
   \   0000A8   AC..         MOV     R4,?V0 + 2
   \   0000AA   AD..         MOV     R5,?V0 + 3
   \   0000AC                ; Setup parameters for call to function ZDP_EndDeviceBindReq
   \   0000AC   75..01       MOV     ?V0 + 2,#0x1
   \   0000AF   78..         MOV     R0,#?V0 + 2
   \   0000B1   12....       LCALL   ?PUSH_XSTACK_I_ONE
   \   0000B4   90....       MOV     DPTR,#zclSampleSw_SimpleDesc + 10
   \   0000B7   12....       LCALL   ?PUSH_XSTACK8_X_TWO
   \   0000BA   90....       MOV     DPTR,#zclSampleSw_SimpleDesc + 9
   \   0000BD   E0           MOVX    A,@DPTR
   \   0000BE   F5..         MOV     ?V0 + 2,A
   \   0000C0   78..         MOV     R0,#?V0 + 2
   \   0000C2   12....       LCALL   ?PUSH_XSTACK_I_ONE
   \   0000C5   E4           CLR     A
   \   0000C6   F5..         MOV     ?V0 + 2,A
   \   0000C8   F5..         MOV     ?V0 + 3,A
   \   0000CA   78..         MOV     R0,#?V0 + 2
   \   0000CC   12....       LCALL   ?PUSH_XSTACK_I_TWO
   \   0000CF   78..         MOV     R0,#?V0 + 2
   \   0000D1   12....       LCALL   ?PUSH_XSTACK_I_ONE
   \   0000D4   75..04       MOV     ?V0 + 2,#0x4
   \   0000D7   75..01       MOV     ?V0 + 3,#0x1
   \   0000DA   78..         MOV     R0,#?V0 + 2
   \   0000DC   12....       LCALL   ?PUSH_XSTACK_I_TWO
   \   0000DF   790C         MOV     R1,#0xc
   \   0000E1   7409         MOV     A,#0x9
   \   0000E3   12....       LCALL   ?XSTACK_DISP0_8
   \   0000E6   AA82         MOV     R2,DPL
   \   0000E8   AB83         MOV     R3,DPH
   \   0000EA   12....       LCALL   ??ZDP_EndDeviceBindReq?relay
   \   0000ED   7409         MOV     A,#0x9
   \   0000EF   12....       LCALL   ?DEALLOC_XSTACK8
   \                     ??zclSampleSw_event_loop_5:
   \   0000F2                ; Setup parameters for call to function osal_msg_deallocate
   \   0000F2   AA..         MOV     R2,?V0 + 0
   \   0000F4   AB..         MOV     R3,?V0 + 1
   \   0000F6   12....       LCALL   ??osal_msg_deallocate?relay
   \                     ??zclSampleSw_event_loop_0:
   \   0000F9                ; Setup parameters for call to function osal_msg_receive
   \   0000F9   90....       MOV     DPTR,#zclSampleSw_TaskID
   \   0000FC   E0           MOVX    A,@DPTR
   \   0000FD   F9           MOV     R1,A
   \   0000FE   12....       LCALL   ??osal_msg_receive?relay
   \   000101   8A..         MOV     ?V0 + 0,R2
   \   000103   8B..         MOV     ?V0 + 1,R3
   \   000105   EA           MOV     A,R2
   \   000106   45..         ORL     A,?V0 + 1
   \   000108   7003         JNZ     $+5
   \   00010A   02....       LJMP    ??zclSampleSw_event_loop_6 & 0xFFFF
   \   00010D   8A82         MOV     DPL,R2
   \   00010F   8B83         MOV     DPH,R3
   \   000111   E0           MOVX    A,@DPTR
   \   000112   24CC         ADD     A,#-0x34
   \   000114   600D         JZ      ??zclSampleSw_event_loop_7
   \   000116   2474         ADD     A,#0x74
   \   000118   7003         JNZ     $+5
   \   00011A   02....       LJMP    ??zclSampleSw_event_loop_4 & 0xFFFF
   \   00011D   24ED         ADD     A,#-0x13
   \   00011F   6042         JZ      ??zclSampleSw_event_loop_8
   \   000121   80CF         SJMP    ??zclSampleSw_event_loop_5
   \                     ??zclSampleSw_event_loop_7:
   \   000123   A3           INC     DPTR
   \   000124   A3           INC     DPTR
   \   000125   A3           INC     DPTR
   \   000126   A3           INC     DPTR
   \   000127   A3           INC     DPTR
   \   000128   A3           INC     DPTR
   \   000129   A3           INC     DPTR
   \   00012A   E0           MOVX    A,@DPTR
   \   00012B   14           DEC     A
   \   00012C   6011         JZ      ??zclSampleSw_event_loop_9
   \   00012E   24FD         ADD     A,#-0x3
   \   000130   701A         JNZ     ??zclSampleSw_event_loop_10
   \   000132   12....       LCALL   ?Subroutine0 & 0xFFFF
   \                     ??CrossCallReturnLabel_0:
   \   000135   E0           MOVX    A,@DPTR
   \   000136   F8           MOV     R0,A
   \   000137   E9           MOV     A,R1
   \   000138   C3           CLR     C
   \   000139   98           SUBB    A,R0
   \   00013A   5010         JNC     ??zclSampleSw_event_loop_10
   \   00013C   09           INC     R1
   \   00013D   80F6         SJMP    ??CrossCallReturnLabel_0
   \                     ??zclSampleSw_event_loop_9:
   \   00013F   12....       LCALL   ?Subroutine0 & 0xFFFF
   \                     ??CrossCallReturnLabel_1:
   \   000142   8001         SJMP    ??zclSampleSw_event_loop_11
   \                     ??zclSampleSw_event_loop_12:
   \   000144   09           INC     R1
   \                     ??zclSampleSw_event_loop_11:
   \   000145   E0           MOVX    A,@DPTR
   \   000146   F8           MOV     R0,A
   \   000147   E9           MOV     A,R1
   \   000148   C3           CLR     C
   \   000149   98           SUBB    A,R0
   \   00014A   40F8         JC      ??zclSampleSw_event_loop_12
   \                     ??zclSampleSw_event_loop_10:
   \   00014C   12....       LCALL   ?Subroutine1 & 0xFFFF
   \                     ??CrossCallReturnLabel_2:
   \   00014F   F8           MOV     R0,A
   \   000150   A3           INC     DPTR
   \   000151   E0           MOVX    A,@DPTR
   \   000152   F9           MOV     R1,A
   \   000153   E8           MOV     A,R0
   \   000154   49           ORL     A,R1
   \   000155   609B         JZ      ??zclSampleSw_event_loop_5
   \   000157                ; Setup parameters for call to function osal_mem_free
   \   000157   12....       LCALL   ?Subroutine1 & 0xFFFF
   \                     ??CrossCallReturnLabel_3:
   \   00015A   FA           MOV     R2,A
   \   00015B   A3           INC     DPTR
   \   00015C   E0           MOVX    A,@DPTR
   \   00015D   FB           MOV     R3,A
   \   00015E   12....       LCALL   ??osal_mem_free?relay
   \   000161   808F         SJMP    ??zclSampleSw_event_loop_5
   \                     ??zclSampleSw_event_loop_8:
   \   000163   EA           MOV     A,R2
   \   000164   240C         ADD     A,#0xc
   \   000166   F582         MOV     DPL,A
   \   000168   EB           MOV     A,R3
   \   000169   3400         ADDC    A,#0x0
   \   00016B   F583         MOV     DPH,A
   \   00016D   E0           MOVX    A,@DPTR
   \   00016E   6420         XRL     A,#0x20
   \   000170   7004         JNZ     ??zclSampleSw_event_loop_13
   \   000172   A3           INC     DPTR
   \   000173   E0           MOVX    A,@DPTR
   \   000174   6480         XRL     A,#0x80
   \                     ??zclSampleSw_event_loop_13:
   \   000176   6003         JZ      $+5
   \   000178   02....       LJMP    ??zclSampleSw_event_loop_5 & 0xFFFF
   \   00017B   EA           MOV     A,R2
   \   00017C   2413         ADD     A,#0x13
   \   00017E   F582         MOV     DPL,A
   \   000180   EB           MOV     A,R3
   \   000181   3400         ADDC    A,#0x0
   \   000183   F583         MOV     DPH,A
   \   000185   E0           MOVX    A,@DPTR
   \   000186   F8           MOV     R0,A
   \   000187   A3           INC     DPTR
   \   000188   E0           MOVX    A,@DPTR
   \   000189   F583         MOV     DPH,A
   \   00018B   8882         MOV     DPL,R0
   \   00018D   E0           MOVX    A,@DPTR
   \   00018E   6003         JZ      $+5
   \   000190   02....       LJMP    ??zclSampleSw_event_loop_5 & 0xFFFF
   \   000193                ; Setup parameters for call to function osal_start_timerEx
   \   000193   12....       LCALL   ?Subroutine2 & 0xFFFF
   \                     ??CrossCallReturnLabel_8:
   \   000196   02....       LJMP    ??zclSampleSw_event_loop_5 & 0xFFFF
   \                     ??zclSampleSw_event_loop_6:
   \   000199   EE           MOV     A,R6
   \   00019A   FA           MOV     R2,A
   \   00019B   EF           MOV     A,R7
   \   00019C   6480         XRL     A,#0x80
   \                     ??zclSampleSw_event_loop_14:
   \   00019E   FB           MOV     R3,A
   \   00019F   8075         SJMP    ??zclSampleSw_event_loop_15
    239              if(flag==1){
   \                     ??zclSampleSw_event_loop_2:
   \   0001A1   6401         XRL     A,#0x1
   \   0001A3   7050         JNZ     ??zclSampleSw_event_loop_16
    240                zclGeneral_SendOnOff_CmdOff(SAMPLESW_ENDPOINT,&zclSampleSw_DstAddr,0,1);
   \                     ??zclSampleSw_event_loop_3:
   \   0001A5                ; Setup parameters for call to function zcl_SendCommand
   \   0001A5   E4           CLR     A
   \   0001A6   F5..         MOV     ?V0 + 0,A
   \   0001A8   F5..         MOV     ?V0 + 1,A
   \   0001AA   78..         MOV     R0,#?V0 + 0
   \   0001AC   12....       LCALL   ?PUSH_XSTACK_I_TWO
   \   0001AF   78..         MOV     R0,#?V0 + 0
   \   0001B1   12....       LCALL   ?PUSH_XSTACK_I_TWO
   \   0001B4   75..01       MOV     ?V0 + 0,#0x1
   \   0001B7   78..         MOV     R0,#?V0 + 0
   \   0001B9   12....       LCALL   ?PUSH_XSTACK_I_ONE
   \   0001BC   E4           CLR     A
   \   0001BD   F5..         MOV     ?V0 + 0,A
   \   0001BF   78..         MOV     R0,#?V0 + 0
   \   0001C1   12....       LCALL   ?PUSH_XSTACK_I_TWO
   \   0001C4   78..         MOV     R0,#?V0 + 0
   \   0001C6   12....       LCALL   ?PUSH_XSTACK_I_ONE
   \   0001C9   78..         MOV     R0,#?V0 + 0
   \   0001CB   12....       LCALL   ?PUSH_XSTACK_I_ONE
   \   0001CE   75..01       MOV     ?V0 + 0,#0x1
   \   0001D1   78..         MOV     R0,#?V0 + 0
   \   0001D3   12....       LCALL   ?PUSH_XSTACK_I_ONE
   \   0001D6   75..00       MOV     ?V0 + 0,#0x0
   \   0001D9   78..         MOV     R0,#?V0 + 0
   \   0001DB   12....       LCALL   ?PUSH_XSTACK_I_ONE
   \   0001DE   7C06         MOV     R4,#0x6
   \   0001E0   7D00         MOV     R5,#0x0
   \   0001E2   7A..         MOV     R2,#zclSampleSw_DstAddr & 0xff
   \   0001E4   7B..         MOV     R3,#(zclSampleSw_DstAddr >> 8) & 0xff
   \   0001E6   790C         MOV     R1,#0xc
   \   0001E8   12....       LCALL   ??zcl_SendCommand?relay
   \   0001EB   740B         MOV     A,#0xb
   \   0001ED   12....       LCALL   ?DEALLOC_XSTACK8
    241                flag=0;
   \   0001F0   90....       MOV     DPTR,#flag
   \   0001F3   E4           CLR     A
   \   0001F4   F0           MOVX    @DPTR,A
    242              }
    243              osal_start_timerEx(zclSampleSw_TaskID, SAMPLESW_ONOFF_EVT, SAMPLESW_ONOFF_TIMEOUT);
   \                     ??zclSampleSw_event_loop_16:
   \   0001F5                ; Setup parameters for call to function osal_start_timerEx
   \   0001F5   12....       LCALL   ?Subroutine2 & 0xFFFF
    244              return ( events ^ SAMPLESW_ONOFF_EVT );
   \                     ??CrossCallReturnLabel_6:
   \   0001F8   EE           MOV     A,R6
   \   0001F9   6401         XRL     A,#0x1
   \   0001FB   FA           MOV     R2,A
   \   0001FC   EF           MOV     A,R7
   \   0001FD   809F         SJMP    ??zclSampleSw_event_loop_14
    245            }
    246            
    247            if ( events & SAMPLESW_IDENTIFY_TIMEOUT_EVT )
   \                     ??zclSampleSw_event_loop_1:
   \   0001FF   5402         ANL     A,#0x2
   \   000201   600F         JZ      ??zclSampleSw_event_loop_17
    248            {
    249              HalLedSet( HAL_LED_1, HAL_LED_MODE_TOGGLE );
   \   000203                ; Setup parameters for call to function HalLedSet
   \   000203   7A08         MOV     R2,#0x8
   \   000205   7901         MOV     R1,#0x1
   \   000207   12....       LCALL   ??HalLedSet?relay
    250              return ( events ^ SAMPLESW_IDENTIFY_TIMEOUT_EVT );
   \   00020A   EE           MOV     A,R6
   \   00020B   6402         XRL     A,#0x2
   \   00020D   FA           MOV     R2,A
   \   00020E   EF           MOV     A,R7
   \   00020F   FB           MOV     R3,A
   \   000210   8004         SJMP    ??zclSampleSw_event_loop_15
    251            }
    252          
    253            // Discard unknown events
    254            return 0;
   \                     ??zclSampleSw_event_loop_17:
   \   000212   7A00         MOV     R2,#0x0
   \   000214   7B00         MOV     R3,#0x0
   \                     ??zclSampleSw_event_loop_15:
   \   000216   7409         MOV     A,#0x9
   \   000218   12....       LCALL   ?DEALLOC_XSTACK8
   \   00021B   7F04         MOV     R7,#0x4
   \   00021D   02....       LJMP    ?BANKED_LEAVE_XDATA
    255          }

   \                                 In  segment BANKED_CODE, align 1, keep-with-next
   \                     ?Subroutine2:
   \   000000   7CD0         MOV     R4,#-0x30
   \   000002   7D07         MOV     R5,#0x7
   \   000004   7A01         MOV     R2,#0x1
   \   000006                REQUIRE ??Subroutine4_0
   \   000006                ; // Fall through to label ??Subroutine4_0

   \                                 In  segment BANKED_CODE, align 1, keep-with-next
   \                     ??Subroutine4_0:
   \   000000   7B00         MOV     R3,#0x0
   \   000002   90....       MOV     DPTR,#zclSampleSw_TaskID
   \   000005   E0           MOVX    A,@DPTR
   \   000006   F9           MOV     R1,A
   \   000007   12....       LCALL   ??osal_start_timerEx?relay
   \   00000A   22           RET

   \                                 In  segment BANKED_CODE, align 1, keep-with-next
   \                     ?Subroutine1:
   \   000000   12....       LCALL   ?Subroutine3 & 0xFFFF
   \                     ??CrossCallReturnLabel_5:
   \   000003   22           RET

   \                                 In  segment BANKED_CODE, align 1, keep-with-next
   \                     ?Subroutine3:
   \   000000   EA           MOV     A,R2
   \   000001   2417         ADD     A,#0x17
   \   000003   F582         MOV     DPL,A
   \   000005   EB           MOV     A,R3
   \   000006   3400         ADDC    A,#0x0
   \   000008   F583         MOV     DPH,A
   \   00000A   E0           MOVX    A,@DPTR
   \   00000B   22           RET

   \                                 In  segment BANKED_CODE, align 1, keep-with-next
   \                     ?Subroutine0:
   \   000000   12....       LCALL   ?Subroutine3 & 0xFFFF
   \                     ??CrossCallReturnLabel_4:
   \   000003   F8           MOV     R0,A
   \   000004   A3           INC     DPTR
   \   000005   E0           MOVX    A,@DPTR
   \   000006   F9           MOV     R1,A
   \   000007   8882         MOV     DPL,R0
   \   000009   8983         MOV     DPH,R1
   \   00000B   7900         MOV     R1,#0x0
   \   00000D   22           RET
    256          
    257          
    258          /*********************************************************************
    259           * @fn      zclSampleSw_ProcessZDOMsgs()
    260           *
    261           * @brief   Process response messages
    262           *
    263           * @param   none
    264           *
    265           * @return  none
    266           */
    267          void zclSampleSw_ProcessZDOMsgs( zdoIncomingMsg_t *inMsg )
    268          {
    269            switch ( inMsg->clusterID )
    270            {
    271              case End_Device_Bind_rsp:
    272                if ( ZDO_ParseBindRsp( inMsg ) == ZSuccess )
    273                {
    274                  // Light LED
    275                  //HalLedSet( HAL_LED_4, HAL_LED_MODE_ON );
    276                  osal_start_timerEx(zclSampleSw_TaskID, SAMPLESW_ONOFF_EVT, SAMPLESW_ONOFF_TIMEOUT); 
    277                }
    278            }
    279          }
    280          
    281          /*********************************************************************
    282           * @fn      zclSampleSw_HandleKeys
    283           *
    284           * @brief   Handles all key events for this device.
    285           *
    286           * @param   shift - true if in shift/alt.
    287           * @param   keys - bit field for key events. Valid entries:
    288           *                 HAL_KEY_SW_4
    289           *                 HAL_KEY_SW_3
    290           *                 HAL_KEY_SW_2
    291           *                 HAL_KEY_SW_1
    292           *
    293           * @return  none
    294           */
    295          static void zclSampleSw_HandleKeys( byte shift, byte keys )
    296          {
    297            zAddrType_t dstAddr;
    298            (void)shift;  // Intentionally unreferenced parameter
    299          
    300            if ( keys & HAL_KEY_SW_2 )
    301            {
    302              //HalLedSet ( HAL_LED_4, HAL_LED_MODE_OFF );
    303          
    304              // Initiate an End Device Bind Request, this bind request will
    305              // only use a cluster list that is important to binding.
    306              dstAddr.addrMode = afAddr16Bit;
    307              dstAddr.addr.shortAddr = 0;   // Coordinator makes the match
    308              ZDP_EndDeviceBindReq( &dstAddr, NLME_GetShortAddr(),
    309                                     SAMPLESW_ENDPOINT,
    310                                     ZCL_HA_PROFILE_ID,
    311                                     0, NULL,   // No incoming clusters to bind
    312                                     zclSampleSw_SimpleDesc.AppNumOutClusters, 
    313                                     zclSampleSw_SimpleDesc.pAppOutClusterList,
    314                                     TRUE );
    315            }
    316          }
    317          
    318          /*********************************************************************
    319           * @fn      zclSampleSw_ProcessIdentifyTimeChange
    320           *
    321           * @brief   Called to process any change to the IdentifyTime attribute.
    322           *
    323           * @param   none
    324           *
    325           * @return  none
    326           */
    327          static void zclSampleSw_ProcessIdentifyTimeChange( void )
    328          {
    329            if ( zclSampleSw_IdentifyTime > 0 )
    330            {
    331             // osal_start_timerEx( zclSampleSw_TaskID, SAMPLESW_IDENTIFY_TIMEOUT_EVT, 1000 );
    332              //HalLedBlink ( HAL_LED_4, 0xFF, HAL_LED_DEFAULT_DUTY_CYCLE, HAL_LED_DEFAULT_FLASH_TIME );
    333              zclSampleSw_IdentifyTime--;
    334            }
    335            else
    336            {
    337              //if ( zclSampleSw_OnOff )
    338               // HalLedSet ( HAL_LED_4, HAL_LED_MODE_ON );
    339             // else
    340               // HalLedSet ( HAL_LED_4, HAL_LED_MODE_OFF );
    341              osal_start_timerEx( zclSampleSw_TaskID, SAMPLESW_IDENTIFY_TIMEOUT_EVT ,SAMPLESW_IDENTIFY_TIMEOUT);
    342              zclSampleSw_IdentifyTime=2000; 
    343            }
    344          }
    345          
    346          /*********************************************************************
    347           * @fn      zclSampleSw_BasicResetCB
    348           *
    349           * @brief   Callback from the ZCL General Cluster Library
    350           *          to set all the Basic Cluster attributes to  default values.
    351           *
    352           * @param   none
    353           *
    354           * @return  none
    355           */

   \                                 In  segment BANKED_CODE, align 1, keep-with-next
    356          static void zclSampleSw_BasicResetCB( void )
   \                     zclSampleSw_BasicResetCB:
    357          {
   \   000000                ; Saved register size: 0
   \   000000                ; Auto size: 0
    358          }
   \   000000   02....       LJMP    ?BRET
    359          
    360          /*********************************************************************
    361           * @fn      zclSampleSw_IdentifyCB
    362           *
    363           * @brief   Callback from the ZCL General Cluster Library when
    364           *          it received an Identity Command for this application.
    365           *
    366           * @param   srcAddr - source address and endpoint of the response message
    367           * @param   identifyTime - the number of seconds to identify yourself
    368           *
    369           * @return  none
    370           */

   \                                 In  segment BANKED_CODE, align 1, keep-with-next
    371          static void zclSampleSw_IdentifyCB( zclIdentify_t *pCmd )
   \                     zclSampleSw_IdentifyCB:
    372          {
   \   000000   C082         PUSH    DPL
   \   000002   C083         PUSH    DPH
   \   000004                ; Saved register size: 2
   \   000004                ; Auto size: 0
    373            zclSampleSw_IdentifyTime = pCmd->identifyTime;
   \   000004   8A82         MOV     DPL,R2
   \   000006   8B83         MOV     DPH,R3
   \   000008   A3           INC     DPTR
   \   000009   A3           INC     DPTR
   \   00000A   E0           MOVX    A,@DPTR
   \   00000B   F8           MOV     R0,A
   \   00000C   A3           INC     DPTR
   \   00000D   E0           MOVX    A,@DPTR
   \   00000E   F9           MOV     R1,A
   \   00000F   90....       MOV     DPTR,#zclSampleSw_IdentifyTime
   \   000012   E8           MOV     A,R0
   \   000013   F0           MOVX    @DPTR,A
   \   000014   A3           INC     DPTR
   \   000015   E9           MOV     A,R1
   \   000016   F0           MOVX    @DPTR,A
    374            zclSampleSw_ProcessIdentifyTimeChange();
   \   000017   E8           MOV     A,R0
   \   000018   49           ORL     A,R1
   \   000019   600D         JZ      ??zclSampleSw_IdentifyCB_0
   \   00001B   90....       MOV     DPTR,#zclSampleSw_IdentifyTime
   \   00001E   E0           MOVX    A,@DPTR
   \   00001F   24FF         ADD     A,#-0x1
   \   000021   F0           MOVX    @DPTR,A
   \   000022   A3           INC     DPTR
   \   000023   E0           MOVX    A,@DPTR
   \   000024   34FF         ADDC    A,#-0x1
   \   000026   8012         SJMP    ??zclSampleSw_IdentifyCB_1
   \                     ??zclSampleSw_IdentifyCB_0:
   \   000028                ; Setup parameters for call to function osal_start_timerEx
   \   000028   7CD0         MOV     R4,#-0x30
   \   00002A   7D07         MOV     R5,#0x7
   \   00002C   7A02         MOV     R2,#0x2
   \   00002E   12....       LCALL   ??Subroutine4_0 & 0xFFFF
   \                     ??CrossCallReturnLabel_7:
   \   000031   90....       MOV     DPTR,#zclSampleSw_IdentifyTime
   \   000034   74D0         MOV     A,#-0x30
   \   000036   F0           MOVX    @DPTR,A
   \   000037   A3           INC     DPTR
   \   000038   7407         MOV     A,#0x7
   \                     ??zclSampleSw_IdentifyCB_1:
   \   00003A   F0           MOVX    @DPTR,A
    375          }
   \   00003B   D083         POP     DPH
   \   00003D   D082         POP     DPL
   \   00003F   02....       LJMP    ?BRET
    376          
    377          /*********************************************************************
    378           * @fn      zclSampleSw_IdentifyQueryRspCB
    379           *
    380           * @brief   Callback from the ZCL General Cluster Library when
    381           *          it received an Identity Query Response Command for this application.
    382           *
    383           * @param   srcAddr - source address
    384           * @param   timeout - number of seconds to identify yourself (valid for query response)
    385           *
    386           * @return  none
    387           */

   \                                 In  segment BANKED_CODE, align 1, keep-with-next
    388          static void zclSampleSw_IdentifyQueryRspCB(  zclIdentifyQueryRsp_t *pRsp )
   \                     zclSampleSw_IdentifyQueryRspCB:
    389          {
   \   000000                ; Saved register size: 0
   \   000000                ; Auto size: 0
    390            // Query Response (with timeout value)
    391            (void)pRsp;
    392          }
   \   000000   02....       LJMP    ?BRET

   \                                 In  segment XDATA_ID, align 1, keep-with-next
   \                     `?<Initializer for sampleSw_TestEp>`:
   \   000000   0C           DB 12
   \   000001   ....         DW zclSampleSw_TaskID
   \   000003   ....         DW zclSampleSw_SimpleDesc
   \   000005   00           DB 0

   \                                 In  segment XDATA_ID, align 1, keep-with-next
   \                     `?<Initializer for zclSampleSw_CmdCallbacks>`:
   \   000000   ....         DW ??zclSampleSw_BasicResetCB?relay
   \   000002   ....         DW ??zclSampleSw_IdentifyCB?relay
   \   000004   ....         DW ??zclSampleSw_IdentifyQueryRspCB?relay
   \   000006   0000         DW 0H
   \   000008   0000         DW 0H
   \   00000A   0000         DW 0H
   \   00000C   0000         DW 0H
   \   00000E   0000         DW 0H
   \   000010   0000         DW 0H
   \   000012   0000         DW 0H
   \   000014   0000         DW 0H
   \   000016   0000         DW 0H
   \   000018   0000         DW 0H
   \   00001A   0000         DW 0H
   \   00001C   0000         DB 0, 0

   \                                 In  segment BANK_RELAYS, align 1
   \                     ??zclSampleSw_Init?relay:
   \   000000   12....       LCALL   ?BDISPATCH
   \   000003   ......       DC24    zclSampleSw_Init

   \                                 In  segment BANK_RELAYS, align 1
   \                     ??zclSampleSw_event_loop?relay:
   \   000000   12....       LCALL   ?BDISPATCH
   \   000003   ......       DC24    zclSampleSw_event_loop

   \                                 In  segment BANK_RELAYS, align 1
   \                     ??zclSampleSw_BasicResetCB?relay:
   \   000000   12....       LCALL   ?BDISPATCH
   \   000003   ......       DC24    zclSampleSw_BasicResetCB

   \                                 In  segment BANK_RELAYS, align 1
   \                     ??zclSampleSw_IdentifyCB?relay:
   \   000000   12....       LCALL   ?BDISPATCH
   \   000003   ......       DC24    zclSampleSw_IdentifyCB

   \                                 In  segment BANK_RELAYS, align 1
   \                     ??zclSampleSw_IdentifyQueryRspCB?relay:
   \   000000   12....       LCALL   ?BDISPATCH
   \   000003   ......       DC24    zclSampleSw_IdentifyQueryRspCB
    393          
    394          /******************************************************************************
    395           *
    396           *  Functions for processing ZCL Foundation incoming Command/Response messages
    397           *
    398           *****************************************************************************/
    399          
    400          /*********************************************************************
    401           * @fn      zclSampleSw_ProcessIncomingMsg
    402           *
    403           * @brief   Process ZCL Foundation incoming message
    404           *
    405           * @param   pInMsg - pointer to the received message
    406           *
    407           * @return  none
    408           */
    409          static void zclSampleSw_ProcessIncomingMsg( zclIncomingMsg_t *pInMsg )
    410          {
    411            switch ( pInMsg->zclHdr.commandID )
    412            {
    413          #ifdef ZCL_READ
    414              case ZCL_CMD_READ_RSP:
    415                zclSampleSw_ProcessInReadRspCmd( pInMsg );
    416                break;
    417          #endif
    418          #ifdef ZCL_WRITE
    419              case ZCL_CMD_WRITE_RSP:
    420                zclSampleSw_ProcessInWriteRspCmd( pInMsg );
    421                break;
    422          #endif
    423          #ifdef ZCL_REPORT
    424              // See ZCL Test Applicaiton (zcl_testapp.c) for sample code on Attribute Reporting
    425              case ZCL_CMD_CONFIG_REPORT:
    426                //zclSampleSw_ProcessInConfigReportCmd( pInMsg );
    427                break;
    428          
    429              case ZCL_CMD_CONFIG_REPORT_RSP:
    430                //zclSampleSw_ProcessInConfigReportRspCmd( pInMsg );
    431                break;
    432          
    433              case ZCL_CMD_READ_REPORT_CFG:
    434                //zclSampleSw_ProcessInReadReportCfgCmd( pInMsg );
    435                break;
    436          
    437              case ZCL_CMD_READ_REPORT_CFG_RSP:
    438                //zclSampleSw_ProcessInReadReportCfgRspCmd( pInMsg );
    439                break;
    440          
    441              case ZCL_CMD_REPORT:
    442                //zclSampleSw_ProcessInReportCmd( pInMsg );
    443                break;
    444          #endif
    445              case ZCL_CMD_DEFAULT_RSP:
    446                zclSampleSw_ProcessInDefaultRspCmd( pInMsg );
    447                break;
    448          #ifdef ZCL_DISCOVER
    449              case ZCL_CMD_DISCOVER_RSP:
    450                zclSampleSw_ProcessInDiscRspCmd( pInMsg );
    451                break;
    452          #endif
    453              default:
    454                break;
    455            }
    456          
    457            if ( pInMsg->attrCmd )
    458              osal_mem_free( pInMsg->attrCmd );
    459          }
    460          
    461          #ifdef ZCL_READ
    462          /*********************************************************************
    463           * @fn      zclSampleSw_ProcessInReadRspCmd
    464           *
    465           * @brief   Process the "Profile" Read Response Command
    466           *
    467           * @param   pInMsg - incoming message to process
    468           *
    469           * @return  none
    470           */
    471          static uint8 zclSampleSw_ProcessInReadRspCmd( zclIncomingMsg_t *pInMsg )
    472          {
    473            zclReadRspCmd_t *readRspCmd;
    474            uint8 i;
    475          
    476            readRspCmd = (zclReadRspCmd_t *)pInMsg->attrCmd;
    477            for (i = 0; i < readRspCmd->numAttr; i++)
    478            {
    479              // Notify the originator of the results of the original read attributes
    480              // attempt and, for each successfull request, the value of the requested
    481              // attribute
    482            }
    483          
    484            return TRUE;
    485          }
    486          #endif // ZCL_READ
    487          
    488          #ifdef ZCL_WRITE
    489          /*********************************************************************
    490           * @fn      zclSampleSw_ProcessInWriteRspCmd
    491           *
    492           * @brief   Process the "Profile" Write Response Command
    493           *
    494           * @param   pInMsg - incoming message to process
    495           *
    496           * @return  none
    497           */
    498          static uint8 zclSampleSw_ProcessInWriteRspCmd( zclIncomingMsg_t *pInMsg )
    499          {
    500            zclWriteRspCmd_t *writeRspCmd;
    501            uint8 i;
    502          
    503            writeRspCmd = (zclWriteRspCmd_t *)pInMsg->attrCmd;
    504            for (i = 0; i < writeRspCmd->numAttr; i++)
    505            {
    506              // Notify the device of the results of the its original write attributes
    507              // command.
    508            }
    509          
    510            return TRUE;
    511          }
    512          #endif // ZCL_WRITE
    513          
    514          /*********************************************************************
    515           * @fn      zclSampleSw_ProcessInDefaultRspCmd
    516           *
    517           * @brief   Process the "Profile" Default Response Command
    518           *
    519           * @param   pInMsg - incoming message to process
    520           *
    521           * @return  none
    522           */
    523          static uint8 zclSampleSw_ProcessInDefaultRspCmd( zclIncomingMsg_t *pInMsg )
    524          {
    525            // zclDefaultRspCmd_t *defaultRspCmd = (zclDefaultRspCmd_t *)pInMsg->attrCmd;
    526            // Device is notified of the Default Response command.
    527            (void)pInMsg;
    528            return TRUE;
    529          }
    530          
    531          #ifdef ZCL_DISCOVER
    532          /*********************************************************************
    533           * @fn      zclSampleSw_ProcessInDiscRspCmd
    534           *
    535           * @brief   Process the "Profile" Discover Response Command
    536           *
    537           * @param   pInMsg - incoming message to process
    538           *
    539           * @return  none
    540           */
    541          static uint8 zclSampleSw_ProcessInDiscRspCmd( zclIncomingMsg_t *pInMsg )
    542          {
    543            zclDiscoverRspCmd_t *discoverRspCmd;
    544            uint8 i;
    545          
    546            discoverRspCmd = (zclDiscoverRspCmd_t *)pInMsg->attrCmd;
    547            for ( i = 0; i < discoverRspCmd->numAttr; i++ )
    548            {
    549              // Device is notified of the result of its attribute discovery command.
    550            }
    551          
    552            return TRUE;
    553          }
    554          #endif // ZCL_DISCOVER
    555          
    556          
    557          /****************************************************************************
    558          ****************************************************************************/
    559          
    560          

   Maximum stack usage in bytes:

     Function                       ISTACK PSTACK XSTACK
     --------                       ------ ------ ------
     zclSampleSw_BasicResetCB           0      0      0
     zclSampleSw_IdentifyCB             2      0      0
       -> osal_start_timerEx            4      0      0
     zclSampleSw_IdentifyQueryRspCB     0      0      0
     zclSampleSw_Init                   0      0      9
       -> zclHA_Init                    0      0     18
       -> zclGeneral_RegisterCmdCallbacks
                                        0      0     18
       -> zcl_registerAttrList          0      0     18
       -> zcl_registerForMsg            0      0     18
       -> RegisterForKeys               0      0     18
       -> afRegister                    0      0     18
       -> ZDO_RegisterForZDOMsg         0      0     18
     zclSampleSw_event_loop             0      0     32
       -> zcl_SendCommand               0      0     64
       -> NLME_GetShortAddr             0      0     42
       -> ZDP_EndDeviceBindReq          0      0     60
       -> osal_msg_deallocate           0      0     42
       -> osal_msg_receive              0      0     42
       -> osal_mem_free                 0      0     42
       -> osal_start_timerEx            0      0     42
       -> zcl_SendCommand               0      0     64
       -> osal_start_timerEx            0      0     42
       -> HalLedSet                     0      0     42


   Segment part sizes:

     Function/Label                              Bytes
     --------------                              -----
     zclSampleSw_TaskID                             1
     zclSampleSw_DstAddr                           12
     flag                                           1
     sampleSw_TestEp                                6
     zclSampleSw_CmdCallbacks                      30
     zclSampleSw_Init                              77
     zclSampleSw_event_loop                       544
     ?Subroutine2                                   6
     ??Subroutine4_0                               11
     ?Subroutine1                                   4
     ?Subroutine3                                  12
     ?Subroutine0                                  14
     zclSampleSw_BasicResetCB                       3
     zclSampleSw_IdentifyCB                        66
     zclSampleSw_IdentifyQueryRspCB                 3
     ?<Initializer for sampleSw_TestEp>             6
     ?<Initializer for zclSampleSw_CmdCallbacks>   30
     ??zclSampleSw_Init?relay                       6
     ??zclSampleSw_event_loop?relay                 6
     ??zclSampleSw_BasicResetCB?relay               6
     ??zclSampleSw_IdentifyCB?relay                 6
     ??zclSampleSw_IdentifyQueryRspCB?relay         6

 
 740 bytes in segment BANKED_CODE
  30 bytes in segment BANK_RELAYS
  36 bytes in segment XDATA_I
  36 bytes in segment XDATA_ID
  14 bytes in segment XDATA_Z
 
 806 bytes of CODE  memory
  50 bytes of XDATA memory

Errors: none
Warnings: none
