###############################################################################
#                                                                             #
# IAR C/C++ Compiler V8.10.3.10338/W32 for 8051         03/Jun/2016  11:15:16 #
# Copyright 2004-2011 IAR Systems AB.                                         #
#                                                                             #
#    Core               =  plain                                              #
#    Code model         =  banked                                             #
#    Data model         =  large                                              #
#    Calling convention =  xdata reentrant                                    #
#    Constant location  =  data_rom                                           #
#    Dptr setup         =  1,16                                               #
#    Source file        =  C:\Users\Administrator\Desktop\1\Projects\zstack\S #
#                          amples\GenericApp\CC2530DB\AT_UART.c               #
#    Command line       =  -f C:\Users\Administrator\Desktop\1\Projects\zstac #
#                          k\Samples\GenericApp\CC2530DB\..\..\..\Tools\CC253 #
#                          0DB\f8wRouter.cfg (-DCPU32MHZ -DROOT=__near_func   #
#                          -DMAC_CFG_APP_PENDING_QUEUE=TRUE -DRTR_NWK         #
#                          -DBLINK_LEDS) -f C:\Users\Administrator\Desktop\1\ #
#                          Projects\zstack\Samples\GenericApp\CC2530DB\..\..\ #
#                          ..\Tools\CC2530DB\f8wConfig.cfg (-DSECURE=0        #
#                          -DZG_SECURE_DYNAMIC=0 -DREFLECTOR                  #
#                          -DDEFAULT_CHANLIST=0x00000800                      #
#                          -DZDAPP_CONFIG_PAN_ID=0xFFFF                       #
#                          -DNWK_START_DELAY=100 -DEXTENDED_JOINING_RANDOM_MA #
#                          SK=0x007F -DBEACON_REQUEST_DELAY=100               #
#                          -DBEACON_REQ_DELAY_MASK=0x00FF                     #
#                          -DROUTE_EXPIRY_TIME=30 -DAPSC_ACK_WAIT_DURATION_PO #
#                          LLED=3000 -DNWK_INDIRECT_MSG_TIMEOUT=7             #
#                          -DMAX_RREQ_ENTRIES=8 -DAPSC_MAX_FRAME_RETRIES=3    #
#                          -DNWK_MAX_DATA_RETRIES=2                           #
#                          -DMAX_POLL_FAILURE_RETRIES=2 -DMAX_BCAST=9         #
#                          -DAPS_MAX_GROUPS=16 -DMAX_RTG_ENTRIES=40           #
#                          -DNWK_MAX_BINDING_ENTRIES=4                        #
#                          -DMAX_BINDING_CLUSTER_IDS=4 "-DDEFAULT_KEY={0x01,  #
#                          0x03, 0x05, 0x07, 0x09, 0x0B, 0x0D, 0x0F, 0x00,    #
#                          0x02, 0x04, 0x06, 0x08, 0x0A, 0x0C, 0x0D}"         #
#                          -DMAC_MAX_FRAME_SIZE=116 "-DCONST=const __code"    #
#                          -DGENERIC=__generic -DRFD_RCVC_ALWAYS_ON=FALSE     #
#                          -DPOLL_RATE=1000 -DQUEUED_POLL_RATE=100            #
#                          -DRESPONSE_POLL_RATE=100) -DREJOIN_POLL_RATE=440   #
#                          C:\Users\Administrator\Desktop\1\Projects\zstack\S #
#                          amples\GenericApp\CC2530DB\AT_UART.c -D ZIGBEEPRO  #
#                          -D ZTOOL_P1 -D MT_TASK -D MT_SYS_FUNC -D           #
#                          MT_ZDO_FUNC -D LCD_SUPPORTED=DEBUG -lC             #
#                          C:\Users\Administrator\Desktop\1\Projects\zstack\S #
#                          amples\GenericApp\CC2530DB\RouterEB-Pro\List\ -lA  #
#                          C:\Users\Administrator\Desktop\1\Projects\zstack\S #
#                          amples\GenericApp\CC2530DB\RouterEB-Pro\List\      #
#                          --diag_suppress Pe001,Pa010 -o                     #
#                          C:\Users\Administrator\Desktop\1\Projects\zstack\S #
#                          amples\GenericApp\CC2530DB\RouterEB-Pro\Obj\ -e    #
#                          --debug --core=plain --dptr=16,1                   #
#                          --data_model=large --code_model=banked             #
#                          --calling_convention=xdata_reentrant               #
#                          --place_constants=data_rom --nr_virtual_regs 16    #
#                          -I C:\Users\Administrator\Desktop\1\Projects\zstac #
#                          k\Samples\GenericApp\CC2530DB\ -I                  #
#                          C:\Users\Administrator\Desktop\1\Projects\zstack\S #
#                          amples\GenericApp\CC2530DB\..\SOURCE\ -I           #
#                          C:\Users\Administrator\Desktop\1\Projects\zstack\S #
#                          amples\GenericApp\CC2530DB\..\..\..\ZMAIN\TI2530DB #
#                          \ -I C:\Users\Administrator\Desktop\1\Projects\zst #
#                          ack\Samples\GenericApp\CC2530DB\..\..\..\..\..\COM #
#                          PONENTS\MT\ -I C:\Users\Administrator\Desktop\1\Pr #
#                          ojects\zstack\Samples\GenericApp\CC2530DB\..\..\.. #
#                          \..\..\COMPONENTS\HAL\INCLUDE\ -I                  #
#                          C:\Users\Administrator\Desktop\1\Projects\zstack\S #
#                          amples\GenericApp\CC2530DB\..\..\..\..\..\COMPONEN #
#                          TS\HAL\TARGET\CC2530EB\ -I                         #
#                          C:\Users\Administrator\Desktop\1\Projects\zstack\S #
#                          amples\GenericApp\CC2530DB\..\..\..\..\..\COMPONEN #
#                          TS\OSAL\MCU\CCSOC\ -I C:\Users\Administrator\Deskt #
#                          op\1\Projects\zstack\Samples\GenericApp\CC2530DB\. #
#                          .\..\..\..\..\COMPONENTS\OSAL\INCLUDE\ -I          #
#                          C:\Users\Administrator\Desktop\1\Projects\zstack\S #
#                          amples\GenericApp\CC2530DB\..\..\..\..\..\COMPONEN #
#                          TS\STACK\AF\ -I C:\Users\Administrator\Desktop\1\P #
#                          rojects\zstack\Samples\GenericApp\CC2530DB\..\..\. #
#                          .\..\..\COMPONENTS\STACK\NWK\ -I                   #
#                          C:\Users\Administrator\Desktop\1\Projects\zstack\S #
#                          amples\GenericApp\CC2530DB\..\..\..\..\..\COMPONEN #
#                          TS\STACK\SEC\ -I C:\Users\Administrator\Desktop\1\ #
#                          Projects\zstack\Samples\GenericApp\CC2530DB\..\..\ #
#                          ..\..\..\COMPONENTS\STACK\SAPI\ -I                 #
#                          C:\Users\Administrator\Desktop\1\Projects\zstack\S #
#                          amples\GenericApp\CC2530DB\..\..\..\..\..\COMPONEN #
#                          TS\STACK\SYS\ -I C:\Users\Administrator\Desktop\1\ #
#                          Projects\zstack\Samples\GenericApp\CC2530DB\..\..\ #
#                          ..\..\..\COMPONENTS\STACK\ZDO\ -I                  #
#                          C:\Users\Administrator\Desktop\1\Projects\zstack\S #
#                          amples\GenericApp\CC2530DB\..\..\..\..\..\COMPONEN #
#                          TS\ZMAC\F8W\ -I C:\Users\Administrator\Desktop\1\P #
#                          rojects\zstack\Samples\GenericApp\CC2530DB\..\..\. #
#                          .\..\..\COMPONENTS\ZMAC\ -I                        #
#                          C:\Users\Administrator\Desktop\1\Projects\zstack\S #
#                          amples\GenericApp\CC2530DB\..\..\..\..\..\COMPONEN #
#                          TS\SERVICES\SADDR\ -I C:\Users\Administrator\Deskt #
#                          op\1\Projects\zstack\Samples\GenericApp\CC2530DB\. #
#                          .\..\..\..\..\COMPONENTS\SERVICES\SDATA\ -I        #
#                          C:\Users\Administrator\Desktop\1\Projects\zstack\S #
#                          amples\GenericApp\CC2530DB\..\..\..\..\..\COMPONEN #
#                          TS\MAC\INCLUDE\ -I C:\Users\Administrator\Desktop\ #
#                          1\Projects\zstack\Samples\GenericApp\CC2530DB\..\. #
#                          .\..\..\..\COMPONENTS\MAC\HIGH_LEVEL\ -I           #
#                          C:\Users\Administrator\Desktop\1\Projects\zstack\S #
#                          amples\GenericApp\CC2530DB\..\..\..\..\..\COMPONEN #
#                          TS\MAC\LOW_LEVEL\srf04\ -I                         #
#                          C:\Users\Administrator\Desktop\1\Projects\zstack\S #
#                          amples\GenericApp\CC2530DB\..\..\..\..\..\COMPONEN #
#                          TS\MAC\LOW_LEVEL\srf04\SINGLE_CHIP\ -Ohz           #
#                          --require_prototypes                               #
#    List file          =  C:\Users\Administrator\Desktop\1\Projects\zstack\S #
#                          amples\GenericApp\CC2530DB\RouterEB-Pro\List\AT_UA #
#                          RT.lst                                             #
#    Object file        =  C:\Users\Administrator\Desktop\1\Projects\zstack\S #
#                          amples\GenericApp\CC2530DB\RouterEB-Pro\Obj\AT_UAR #
#                          T.r51                                              #
#                                                                             #
#                                                                             #
###############################################################################

C:\Users\Administrator\Desktop\1\Projects\zstack\Samples\GenericApp\CC2530DB\AT_UART.c
      1          #include "hal_uart.h"
      2          #include "AT_AF.h"
      3          #include "AT_UART.h"
      4          #include "OnBoard.h"
      5          

   \                                 In  segment XDATA_Z, align 1, keep-with-next
      6          byte RxBuf[81];
   \                     RxBuf:
   \   000000                DS 81
   \   000051                REQUIRE __INIT_XDATA_Z
      7          
      8          void rxCB(uint8 port,uint8 event);
      9          

   \                                 In  segment BANKED_CODE, align 1, keep-with-next
     10          void AT_UART_init(void){
   \                     AT_UART_init:
   \   000000   C082         PUSH    DPL
   \   000002   C083         PUSH    DPH
   \   000004                ; Saved register size: 2
   \   000004                ; Auto size: 29
   \   000004   74E3         MOV     A,#-0x1d
   \   000006   12....       LCALL   ?ALLOC_XSTACK8
     11            
     12          halUARTCfg_t uartConfig;
     13            uartConfig.configured           = TRUE;              // 2x30 don't care - see uart driver.
   \   000009   85..82       MOV     DPL,?XSP + 0
   \   00000C   85..83       MOV     DPH,?XSP + 1
   \   00000F   7401         MOV     A,#0x1
   \   000011   F0           MOVX    @DPTR,A
     14            uartConfig.baudRate             = HAL_UART_BR_115200;
   \   000012   12....       LCALL   ?XSTACK_DISP0_8
   \   000015   7404         MOV     A,#0x4
   \   000017   F0           MOVX    @DPTR,A
     15            uartConfig.flowControl          = FALSE;
   \   000018   7402         MOV     A,#0x2
   \   00001A   12....       LCALL   ?XSTACK_DISP0_8
   \   00001D   E4           CLR     A
   \   00001E   F0           MOVX    @DPTR,A
     16            uartConfig.flowControlThreshold = MT_UART_THRESHOLD;   // 2x30 don't care - see uart driver.
   \   00001F   7403         MOV     A,#0x3
   \   000021   12....       LCALL   ?XSTACK_DISP0_8
   \   000024   7440         MOV     A,#0x40
   \   000026   F0           MOVX    @DPTR,A
   \   000027   A3           INC     DPTR
   \   000028   E4           CLR     A
   \   000029   F0           MOVX    @DPTR,A
     17            uartConfig.rx.maxBufSize        = AT_UART_RX_BUFF_MAX;  // 2x30 don't care - see uart driver.
   \   00002A   740A         MOV     A,#0xa
   \   00002C   12....       LCALL   ?XSTACK_DISP0_8
   \   00002F   7480         MOV     A,#-0x80
   \   000031   F0           MOVX    @DPTR,A
   \   000032   A3           INC     DPTR
   \   000033   E4           CLR     A
   \   000034   F0           MOVX    @DPTR,A
     18            uartConfig.tx.maxBufSize        = AT_UART_TX_BUFF_MAX;  // 2x30 don't care - see uart driver.
   \   000035   7412         MOV     A,#0x12
   \   000037   12....       LCALL   ?XSTACK_DISP0_8
   \   00003A   7480         MOV     A,#-0x80
   \   00003C   F0           MOVX    @DPTR,A
   \   00003D   A3           INC     DPTR
   \   00003E   E4           CLR     A
   \   00003F   F0           MOVX    @DPTR,A
     19            uartConfig.idleTimeout          = MT_UART_IDLE_TIMEOUT;    // 在idleTimout 时间内RX还没有得到新的数据，将会触发相应的事件HAL_UART_RX_TIMEOUT ，
   \   000040   7405         MOV     A,#0x5
   \   000042   12....       LCALL   ?XSTACK_DISP0_8
   \   000045   7406         MOV     A,#0x6
   \   000047   F0           MOVX    @DPTR,A
     20                                                                      //这时应用可以选择读出所有RX的值或者一部分。
     21            uartConfig.intEnable            = TRUE; // 2x30 don't care - see uart driver.
   \   000048   7416         MOV     A,#0x16
   \   00004A   12....       LCALL   ?XSTACK_DISP0_8
   \   00004D   7401         MOV     A,#0x1
   \   00004F   F0           MOVX    @DPTR,A
     22            uartConfig.callBackFunc         = rxCB;
   \   000050   741B         MOV     A,#0x1b
   \   000052   12....       LCALL   ?XSTACK_DISP0_8
   \   000055   74..         MOV     A,#??rxCB?relay & 0xff
   \   000057   F0           MOVX    @DPTR,A
   \   000058   A3           INC     DPTR
   \   000059   74..         MOV     A,#(??rxCB?relay >> 8) & 0xff
   \   00005B   F0           MOVX    @DPTR,A
     23            
     24            HalUARTOpen (HAL_UART_PORT_0, &uartConfig); 
   \   00005C                ; Setup parameters for call to function HalUARTOpen
   \   00005C   85..82       MOV     DPL,?XSP + 0
   \   00005F   85..83       MOV     DPH,?XSP + 1
   \   000062   AA82         MOV     R2,DPL
   \   000064   AB83         MOV     R3,DPH
   \   000066   7900         MOV     R1,#0x0
   \   000068   12....       LCALL   ??HalUARTOpen?relay
     25          }
   \   00006B   741D         MOV     A,#0x1d
   \   00006D   12....       LCALL   ?DEALLOC_XSTACK8
   \   000070   D083         POP     DPH
   \   000072   D082         POP     DPL
   \   000074   02....       LJMP    ?BRET

   \                                 In  segment BANKED_CODE, align 1, keep-with-next
     26          void rxCB(uint8 port,uint8 event){
   \                     rxCB:
   \   000000   74F6         MOV     A,#-0xa
   \   000002   12....       LCALL   ?BANKED_ENTER_XDATA
   \   000005                ; Saved register size: 10
   \   000005                ; Auto size: 0
   \   000005   E9           MOV     A,R1
   \   000006   FE           MOV     R6,A
   \   000007   EA           MOV     A,R2
     27            if(event& HAL_UART_RX_TIMEOUT){
   \   000008   A2E2         MOV     C,0xE0 /* A   */.2
   \   00000A   5024         JNC     ??rxCB_0
     28                uint8 len = HalUARTRead(port, RxBuf,80);
   \   00000C                ; Setup parameters for call to function HalUARTRead
   \   00000C   7C50         MOV     R4,#0x50
   \   00000E   7D00         MOV     R5,#0x0
   \   000010   7A..         MOV     R2,#RxBuf & 0xff
   \   000012   7B..         MOV     R3,#(RxBuf >> 8) & 0xff
   \   000014   12....       LCALL   ??HalUARTRead?relay
   \   000017   EA           MOV     A,R2
   \   000018   F5..         MOV     ?V0 + 0,A
     29                if(len){
   \   00001A   6014         JZ      ??rxCB_0
     30                GenericApp_SendTheMessage(RxBuf);
   \   00001C                ; Setup parameters for call to function GenericApp_SendTheMessage
   \   00001C   7A..         MOV     R2,#RxBuf & 0xff
   \   00001E   7B..         MOV     R3,#(RxBuf >> 8) & 0xff
   \   000020   12....       LCALL   ??GenericApp_SendTheMessage?relay
     31                HalUARTWrite(port,RxBuf,len);
   \   000023                ; Setup parameters for call to function HalUARTWrite
   \   000023   AC..         MOV     R4,?V0 + 0
   \   000025   7D00         MOV     R5,#0x0
   \   000027   7A..         MOV     R2,#RxBuf & 0xff
   \   000029   7B..         MOV     R3,#(RxBuf >> 8) & 0xff
   \   00002B   EE           MOV     A,R6
   \   00002C   F9           MOV     R1,A
   \   00002D   12....       LCALL   ??HalUARTWrite?relay
     32                len = 0;
     33                }
     34            }
     35          }
   \                     ??rxCB_0:
   \   000030   7F02         MOV     R7,#0x2
   \   000032   02....       LJMP    ?BANKED_LEAVE_XDATA

   \                                 In  segment BANK_RELAYS, align 1
   \                     ??AT_UART_init?relay:
   \   000000   12....       LCALL   ?BDISPATCH
   \   000003   ......       DC24    AT_UART_init

   \                                 In  segment BANK_RELAYS, align 1
   \                     ??rxCB?relay:
   \   000000   12....       LCALL   ?BDISPATCH
   \   000003   ......       DC24    rxCB
     36          

   Maximum stack usage in bytes:

     Function                       ISTACK PSTACK XSTACK
     --------                       ------ ------ ------
     AT_UART_init                       2      0     29
       -> HalUARTOpen                   4      0     58
     rxCB                               0      0     10
       -> HalUARTRead                   0      0     20
       -> GenericApp_SendTheMessage     0      0     20
       -> HalUARTWrite                  0      0     20


   Segment part sizes:

     Function/Label       Bytes
     --------------       -----
     RxBuf                  81
     AT_UART_init          119
     rxCB                   53
     ??AT_UART_init?relay    6
     ??rxCB?relay            6

 
 172 bytes in segment BANKED_CODE
  12 bytes in segment BANK_RELAYS
  81 bytes in segment XDATA_Z
 
 184 bytes of CODE  memory
  81 bytes of XDATA memory

Errors: none
Warnings: none
