###############################################################################
#                                                                             #
# IAR C/C++ Compiler V8.10.3.10338/W32 for 8051         28/Oct/2016  14:01:20 #
# Copyright 2004-2011 IAR Systems AB.                                         #
#                                                                             #
#    Core               =  plain                                              #
#    Code model         =  banked                                             #
#    Data model         =  large                                              #
#    Calling convention =  xdata reentrant                                    #
#    Constant location  =  data_rom                                           #
#    Dptr setup         =  1,16                                               #
#    Source file        =  C:\Users\xiang\Desktop\ZBStudy\Projects\zstack\Sam #
#                          ples\GenericApp\Source\GenericApp.c                #
#    Command line       =  -f C:\Users\xiang\Desktop\ZBStudy\Projects\zstack\ #
#                          Samples\GenericApp\CC2530DB\..\..\..\Tools\CC2530D #
#                          B\f8wEndev.cfg (-DCPU32MHZ -DROOT=__near_func      #
#                          -DMAC_CFG_TX_DATA_MAX=3 -DMAC_CFG_TX_MAX=6         #
#                          -DMAC_CFG_RX_MAX=3) -f C:\Users\xiang\Desktop\ZBSt #
#                          udy\Projects\zstack\Samples\GenericApp\CC2530DB\.. #
#                          \..\..\Tools\CC2530DB\f8wConfig.cfg (-DZIGBEEPRO   #
#                          -DSECURE=0 -DZG_SECURE_DYNAMIC=0 -DREFLECTOR       #
#                          -DDEFAULT_CHANLIST=0x00000800                      #
#                          -DZDAPP_CONFIG_PAN_ID=0xFFF2                       #
#                          -DNWK_START_DELAY=100 -DEXTENDED_JOINING_RANDOM_MA #
#                          SK=0x007F -DBEACON_REQUEST_DELAY=100               #
#                          -DBEACON_REQ_DELAY_MASK=0x00FF                     #
#                          -DLINK_STATUS_JITTER_MASK=0x007F                   #
#                          -DROUTE_EXPIRY_TIME=30 -DAPSC_ACK_WAIT_DURATION_PO #
#                          LLED=3000 -DNWK_INDIRECT_MSG_TIMEOUT=7             #
#                          -DMAX_RREQ_ENTRIES=8 -DAPSC_MAX_FRAME_RETRIES=3    #
#                          -DNWK_MAX_DATA_RETRIES=2                           #
#                          -DMAX_POLL_FAILURE_RETRIES=2 -DMAX_BCAST=9         #
#                          -DAPS_MAX_GROUPS=16 -DMAX_RTG_ENTRIES=40           #
#                          -DNWK_MAX_BINDING_ENTRIES=4                        #
#                          -DMAX_BINDING_CLUSTER_IDS=4 "-DDEFAULT_KEY={0x01,  #
#                          0x03, 0x05, 0x07, 0x09, 0x0B, 0x0D, 0x0F, 0x00,    #
#                          0x02, 0x04, 0x06, 0x08, 0x0A, 0x0C, 0x0D}"         #
#                          -DMAC_MAX_FRAME_SIZE=116                           #
#                          -DZDNWKMGR_MIN_TRANSMISSIONS=20 "-DCONST=const     #
#                          __code" -DGENERIC=__generic                        #
#                          -DRFD_RCVC_ALWAYS_ON=FALSE -DPOLL_RATE=1000        #
#                          -DQUEUED_POLL_RATE=100 -DRESPONSE_POLL_RATE=100)   #
#                          -DREJOIN_POLL_RATE=440 C:\Users\xiang\Desktop\ZBSt #
#                          udy\Projects\zstack\Samples\GenericApp\Source\Gene #
#                          ricApp.c -D NWK_AUTO_POLL -D ZTOOL_P1 -D MT_TASK   #
#                          -D MT_SYS_FUNC -D MT_ZDO_FUNC -D                   #
#                          LCD_SUPPORTED=DEBUG -D xPOWER_SAVING -lC           #
#                          C:\Users\xiang\Desktop\ZBStudy\Projects\zstack\Sam #
#                          ples\GenericApp\CC2530DB\EndDeviceEB\List\ -lA     #
#                          C:\Users\xiang\Desktop\ZBStudy\Projects\zstack\Sam #
#                          ples\GenericApp\CC2530DB\EndDeviceEB\List\         #
#                          --diag_suppress Pe001,Pa010 -o                     #
#                          C:\Users\xiang\Desktop\ZBStudy\Projects\zstack\Sam #
#                          ples\GenericApp\CC2530DB\EndDeviceEB\Obj\ -e       #
#                          --no_code_motion --debug --core=plain --dptr=16,1  #
#                          --data_model=large --code_model=banked             #
#                          --calling_convention=xdata_reentrant               #
#                          --place_constants=data_rom --nr_virtual_regs 16    #
#                          -I C:\Users\xiang\Desktop\ZBStudy\Projects\zstack\ #
#                          Samples\GenericApp\CC2530DB\ -I                    #
#                          C:\Users\xiang\Desktop\ZBStudy\Projects\zstack\Sam #
#                          ples\GenericApp\CC2530DB\..\Source\ -I             #
#                          C:\Users\xiang\Desktop\ZBStudy\Projects\zstack\Sam #
#                          ples\GenericApp\CC2530DB\..\..\..\ZMain\TI2530DB\  #
#                          -I C:\Users\xiang\Desktop\ZBStudy\Projects\zstack\ #
#                          Samples\GenericApp\CC2530DB\..\..\..\..\..\Compone #
#                          nts\hal\include\ -I C:\Users\xiang\Desktop\ZBStudy #
#                          \Projects\zstack\Samples\GenericApp\CC2530DB\..\.. #
#                          \..\..\..\Components\hal\target\CC2530EB\ -I       #
#                          C:\Users\xiang\Desktop\ZBStudy\Projects\zstack\Sam #
#                          ples\GenericApp\CC2530DB\..\..\..\..\..\Components #
#                          \mac\include\ -I C:\Users\xiang\Desktop\ZBStudy\Pr #
#                          ojects\zstack\Samples\GenericApp\CC2530DB\..\..\.. #
#                          \..\..\Components\mac\high_level\ -I               #
#                          C:\Users\xiang\Desktop\ZBStudy\Projects\zstack\Sam #
#                          ples\GenericApp\CC2530DB\..\..\..\..\..\Components #
#                          \mac\low_level\srf04\ -I                           #
#                          C:\Users\xiang\Desktop\ZBStudy\Projects\zstack\Sam #
#                          ples\GenericApp\CC2530DB\..\..\..\..\..\Components #
#                          \mac\low_level\srf04\single_chip\ -I               #
#                          C:\Users\xiang\Desktop\ZBStudy\Projects\zstack\Sam #
#                          ples\GenericApp\CC2530DB\..\..\..\..\..\Components #
#                          \mt\ -I C:\Users\xiang\Desktop\ZBStudy\Projects\zs #
#                          tack\Samples\GenericApp\CC2530DB\..\..\..\..\..\Co #
#                          mponents\osal\include\ -I                          #
#                          C:\Users\xiang\Desktop\ZBStudy\Projects\zstack\Sam #
#                          ples\GenericApp\CC2530DB\..\..\..\..\..\Components #
#                          \services\saddr\ -I C:\Users\xiang\Desktop\ZBStudy #
#                          \Projects\zstack\Samples\GenericApp\CC2530DB\..\.. #
#                          \..\..\..\Components\services\sdata\ -I            #
#                          C:\Users\xiang\Desktop\ZBStudy\Projects\zstack\Sam #
#                          ples\GenericApp\CC2530DB\..\..\..\..\..\Components #
#                          \stack\af\ -I C:\Users\xiang\Desktop\ZBStudy\Proje #
#                          cts\zstack\Samples\GenericApp\CC2530DB\..\..\..\.. #
#                          \..\Components\stack\nwk\ -I                       #
#                          C:\Users\xiang\Desktop\ZBStudy\Projects\zstack\Sam #
#                          ples\GenericApp\CC2530DB\..\..\..\..\..\Components #
#                          \stack\sapi\ -I C:\Users\xiang\Desktop\ZBStudy\Pro #
#                          jects\zstack\Samples\GenericApp\CC2530DB\..\..\..\ #
#                          ..\..\Components\stack\sec\ -I                     #
#                          C:\Users\xiang\Desktop\ZBStudy\Projects\zstack\Sam #
#                          ples\GenericApp\CC2530DB\..\..\..\..\..\Components #
#                          \stack\sys\ -I C:\Users\xiang\Desktop\ZBStudy\Proj #
#                          ects\zstack\Samples\GenericApp\CC2530DB\..\..\..\. #
#                          .\..\Components\stack\zdo\ -I                      #
#                          C:\Users\xiang\Desktop\ZBStudy\Projects\zstack\Sam #
#                          ples\GenericApp\CC2530DB\..\..\..\..\..\Components #
#                          \zmac\ -I C:\Users\xiang\Desktop\ZBStudy\Projects\ #
#                          zstack\Samples\GenericApp\CC2530DB\..\..\..\..\..\ #
#                          Components\zmac\f8w\ -Ohz --require_prototypes     #
#    List file          =  C:\Users\xiang\Desktop\ZBStudy\Projects\zstack\Sam #
#                          ples\GenericApp\CC2530DB\EndDeviceEB\List\GenericA #
#                          pp.lst                                             #
#    Object file        =  C:\Users\xiang\Desktop\ZBStudy\Projects\zstack\Sam #
#                          ples\GenericApp\CC2530DB\EndDeviceEB\Obj\GenericAp #
#                          p.r51                                              #
#                                                                             #
#                                                                             #
###############################################################################

C:\Users\xiang\Desktop\ZBStudy\Projects\zstack\Samples\GenericApp\Source\GenericApp.c
      1          /******************************************************************************
      2            Filename:       GenericApp.c
      3            Revised:        $Date: 2012-03-07 01:04:58 -0800 (Wed, 07 Mar 2012) $
      4            Revision:       $Revision: 29656 $
      5          
      6            Description:    Generic Application (no Profile).
      7          
      8          
      9            Copyright 2004-2012 Texas Instruments Incorporated. All rights reserved.
     10          
     11            IMPORTANT: Your use of this Software is limited to those specific rights
     12            granted under the terms of a software license agreement between the user
     13            who downloaded the software, his/her employer (which must be your employer)
     14            and Texas Instruments Incorporated (the "License"). You may not use this
     15            Software unless you agree to abide by the terms of the License. The License
     16            limits your use, and you acknowledge, that the Software may not be modified,
     17            copied or distributed unless embedded on a Texas Instruments microcontroller
     18            or used solely and exclusively in conjunction with a Texas Instruments radio
     19            frequency transceiver, which is integrated into your product. Other than for
     20            the foregoing purpose, you may not use, reproduce, copy, prepare derivative
     21            works of, modify, distribute, perform, display or sell this Software and/or
     22            its documentation for any purpose.
     23          
     24            YOU FURTHER ACKNOWLEDGE AND AGREE THAT THE SOFTWARE AND DOCUMENTATION ARE
     25            PROVIDED “AS IS?WITHOUT WARRANTY OF ANY KIND, EITHER EXPRESS OR IMPLIED,
     26            INCLUDING WITHOUT LIMITATION, ANY WARRANTY OF MERCHANTABILITY, TITLE,
     27            NON-INFRINGEMENT AND FITNESS FOR A PARTICULAR PURPOSE. IN NO EVENT SHALL
     28            TEXAS INSTRUMENTS OR ITS LICENSORS BE LIABLE OR OBLIGATED UNDER CONTRACT,
     29            NEGLIGENCE, STRICT LIABILITY, CONTRIBUTION, BREACH OF WARRANTY, OR OTHER
     30            LEGAL EQUITABLE THEORY ANY DIRECT OR INDIRECT DAMAGES OR EXPENSES
     31            INCLUDING BUT NOT LIMITED TO ANY INCIDENTAL, SPECIAL, INDIRECT, PUNITIVE
     32            OR CONSEQUENTIAL DAMAGES, LOST PROFITS OR LOST DATA, COST OF PROCUREMENT
     33            OF SUBSTITUTE GOODS, TECHNOLOGY, SERVICES, OR ANY CLAIMS BY THIRD PARTIES
     34            (INCLUDING BUT NOT LIMITED TO ANY DEFENSE THEREOF), OR OTHER SIMILAR COSTS.
     35          
     36            Should you have any questions regarding your right to use this Software,
     37            contact Texas Instruments Incorporated at www.TI.com.
     38          ******************************************************************************/
     39          
     40          /*********************************************************************
     41            This application isn't intended to do anything useful, it is
     42            intended to be a simple example of an application's structure.
     43          
     44            This application sends "Hello World" to another "Generic"
     45            application every 5 seconds.  The application will also
     46            receives "Hello World" packets.
     47          
     48            The "Hello World" messages are sent/received as MSG type message.
     49          
     50            This applications doesn't have a profile, so it handles everything
     51            directly - itself.
     52          
     53            Key control:
     54              SW1:
     55              SW2:  initiates end device binding
     56              SW3:
     57              SW4:  initiates a match description request
     58          *********************************************************************/
     59          
     60          /*********************************************************************
     61           * INCLUDES
     62           */
     63          #include "OSAL.h"
     64          #include "AF.h"
     65          #include "ZDApp.h"
     66          #include "ZDObject.h"
     67          #include "ZDProfile.h"
     68          
     69          #include "GenericApp.h"
     70          
     71          /* HAL */
     72          #include "hal_led.h"
     73          #include "hal_key.h"
     74          #include "hal_uart.h"
     75          #include "OnBoard.h"
     76          #include "UART.h"
     77          
     78          /*********************************************************************
     79           * GLOBAL VARIABLES
     80           */
     81          // This list should be filled with Application specific Cluster IDs.

   \                                 In  segment XDATA_ROM_C, align 1
     82          const cId_t GenericApp_ClusterList[GENERICAPP_MAX_CLUSTERS] =
   \                     GenericApp_ClusterList:
   \   000000   0100         DW 1
     83          {
     84            GENERICAPP_CLUSTERID
     85          };
     86          

   \                                 In  segment XDATA_ROM_C, align 1
     87          const SimpleDescriptionFormat_t GenericApp_SimpleDesc =
   \                     GenericApp_SimpleDesc:
   \   000000   0A           DB 10
   \   000001   040F         DW 3844
   \   000003   0100         DW 1
   \   000005   00           DB 0
   \   000006   01           DB 1
   \   000007   ....         DW GenericApp_ClusterList
   \   000009   01           DB 1
   \   00000A   ....         DW GenericApp_ClusterList
     88          {
     89            GENERICAPP_ENDPOINT,              //  int Endpoint;
     90            GENERICAPP_PROFID,                //  uint16 AppProfId[2];
     91            GENERICAPP_DEVICEID,              //  uint16 AppDeviceId[2];
     92            GENERICAPP_DEVICE_VERSION,        //  int   AppDevVer:4;
     93            GENERICAPP_FLAGS,                 //  int   AppFlags:4;
     94            GENERICAPP_MAX_CLUSTERS,          //  byte  AppNumInClusters;
     95            (cId_t *)GenericApp_ClusterList,  //  byte *pAppInClusterList;
     96            GENERICAPP_MAX_CLUSTERS,          //  byte  AppNumInClusters;
     97            (cId_t *)GenericApp_ClusterList   //  byte *pAppInClusterList;
     98          };
     99          
    100          // This is the Endpoint/Interface description.  It is defined here, but
    101          // filled-in in GenericApp_Init().  Another way to go would be to fill
    102          // in the structure here and make it a "const" (in code space).  The
    103          // way it's defined in this sample app it is define in RAM.

   \                                 In  segment XDATA_Z, align 1, keep-with-next
    104          endPointDesc_t GenericApp_epDesc;
   \                     GenericApp_epDesc:
   \   000000                DS 6
   \   000006                REQUIRE __INIT_XDATA_Z
    105          
    106          /*********************************************************************
    107           * LOCAL VARIABLES
    108           */

   \                                 In  segment XDATA_Z, align 1, keep-with-next
    109          byte GenericApp_TaskID;   // Task ID for internal task/event processing
   \                     GenericApp_TaskID:
   \   000000                DS 1
   \   000001                REQUIRE __INIT_XDATA_Z
    110                                    // This variable will be received when
    111                                    // GenericApp_Init() is called.

   \                                 In  segment XDATA_Z, align 1, keep-with-next
    112          devStates_t GenericApp_NwkState;
   \                     GenericApp_NwkState:
   \   000000                DS 1
   \   000001                REQUIRE __INIT_XDATA_Z
    113          
    114          

   \                                 In  segment XDATA_Z, align 1, keep-with-next
    115          byte GenericApp_TransID;  // This is the unique message ID (counter)
   \                     GenericApp_TransID:
   \   000000                DS 1
   \   000001                REQUIRE __INIT_XDATA_Z
    116          

   \                                 In  segment XDATA_Z, align 1, keep-with-next
    117          afAddrType_t GenericApp_DstAddr;
   \                     GenericApp_DstAddr:
   \   000000                DS 12
   \   00000C                REQUIRE __INIT_XDATA_Z
    118          
    119          /*********************************************************************
    120           * LOCAL FUNCTIONS
    121           */
    122          static void GenericApp_ProcessZDOMsgs( zdoIncomingMsg_t *inMsg );
    123          static void GenericApp_HandleKeys( byte shift, byte keys );
    124          static void GenericApp_MessageMSGCB( afIncomingMSGPacket_t *pckt );
    125          static void GenericApp_SendTheMessage( void );
    126          
    127          /*********************************************************************
    128           * PUBLIC FUNCTIONS
    129           */
    130          
    131          /*********************************************************************
    132           * @fn      GenericApp_Init
    133           *
    134           * @brief   Initialization function for the Generic App Task.
    135           *          This is called during initialization and should contain
    136           *          any application specific initialization (ie. hardware
    137           *          initialization/setup, table initialization, power up
    138           *          notificaiton ... ).
    139           *
    140           * @param   task_id - the ID assigned by OSAL.  This ID should be
    141           *                    used to send messages and set timers.
    142           *
    143           * @return  none
    144           */

   \                                 In  segment BANKED_CODE, align 1, keep-with-next
    145          void GenericApp_Init( uint8 task_id )
   \                     GenericApp_Init:
    146          {
   \   000000   74F7         MOV     A,#-0x9
   \   000002   12....       LCALL   ?BANKED_ENTER_XDATA
   \   000005                ; Saved register size: 9
   \   000005                ; Auto size: 0
   \   000005   E9           MOV     A,R1
    147            GenericApp_TaskID = task_id;
   \   000006   90....       MOV     DPTR,#GenericApp_TaskID
   \   000009   F0           MOVX    @DPTR,A
    148            GenericApp_NwkState = DEV_INIT;
   \   00000A   90....       MOV     DPTR,#GenericApp_NwkState
   \   00000D   7401         MOV     A,#0x1
   \   00000F   F0           MOVX    @DPTR,A
    149            GenericApp_TransID = 0;
   \   000010   90....       MOV     DPTR,#GenericApp_TransID
   \   000013   E4           CLR     A
   \   000014   F0           MOVX    @DPTR,A
    150          
    151            // Device hardware initialization can be added here or in main() (Zmain.c).
    152            // If the hardware is application specific - add it here.
    153            // If the hardware is other parts of the device add it in main().
    154          
    155            GenericApp_DstAddr.addrMode = (afAddrMode_t)Addr16Bit;
   \   000015   90....       MOV     DPTR,#GenericApp_DstAddr + 8
   \   000018   7402         MOV     A,#0x2
   \   00001A   F0           MOVX    @DPTR,A
    156            GenericApp_DstAddr.endPoint = 10;
   \   00001B   A3           INC     DPTR
   \   00001C   740A         MOV     A,#0xa
   \   00001E   F0           MOVX    @DPTR,A
    157            GenericApp_DstAddr.addr.shortAddr = 0;
   \   00001F   90....       MOV     DPTR,#GenericApp_DstAddr
   \   000022   E4           CLR     A
   \   000023   F0           MOVX    @DPTR,A
   \   000024   A3           INC     DPTR
   \   000025   F0           MOVX    @DPTR,A
    158          
    159            // Fill out the endpoint description.
    160            GenericApp_epDesc.endPoint = GENERICAPP_ENDPOINT;
   \   000026   90....       MOV     DPTR,#GenericApp_epDesc
   \   000029   740A         MOV     A,#0xa
   \   00002B   F0           MOVX    @DPTR,A
    161            GenericApp_epDesc.task_id = &GenericApp_TaskID;
   \   00002C   A3           INC     DPTR
   \   00002D   74..         MOV     A,#GenericApp_TaskID & 0xff
   \   00002F   F0           MOVX    @DPTR,A
   \   000030   A3           INC     DPTR
   \   000031   74..         MOV     A,#(GenericApp_TaskID >> 8) & 0xff
   \   000033   F0           MOVX    @DPTR,A
    162            GenericApp_epDesc.simpleDesc
    163                      = (SimpleDescriptionFormat_t *)&GenericApp_SimpleDesc;
   \   000034   A3           INC     DPTR
   \   000035   74..         MOV     A,#GenericApp_SimpleDesc & 0xff
   \   000037   F0           MOVX    @DPTR,A
   \   000038   A3           INC     DPTR
   \   000039   74..         MOV     A,#(GenericApp_SimpleDesc >> 8) & 0xff
   \   00003B   F0           MOVX    @DPTR,A
    164            GenericApp_epDesc.latencyReq = noLatencyReqs;
   \   00003C   A3           INC     DPTR
   \   00003D   E4           CLR     A
   \   00003E   F0           MOVX    @DPTR,A
    165          
    166            // Register the endpoint description with the AF
    167            afRegister( &GenericApp_epDesc );
   \   00003F                ; Setup parameters for call to function afRegister
   \   00003F   7A..         MOV     R2,#GenericApp_epDesc & 0xff
   \   000041   7B..         MOV     R3,#(GenericApp_epDesc >> 8) & 0xff
   \   000043   12....       LCALL   ??afRegister?relay
    168          
    169            // Register for all key events - This app will handle all key events
    170            RegisterForKeys( GenericApp_TaskID );
   \   000046                ; Setup parameters for call to function RegisterForKeys
   \   000046   90....       MOV     DPTR,#GenericApp_TaskID
   \   000049   E0           MOVX    A,@DPTR
   \   00004A   F9           MOV     R1,A
   \   00004B   12....       LCALL   ??RegisterForKeys?relay
    171            GenericApp_UartInit ();
   \   00004E                ; Setup parameters for call to function GenericApp_UartInit
   \   00004E   12....       LCALL   ??GenericApp_UartInit?relay
    172            ZDO_RegisterForZDOMsg( GenericApp_TaskID, End_Device_Bind_rsp );
   \   000051                ; Setup parameters for call to function ZDO_RegisterForZDOMsg
   \   000051   7A20         MOV     R2,#0x20
   \   000053   7B80         MOV     R3,#-0x80
   \   000055   90....       MOV     DPTR,#GenericApp_TaskID
   \   000058   E0           MOVX    A,@DPTR
   \   000059   F9           MOV     R1,A
   \   00005A   12....       LCALL   ??ZDO_RegisterForZDOMsg?relay
    173            ZDO_RegisterForZDOMsg( GenericApp_TaskID, Match_Desc_rsp );
   \   00005D                ; Setup parameters for call to function ZDO_RegisterForZDOMsg
   \   00005D   7A06         MOV     R2,#0x6
   \   00005F   7B80         MOV     R3,#-0x80
   \   000061   90....       MOV     DPTR,#GenericApp_TaskID
   \   000064   E0           MOVX    A,@DPTR
   \   000065   F9           MOV     R1,A
   \   000066   12....       LCALL   ??ZDO_RegisterForZDOMsg?relay
    174          }
   \   000069   7F01         MOV     R7,#0x1
   \   00006B   02....       LJMP    ?BANKED_LEAVE_XDATA
    175          
    176          /*********************************************************************
    177           * @fn      GenericApp_ProcessEvent
    178           *
    179           * @brief   Generic Application Task event processor.  This function
    180           *          is called to process all events for the task.  Events
    181           *          include timers, messages and any other user defined events.
    182           *
    183           * @param   task_id  - The OSAL assigned task ID.
    184           * @param   events - events to process.  This is a bit map and can
    185           *                   contain more than one event.
    186           *
    187           * @return  none
    188           */

   \                                 In  segment BANKED_CODE, align 1, keep-with-next
    189          uint16 GenericApp_ProcessEvent( uint8 task_id, uint16 events )
   \                     GenericApp_ProcessEvent:
    190          {
   \   000000   74F2         MOV     A,#-0xe
   \   000002   12....       LCALL   ?BANKED_ENTER_XDATA
   \   000005                ; Saved register size: 14
   \   000005                ; Auto size: 21
   \   000005   74EB         MOV     A,#-0x15
   \   000007   12....       LCALL   ?ALLOC_XSTACK8
   \   00000A   EA           MOV     A,R2
   \   00000B   FE           MOV     R6,A
   \   00000C   EB           MOV     A,R3
   \   00000D   FF           MOV     R7,A
    191            afIncomingMSGPacket_t *MSGpkt;
    192          
    193            if ( events & SYS_EVENT_MSG )
   \   00000E   5480         ANL     A,#0x80
   \   000010   7003         JNZ     $+5
   \   000012   02....       LJMP    ??GenericApp_ProcessEvent_0 & 0xFFFF
    194            {
    195              MSGpkt = (afIncomingMSGPacket_t *)osal_msg_receive( GenericApp_TaskID );
   \   000015                ; Setup parameters for call to function osal_msg_receive
   \   000015   8026         SJMP    ??GenericApp_ProcessEvent_1
    196              while ( MSGpkt )
    197              {
    198                switch ( MSGpkt->hdr.event )
    199                {
    200                  case ZDO_CB_MSG:
    201                    GenericApp_ProcessZDOMsgs( (zdoIncomingMsg_t *)MSGpkt );
    202                    break;
    203          
    204                  case KEY_CHANGE:
    205                    GenericApp_HandleKeys( ((keyChange_t *)MSGpkt)->state, ((keyChange_t *)MSGpkt)->keys );
    206                    break;
    207          
    208                  case AF_INCOMING_MSG_CMD:
    209                    GenericApp_MessageMSGCB( MSGpkt );
    210                    break;
    211          
    212                  case ZDO_STATE_CHANGE:
    213                    GenericApp_NwkState = (devStates_t)(MSGpkt->hdr.status);
   \                     ??GenericApp_ProcessEvent_2:
   \   000017   A3           INC     DPTR
   \   000018   E0           MOVX    A,@DPTR
   \   000019   90....       MOV     DPTR,#GenericApp_NwkState
   \   00001C   F0           MOVX    @DPTR,A
    214                    if ( //(GenericApp_NwkState == DEV_ZB_COORD)|| 
    215                        (GenericApp_NwkState == DEV_ROUTER)
    216                        || (GenericApp_NwkState == DEV_END_DEVICE) )
   \   00001D   6407         XRL     A,#0x7
   \   00001F   6005         JZ      ??GenericApp_ProcessEvent_3
   \   000021   E0           MOVX    A,@DPTR
   \   000022   6406         XRL     A,#0x6
   \   000024   7010         JNZ     ??GenericApp_ProcessEvent_4
    217                    {
    218                      // Start sending "the" message in a regular interval.
    219                      osal_start_timerEx( GenericApp_TaskID,
    220                                          GENERICAPP_SEND_MSG_EVT,
    221                                          GENERICAPP_SEND_MSG_TIMEOUT );
   \                     ??GenericApp_ProcessEvent_3:
   \   000026                ; Setup parameters for call to function osal_start_timerEx
   \   000026   7C88         MOV     R4,#-0x78
   \   000028   7D13         MOV     R5,#0x13
   \   00002A   7A01         MOV     R2,#0x1
   \   00002C   7B00         MOV     R3,#0x0
   \   00002E   90....       MOV     DPTR,#GenericApp_TaskID
   \   000031   E0           MOVX    A,@DPTR
   \   000032   F9           MOV     R1,A
   \   000033   12....       LCALL   ??osal_start_timerEx?relay
    222                    }
    223                    break;
    224          
    225                  default:
    226                    break;
    227                }
    228          
    229                // Release the memory
    230                osal_msg_deallocate( (uint8 *)MSGpkt );
   \                     ??GenericApp_ProcessEvent_4:
   \   000036                ; Setup parameters for call to function osal_msg_deallocate
   \   000036   AA..         MOV     R2,?V0 + 0
   \   000038   AB..         MOV     R3,?V0 + 1
   \   00003A   12....       LCALL   ??osal_msg_deallocate?relay
    231          
    232                // Next
    233                MSGpkt = (afIncomingMSGPacket_t *)osal_msg_receive( GenericApp_TaskID );
   \   00003D                ; Setup parameters for call to function osal_msg_receive
   \                     ??GenericApp_ProcessEvent_1:
   \   00003D   90....       MOV     DPTR,#GenericApp_TaskID
   \   000040   E0           MOVX    A,@DPTR
   \   000041   F9           MOV     R1,A
   \   000042   12....       LCALL   ??osal_msg_receive?relay
   \   000045   8A..         MOV     ?V0 + 0,R2
   \   000047   8B..         MOV     ?V0 + 1,R3
   \   000049   E5..         MOV     A,?V0 + 0
   \   00004B   45..         ORL     A,?V0 + 1
   \   00004D   7003         JNZ     $+5
   \   00004F   02....       LJMP    ??GenericApp_ProcessEvent_5 & 0xFFFF
   \   000052   85..82       MOV     DPL,?V0 + 0
   \   000055   85..83       MOV     DPH,?V0 + 1
   \   000058   E0           MOVX    A,@DPTR
   \   000059   24E6         ADD     A,#-0x1a
   \   00005B   7003         JNZ     $+5
   \   00005D   02....       LJMP    ??GenericApp_ProcessEvent_6 & 0xFFFF
   \   000060   245A         ADD     A,#0x5a
   \   000062   7003         JNZ     $+5
   \   000064   02....       LJMP    ??GenericApp_ProcessEvent_7 & 0xFFFF
   \   000067   24EF         ADD     A,#-0x11
   \   000069   60AC         JZ      ??GenericApp_ProcessEvent_2
   \   00006B   24FE         ADD     A,#-0x2
   \   00006D   70C7         JNZ     ??GenericApp_ProcessEvent_4
   \   00006F   E5..         MOV     A,?V0 + 0
   \   000071   240C         ADD     A,#0xc
   \   000073   F582         MOV     DPL,A
   \   000075   E5..         MOV     A,?V0 + 1
   \   000077   3400         ADDC    A,#0x0
   \   000079   F583         MOV     DPH,A
   \   00007B   E0           MOVX    A,@DPTR
   \   00007C   F5..         MOV     ?V0 + 2,A
   \   00007E   A3           INC     DPTR
   \   00007F   E0           MOVX    A,@DPTR
   \   000080   F5..         MOV     ?V0 + 3,A
   \   000082   78..         MOV     R0,#?V0 + 2
   \   000084   12....       LCALL   ?US_SWITCH_SPARSE
   \                     `?<Jumptable for GenericApp_ProcessEvent>_0`:
   \   000087   0000         DW        0
   \   000089   0200         DW        2
   \   00008B   0680         DW        32774
   \   00008D   ....         DW        ??GenericApp_ProcessEvent_8
   \   00008F   2080         DW        32800
   \   000091   ....         DW        ??GenericApp_ProcessEvent_9
   \   000093   ....         DW        ??GenericApp_ProcessEvent_4
   \                     ??GenericApp_ProcessEvent_8:
   \   000095                ; Setup parameters for call to function ZDO_ParseEPListRsp
   \   000095   AA..         MOV     R2,?V0 + 0
   \   000097   AB..         MOV     R3,?V0 + 1
   \   000099   12....       LCALL   ??ZDO_ParseEPListRsp?relay
   \   00009C   8A..         MOV     ?V0 + 2,R2
   \   00009E   8B..         MOV     ?V0 + 3,R3
   \   0000A0   EA           MOV     A,R2
   \   0000A1   45..         ORL     A,?V0 + 3
   \   0000A3   6091         JZ      ??GenericApp_ProcessEvent_4
   \   0000A5   8A82         MOV     DPL,R2
   \   0000A7   8B83         MOV     DPH,R3
   \   0000A9   E0           MOVX    A,@DPTR
   \   0000AA   7032         JNZ     ??GenericApp_ProcessEvent_10
   \   0000AC   A3           INC     DPTR
   \   0000AD   A3           INC     DPTR
   \   0000AE   A3           INC     DPTR
   \   0000AF   E0           MOVX    A,@DPTR
   \   0000B0   602C         JZ      ??GenericApp_ProcessEvent_10
   \   0000B2   90....       MOV     DPTR,#GenericApp_DstAddr + 8
   \   0000B5   7402         MOV     A,#0x2
   \   0000B7   F0           MOVX    @DPTR,A
   \   0000B8   8A82         MOV     DPL,R2
   \   0000BA   8B83         MOV     DPH,R3
   \   0000BC   A3           INC     DPTR
   \   0000BD   E0           MOVX    A,@DPTR
   \   0000BE   F8           MOV     R0,A
   \   0000BF   A3           INC     DPTR
   \   0000C0   E0           MOVX    A,@DPTR
   \   0000C1   F9           MOV     R1,A
   \   0000C2   90....       MOV     DPTR,#GenericApp_DstAddr
   \   0000C5   E8           MOV     A,R0
   \   0000C6   F0           MOVX    @DPTR,A
   \   0000C7   A3           INC     DPTR
   \   0000C8   E9           MOV     A,R1
   \   0000C9   F0           MOVX    @DPTR,A
   \   0000CA   8A82         MOV     DPL,R2
   \   0000CC   8B83         MOV     DPH,R3
   \   0000CE   A3           INC     DPTR
   \   0000CF   A3           INC     DPTR
   \   0000D0   A3           INC     DPTR
   \   0000D1   A3           INC     DPTR
   \   0000D2   E0           MOVX    A,@DPTR
   \   0000D3   90....       MOV     DPTR,#GenericApp_DstAddr + 9
   \   0000D6   F0           MOVX    @DPTR,A
   \   0000D7                ; Setup parameters for call to function HalLedSet
   \   0000D7   7A01         MOV     R2,#0x1
   \   0000D9   7908         MOV     R1,#0x8
   \   0000DB   12....       LCALL   ??HalLedSet?relay
   \                     ??GenericApp_ProcessEvent_10:
   \   0000DE                ; Setup parameters for call to function osal_mem_free
   \   0000DE   AA..         MOV     R2,?V0 + 2
   \   0000E0   AB..         MOV     R3,?V0 + 3
   \   0000E2   12....       LCALL   ??osal_mem_free?relay
   \   0000E5   02....       LJMP    ??GenericApp_ProcessEvent_4 & 0xFFFF
   \                     ??GenericApp_ProcessEvent_9:
   \   0000E8   E5..         MOV     A,?V0 + 0
   \   0000EA   2413         ADD     A,#0x13
   \   0000EC   F582         MOV     DPL,A
   \   0000EE   E5..         MOV     A,?V0 + 1
   \   0000F0   3400         ADDC    A,#0x0
   \   0000F2   F583         MOV     DPH,A
   \   0000F4   E0           MOVX    A,@DPTR
   \   0000F5   F8           MOV     R0,A
   \   0000F6   A3           INC     DPTR
   \   0000F7   E0           MOVX    A,@DPTR
   \   0000F8   F583         MOV     DPH,A
   \   0000FA   8882         MOV     DPL,R0
   \   0000FC   E0           MOVX    A,@DPTR
   \   0000FD   700A         JNZ     ??GenericApp_ProcessEvent_11
   \   0000FF                ; Setup parameters for call to function HalLedSet
   \   0000FF   7A01         MOV     R2,#0x1
   \                     ??GenericApp_ProcessEvent_12:
   \   000101   7908         MOV     R1,#0x8
   \                     ??GenericApp_ProcessEvent_13:
   \   000103   12....       LCALL   ??HalLedSet?relay
   \   000106   02....       LJMP    ??GenericApp_ProcessEvent_4 & 0xFFFF
   \                     ??GenericApp_ProcessEvent_11:
   \   000109                ; Setup parameters for call to function HalLedSet
   \   000109   7A04         MOV     R2,#0x4
   \   00010B   80F4         SJMP    ??GenericApp_ProcessEvent_12
   \                     ??GenericApp_ProcessEvent_7:
   \   00010D   A3           INC     DPTR
   \   00010E   A3           INC     DPTR
   \   00010F   A3           INC     DPTR
   \   000110   E0           MOVX    A,@DPTR
   \   000111   F5..         MOV     ?V0 + 4,A
   \   000113   85..82       MOV     DPL,?V0 + 0
   \   000116   85..83       MOV     DPH,?V0 + 1
   \   000119   A3           INC     DPTR
   \   00011A   A3           INC     DPTR
   \   00011B   E0           MOVX    A,@DPTR
   \   00011C   6003         JZ      $+5
   \   00011E   02....       LJMP    ??GenericApp_ProcessEvent_4 & 0xFFFF
   \   000121   E5..         MOV     A,?V0 + 4
   \   000123   A2E1         MOV     C,0xE0 /* A   */.1
   \   000125   506D         JNC     ??GenericApp_ProcessEvent_14
   \   000127                ; Setup parameters for call to function HalLedSet
   \   000127   7A00         MOV     R2,#0x0
   \   000129   7908         MOV     R1,#0x8
   \   00012B   12....       LCALL   ??HalLedSet?relay
   \   00012E   7408         MOV     A,#0x8
   \   000130   12....       LCALL   ?XSTACK_DISP0_8
   \   000133   7402         MOV     A,#0x2
   \   000135   F0           MOVX    @DPTR,A
   \   000136   85..82       MOV     DPL,?XSP + 0
   \   000139   85..83       MOV     DPH,?XSP + 1
   \   00013C   E4           CLR     A
   \   00013D   F0           MOVX    @DPTR,A
   \   00013E   A3           INC     DPTR
   \   00013F   F0           MOVX    @DPTR,A
   \   000140                ; Setup parameters for call to function NLME_GetShortAddr
   \   000140   12....       LCALL   ??NLME_GetShortAddr?relay
   \   000143   8A..         MOV     ?V0 + 2,R2
   \   000145   8B..         MOV     ?V0 + 3,R3
   \   000147   AC..         MOV     R4,?V0 + 2
   \   000149   AD..         MOV     R5,?V0 + 3
   \   00014B   75....       MOV     ?V0 + 2,#GenericApp_ClusterList & 0xff
   \   00014E   75....       MOV     ?V0 + 3,#(GenericApp_ClusterList >> 8) & 0xff
   \   000151                ; Setup parameters for call to function ZDP_EndDeviceBindReq
   \   000151   75..00       MOV     ?V0 + 5,#0x0
   \   000154   78..         MOV     R0,#?V0 + 5
   \   000156   12....       LCALL   ?PUSH_XSTACK_I_ONE
   \   000159   78..         MOV     R0,#?V0 + 2
   \   00015B   12....       LCALL   ?PUSH_XSTACK_I_TWO
   \   00015E   75..01       MOV     ?V0 + 5,#0x1
   \   000161   78..         MOV     R0,#?V0 + 5
   \   000163   12....       LCALL   ?PUSH_XSTACK_I_ONE
   \   000166   78..         MOV     R0,#?V0 + 2
   \   000168   12....       LCALL   ?PUSH_XSTACK_I_TWO
   \   00016B   75..01       MOV     ?V0 + 2,#0x1
   \   00016E   78..         MOV     R0,#?V0 + 2
   \   000170   12....       LCALL   ?PUSH_XSTACK_I_ONE
   \   000173   75..04       MOV     ?V0 + 2,#0x4
   \   000176   75..0F       MOV     ?V0 + 3,#0xf
   \   000179   78..         MOV     R0,#?V0 + 2
   \   00017B   12....       LCALL   ?PUSH_XSTACK_I_TWO
   \   00017E   90....       MOV     DPTR,#GenericApp_epDesc
   \   000181   E0           MOVX    A,@DPTR
   \   000182   F9           MOV     R1,A
   \   000183   7409         MOV     A,#0x9
   \   000185   12....       LCALL   ?XSTACK_DISP0_8
   \   000188   AA82         MOV     R2,DPL
   \   00018A   AB83         MOV     R3,DPH
   \   00018C   12....       LCALL   ??ZDP_EndDeviceBindReq?relay
   \   00018F   7409         MOV     A,#0x9
   \   000191   12....       LCALL   ?DEALLOC_XSTACK8
   \                     ??GenericApp_ProcessEvent_14:
   \   000194   E5..         MOV     A,?V0 + 4
   \   000196   A2E3         MOV     C,0xE0 /* A   */.3
   \   000198   4003         JC      $+5
   \   00019A   02....       LJMP    ??GenericApp_ProcessEvent_4 & 0xFFFF
   \   00019D                ; Setup parameters for call to function HalLedSet
   \   00019D   7A00         MOV     R2,#0x0
   \   00019F   7908         MOV     R1,#0x8
   \   0001A1   12....       LCALL   ??HalLedSet?relay
   \   0001A4   7408         MOV     A,#0x8
   \   0001A6   12....       LCALL   ?XSTACK_DISP0_8
   \   0001A9   740F         MOV     A,#0xf
   \   0001AB   F0           MOVX    @DPTR,A
   \   0001AC   85..82       MOV     DPL,?XSP + 0
   \   0001AF   85..83       MOV     DPH,?XSP + 1
   \   0001B2   74FF         MOV     A,#-0x1
   \   0001B4   F0           MOVX    @DPTR,A
   \   0001B5   A3           INC     DPTR
   \   0001B6   F0           MOVX    @DPTR,A
   \   0001B7   75....       MOV     ?V0 + 2,#GenericApp_ClusterList & 0xff
   \   0001BA   75....       MOV     ?V0 + 3,#(GenericApp_ClusterList >> 8) & 0xff
   \   0001BD                ; Setup parameters for call to function ZDP_MatchDescReq
   \   0001BD   75..00       MOV     ?V0 + 4,#0x0
   \   0001C0   78..         MOV     R0,#?V0 + 4
   \   0001C2   12....       LCALL   ?PUSH_XSTACK_I_ONE
   \   0001C5   78..         MOV     R0,#?V0 + 2
   \   0001C7   12....       LCALL   ?PUSH_XSTACK_I_TWO
   \   0001CA   75..01       MOV     ?V0 + 4,#0x1
   \   0001CD   78..         MOV     R0,#?V0 + 4
   \   0001CF   12....       LCALL   ?PUSH_XSTACK_I_ONE
   \   0001D2   78..         MOV     R0,#?V0 + 2
   \   0001D4   12....       LCALL   ?PUSH_XSTACK_I_TWO
   \   0001D7   75..04       MOV     ?V0 + 2,#0x4
   \   0001DA   75..0F       MOV     ?V0 + 3,#0xf
   \   0001DD   78..         MOV     R0,#?V0 + 2
   \   0001DF   12....       LCALL   ?PUSH_XSTACK_I_TWO
   \   0001E2   7901         MOV     R1,#0x1
   \   0001E4   7CFF         MOV     R4,#-0x1
   \   0001E6   7DFF         MOV     R5,#-0x1
   \   0001E8   7408         MOV     A,#0x8
   \   0001EA   12....       LCALL   ?XSTACK_DISP0_8
   \   0001ED   AA82         MOV     R2,DPL
   \   0001EF   AB83         MOV     R3,DPH
   \   0001F1   12....       LCALL   ??ZDP_MatchDescReq?relay
   \   0001F4   7408         MOV     A,#0x8
   \   0001F6   12....       LCALL   ?DEALLOC_XSTACK8
   \   0001F9   02....       LJMP    ??GenericApp_ProcessEvent_4 & 0xFFFF
   \                     ??GenericApp_ProcessEvent_6:
   \   0001FC   A3           INC     DPTR
   \   0001FD   A3           INC     DPTR
   \   0001FE   A3           INC     DPTR
   \   0001FF   A3           INC     DPTR
   \   000200   E0           MOVX    A,@DPTR
   \   000201   6401         XRL     A,#0x1
   \   000203   7002         JNZ     ??GenericApp_ProcessEvent_15
   \   000205   A3           INC     DPTR
   \   000206   E0           MOVX    A,@DPTR
   \                     ??GenericApp_ProcessEvent_15:
   \   000207   6003         JZ      $+5
   \   000209   02....       LJMP    ??GenericApp_ProcessEvent_4 & 0xFFFF
   \   00020C                ; Setup parameters for call to function HalUARTWrite
   \   00020C   7C03         MOV     R4,#0x3
   \   00020E   7D00         MOV     R5,#0x0
   \   000210   7A..         MOV     R2,#`?<Constant "OK">` & 0xff
   \   000212   7B..         MOV     R3,#(`?<Constant "OK">` >> 8) & 0xff
   \   000214   7900         MOV     R1,#0x0
   \   000216   12....       LCALL   ??HalUARTWrite?relay
   \   000219                ; Setup parameters for call to function HalLedSet
   \   000219   7A08         MOV     R2,#0x8
   \   00021B   7901         MOV     R1,#0x1
   \   00021D   02....       LJMP    ??GenericApp_ProcessEvent_13 & 0xFFFF
    234              }
    235          
    236              // return unprocessed events
    237              return (events ^ SYS_EVENT_MSG);
   \                     ??GenericApp_ProcessEvent_5:
   \   000220   EE           MOV     A,R6
   \   000221   FA           MOV     R2,A
   \   000222   EF           MOV     A,R7
   \   000223   6480         XRL     A,#0x80
   \                     ??GenericApp_ProcessEvent_16:
   \   000225   FB           MOV     R3,A
   \   000226   02....       LJMP    ??GenericApp_ProcessEvent_17 & 0xFFFF
    238            }
    239          
    240            // Send a message out - This event is generated by a timer
    241            //  (setup in GenericApp_Init()).
    242            if ( events & GENERICAPP_SEND_MSG_EVT )
   \                     ??GenericApp_ProcessEvent_0:
   \   000229   EE           MOV     A,R6
   \   00022A   A2E0         MOV     C,0xE0 /* A   */.0
   \   00022C   507E         JNC     ??GenericApp_ProcessEvent_18
    243            {
    244              // Send "the" message
    245              GenericApp_SendTheMessage();
   \   00022E   7409         MOV     A,#0x9
   \   000230   12....       LCALL   ?XSTACK_DISP0_8
   \   000233   AC82         MOV     R4,DPL
   \   000235   AD83         MOV     R5,DPH
   \   000237   7583..       MOV     DPH,#(`?<Constant "Hello World">` >> 8) & 0xff
   \   00023A   7582..       MOV     DPL,#`?<Constant "Hello World">` & 0xff
   \   00023D   740C         MOV     A,#0xc
   \   00023F   12....       LCALL   ?MOVE_LONG8_XDATA_XDATA
   \   000242                ; Setup parameters for call to function AF_DataRequest
   \   000242   75..1E       MOV     ?V0 + 0,#0x1e
   \   000245   78..         MOV     R0,#?V0 + 0
   \   000247   12....       LCALL   ?PUSH_XSTACK_I_ONE
   \   00024A   75....       MOV     ?V0 + 0,#GenericApp_TransID & 0xff
   \   00024D   75....       MOV     ?V0 + 1,#(GenericApp_TransID >> 8) & 0xff
   \   000250   78..         MOV     R0,#?V0 + 0
   \   000252   12....       LCALL   ?PUSH_XSTACK_I_TWO
   \   000255   740C         MOV     A,#0xc
   \   000257   12....       LCALL   ?XSTACK_DISP0_8
   \   00025A   8582..       MOV     ?V0 + 0,DPL
   \   00025D   8583..       MOV     ?V0 + 1,DPH
   \   000260   78..         MOV     R0,#?V0 + 0
   \   000262   12....       LCALL   ?PUSH_XSTACK_I_TWO
   \   000265   75..0D       MOV     ?V0 + 0,#0xd
   \   000268   75..00       MOV     ?V0 + 1,#0x0
   \   00026B   78..         MOV     R0,#?V0 + 0
   \   00026D   12....       LCALL   ?PUSH_XSTACK_I_TWO
   \   000270   75..01       MOV     ?V0 + 0,#0x1
   \   000273   78..         MOV     R0,#?V0 + 0
   \   000275   12....       LCALL   ?PUSH_XSTACK_I_TWO
   \   000278   7920         MOV     R1,#0x20
   \   00027A   7C..         MOV     R4,#GenericApp_epDesc & 0xff
   \   00027C   7D..         MOV     R5,#(GenericApp_epDesc >> 8) & 0xff
   \   00027E   7A..         MOV     R2,#GenericApp_DstAddr & 0xff
   \   000280   7B..         MOV     R3,#(GenericApp_DstAddr >> 8) & 0xff
   \   000282   12....       LCALL   ??AF_DataRequest?relay
   \   000285   7409         MOV     A,#0x9
   \   000287   12....       LCALL   ?DEALLOC_XSTACK8
   \   00028A   E9           MOV     A,R1
   \   00028B   7007         JNZ     ??GenericApp_ProcessEvent_19
   \   00028D                ; Setup parameters for call to function HalLedSet
   \   00028D   7A08         MOV     R2,#0x8
   \   00028F   7901         MOV     R1,#0x1
   \   000291   12....       LCALL   ??HalLedSet?relay
    246          
    247              // Setup to send message again
    248              osal_start_timerEx( GenericApp_TaskID,
    249                                  GENERICAPP_SEND_MSG_EVT,
    250                                  GENERICAPP_SEND_MSG_TIMEOUT );
   \                     ??GenericApp_ProcessEvent_19:
   \   000294                ; Setup parameters for call to function osal_start_timerEx
   \   000294   7C88         MOV     R4,#-0x78
   \   000296   7D13         MOV     R5,#0x13
   \   000298   7A01         MOV     R2,#0x1
   \   00029A   7B00         MOV     R3,#0x0
   \   00029C   90....       MOV     DPTR,#GenericApp_TaskID
   \   00029F   E0           MOVX    A,@DPTR
   \   0002A0   F9           MOV     R1,A
   \   0002A1   12....       LCALL   ??osal_start_timerEx?relay
    251          
    252              // return unprocessed events
    253              return (events ^ GENERICAPP_SEND_MSG_EVT);
   \   0002A4   EE           MOV     A,R6
   \   0002A5   6401         XRL     A,#0x1
   \   0002A7   FA           MOV     R2,A
   \   0002A8   EF           MOV     A,R7
   \   0002A9   02....       LJMP    ??GenericApp_ProcessEvent_16 & 0xFFFF
    254            }
    255          
    256            // Discard unknown events
    257            return 0;
   \                     ??GenericApp_ProcessEvent_18:
   \   0002AC   7A00         MOV     R2,#0x0
   \   0002AE   7B00         MOV     R3,#0x0
   \                     ??GenericApp_ProcessEvent_17:
   \   0002B0   7415         MOV     A,#0x15
   \   0002B2   12....       LCALL   ?DEALLOC_XSTACK8
   \   0002B5   7F06         MOV     R7,#0x6
   \   0002B7   02....       LJMP    ?BANKED_LEAVE_XDATA
    258          }

   \                                 In  segment BANK_RELAYS, align 1
   \                     ??GenericApp_Init?relay:
   \   000000   12....       LCALL   ?BDISPATCH
   \   000003   ......       DC24    GenericApp_Init

   \                                 In  segment BANK_RELAYS, align 1
   \                     ??GenericApp_ProcessEvent?relay:
   \   000000   12....       LCALL   ?BDISPATCH
   \   000003   ......       DC24    GenericApp_ProcessEvent

   \                                 In  segment XDATA_ROM_C, align 1
   \                     `?<Constant "OK">`:
   \   000000   4F4B00       DB "OK"

   \                                 In  segment XDATA_ROM_C, align 1
   \                     `?<Constant "Hello World">`:
   \   000000   48656C6C     DB "Hello World"
   \            6F20576F
   \            726C6400
    259          
    260          /*********************************************************************
    261           * Event Generation Functions
    262           */
    263          
    264          /*********************************************************************
    265           * @fn      GenericApp_ProcessZDOMsgs()
    266           *
    267           * @brief   Process response messages
    268           *
    269           * @param   none
    270           *
    271           * @return  none
    272           */
    273          static void GenericApp_ProcessZDOMsgs( zdoIncomingMsg_t *inMsg )
    274          {
    275            switch ( inMsg->clusterID )
    276            {
    277              case End_Device_Bind_rsp:
    278                if ( ZDO_ParseBindRsp( inMsg ) == ZSuccess )
    279                {
    280                  // Light LED
    281                  HalLedSet( HAL_LED_4, HAL_LED_MODE_ON );
    282                }
    283          #if defined( BLINK_LEDS )
    284                else
    285                {
    286                  // Flash LED to show failure
    287                  HalLedSet ( HAL_LED_4, HAL_LED_MODE_FLASH );
    288                }
    289          #endif
    290                break;
    291          
    292              case Match_Desc_rsp:
    293                {
    294                  ZDO_ActiveEndpointRsp_t *pRsp = ZDO_ParseEPListRsp( inMsg );
    295                  if ( pRsp )
    296                  {
    297                    if ( pRsp->status == ZSuccess && pRsp->cnt )
    298                    {
    299                      GenericApp_DstAddr.addrMode = (afAddrMode_t)Addr16Bit;
    300                      GenericApp_DstAddr.addr.shortAddr = pRsp->nwkAddr;
    301                      // Take the first endpoint, Can be changed to search through endpoints
    302                      GenericApp_DstAddr.endPoint = pRsp->epList[0];
    303          
    304                      // Light LED
    305                      HalLedSet( HAL_LED_4, HAL_LED_MODE_ON );
    306                    }
    307                    osal_mem_free( pRsp );
    308                  }
    309                }
    310                break;
    311            }
    312          }
    313          
    314          /*********************************************************************
    315           * @fn      GenericApp_HandleKeys
    316           *
    317           * @brief   Handles all key events for this device.
    318           *
    319           * @param   shift - true if in shift/alt.
    320           * @param   keys - bit field for key events. Valid entries:
    321           *                 HAL_KEY_SW_4
    322           *                 HAL_KEY_SW_3
    323           *                 HAL_KEY_SW_2
    324           *                 HAL_KEY_SW_1
    325           *
    326           * @return  none
    327           */
    328          static void GenericApp_HandleKeys( uint8 shift, uint8 keys )
    329          {
    330            zAddrType_t dstAddr;
    331          
    332            // Shift is used to make each button/switch dual purpose.
    333            if ( shift )
    334            {
    335              if ( keys & HAL_KEY_SW_1 )
    336              {
    337              }
    338              if ( keys & HAL_KEY_SW_2 )
    339              {
    340              }
    341              if ( keys & HAL_KEY_SW_3 )
    342              {
    343              }
    344              if ( keys & HAL_KEY_SW_4 )
    345              {
    346              }
    347            }
    348            else
    349            {
    350              if ( keys & HAL_KEY_SW_1 )
    351              {
    352                // Since SW1 isn't used for anything else in this application...
    353          #if defined( SWITCH1_BIND )
    354                // we can use SW1 to simulate SW2 for devices that only have one switch,
    355                keys |= HAL_KEY_SW_2;
    356          #elif defined( SWITCH1_MATCH )
    357                // or use SW1 to simulate SW4 for devices that only have one switch
    358                keys |= HAL_KEY_SW_4;
    359          #endif
    360              }
    361          
    362              if ( keys & HAL_KEY_SW_2 )
    363              {
    364                HalLedSet ( HAL_LED_4, HAL_LED_MODE_OFF );
    365          
    366                // Initiate an End Device Bind Request for the mandatory endpoint
    367                dstAddr.addrMode = Addr16Bit;
    368                dstAddr.addr.shortAddr = 0x0000; // Coordinator
    369                ZDP_EndDeviceBindReq( &dstAddr, NLME_GetShortAddr(),
    370                                      GenericApp_epDesc.endPoint,
    371                                      GENERICAPP_PROFID,
    372                                      GENERICAPP_MAX_CLUSTERS, (cId_t *)GenericApp_ClusterList,
    373                                      GENERICAPP_MAX_CLUSTERS, (cId_t *)GenericApp_ClusterList,
    374                                      FALSE );
    375              }
    376          
    377              if ( keys & HAL_KEY_SW_3 )
    378              {
    379              }
    380          
    381              if ( keys & HAL_KEY_SW_4 )
    382              {
    383                HalLedSet ( HAL_LED_4, HAL_LED_MODE_OFF );
    384                // Initiate a Match Description Request (Service Discovery)
    385                dstAddr.addrMode = AddrBroadcast;
    386                dstAddr.addr.shortAddr = NWK_BROADCAST_SHORTADDR;
    387                ZDP_MatchDescReq( &dstAddr, NWK_BROADCAST_SHORTADDR,
    388                                  GENERICAPP_PROFID,
    389                                  GENERICAPP_MAX_CLUSTERS, (cId_t *)GenericApp_ClusterList,
    390                                  GENERICAPP_MAX_CLUSTERS, (cId_t *)GenericApp_ClusterList,
    391                                  FALSE );
    392              }
    393            }
    394          }
    395          
    396          /*********************************************************************
    397           * LOCAL FUNCTIONS
    398           */
    399          
    400          /*********************************************************************
    401           * @fn      GenericApp_MessageMSGCB
    402           *
    403           * @brief   Data message processor callback.  This function processes
    404           *          any incoming data - probably from other devices.  So, based
    405           *          on cluster ID, perform the intended action.
    406           *
    407           * @param   none
    408           *
    409           * @return  none
    410           */
    411          static void GenericApp_MessageMSGCB( afIncomingMSGPacket_t *pkt )
    412          {
    413            switch ( pkt->clusterId )
    414            {
    415              case GENERICAPP_CLUSTERID:
    416                 // HalUARTWrite(0,pkt->cmd.Data,pkt->cmd.DataLength+1);
    417                  HalUARTWrite(0,"OK",3);
    418                  HalLedSet (HAL_LED_1, HAL_LED_MODE_TOGGLE);
    419                break;
    420            }
    421          }
    422          
    423          /*********************************************************************
    424           * @fn      GenericApp_SendTheMessage
    425           *
    426           * @brief   Send "the" message.
    427           *
    428           * @param   none
    429           *
    430           * @return  none
    431           */
    432          static void GenericApp_SendTheMessage( void )
    433          {
    434            uint8 dat[] = "Hello World";
    435          
    436            if ( AF_DataRequest( &GenericApp_DstAddr, &GenericApp_epDesc,
    437                                 GENERICAPP_CLUSTERID,
    438                                 sizeof(dat) + 1,
    439                                 (uint8 *)&dat,
    440                                 &GenericApp_TransID,
    441                                 AF_DISCV_ROUTE, AF_DEFAULT_RADIUS ) == afStatus_SUCCESS )
    442            {
    443             HalLedSet (HAL_LED_1, HAL_LED_MODE_TOGGLE);
    444            }
    445            else
    446            {
    447              
    448            }
    449          }
    450          

   Maximum stack usage in bytes:

     Function                   ISTACK PSTACK XSTACK
     --------                   ------ ------ ------
     GenericApp_Init                0      0      9
       -> afRegister                0      0     18
       -> RegisterForKeys           0      0     18
       -> GenericApp_UartInit       0      0     18
       -> ZDO_RegisterForZDOMsg     0      0     18
       -> ZDO_RegisterForZDOMsg     0      0     18
     GenericApp_ProcessEvent        2      0     44
       -> osal_msg_receive          0      0     70
       -> osal_start_timerEx        0      0     70
       -> osal_msg_deallocate       0      0     70
       -> osal_msg_receive          0      0     70
       -> ZDO_ParseEPListRsp        0      0     70
       -> HalLedSet                 0      0     70
       -> osal_mem_free             0      0     70
       -> HalLedSet                 0      0     70
       -> HalLedSet                 0      0     70
       -> HalLedSet                 0      0     70
       -> NLME_GetShortAddr         0      0     70
       -> ZDP_EndDeviceBindReq      0      0     88
       -> HalLedSet                 0      0     70
       -> ZDP_MatchDescReq          0      0     86
       -> HalUARTWrite              0      0     70
       -> HalLedSet                 0      0     70
       -> AF_DataRequest            0      0     88
       -> HalLedSet                 0      0     70
       -> osal_start_timerEx        0      0     70


   Segment part sizes:

     Function/Label                  Bytes
     --------------                  -----
     GenericApp_ClusterList             2
     GenericApp_SimpleDesc             12
     GenericApp_epDesc                  6
     GenericApp_TaskID                  1
     GenericApp_NwkState                1
     GenericApp_TransID                 1
     GenericApp_DstAddr                12
     GenericApp_Init                  110
     GenericApp_ProcessEvent          698
     ??GenericApp_Init?relay            6
     ??GenericApp_ProcessEvent?relay    6
     ?<Constant "OK">                   3
     ?<Constant "Hello World">         12

 
 808 bytes in segment BANKED_CODE
  12 bytes in segment BANK_RELAYS
  29 bytes in segment XDATA_ROM_C
  21 bytes in segment XDATA_Z
 
 820 bytes of CODE  memory
  29 bytes of CONST memory
  21 bytes of XDATA memory

Errors: none
Warnings: none
