###############################################################################
#                                                                             #
# IAR C/C++ Compiler V8.10.3.10338/W32 for 8051         08/Nov/2016  13:42:18 #
# Copyright 2004-2011 IAR Systems AB.                                         #
#                                                                             #
#    Core               =  plain                                              #
#    Code model         =  banked                                             #
#    Data model         =  large                                              #
#    Calling convention =  xdata reentrant                                    #
#    Constant location  =  data_rom                                           #
#    Dptr setup         =  1,16                                               #
#    Source file        =  E:\gitshell\ZigBee\ZBStudy\Projects\zstack\HomeAut #
#                          omation\SampleCoordinator\Source\zcl_samplelight.c #
#    Command line       =  -f E:\gitshell\ZigBee\ZBStudy\Projects\zstack\Home #
#                          Automation\SampleCoordinator\CC2530DB\..\..\..\Too #
#                          ls\CC2530DB\f8wCoord.cfg (-DCPU32MHZ               #
#                          -DROOT=__near_func -DMAC_CFG_APP_PENDING_QUEUE=TRU #
#                          E -DMAC_CFG_TX_DATA_MAX=5 -DMAC_CFG_TX_MAX=8       #
#                          -DMAC_CFG_RX_MAX=5 -DZDO_COORDINATOR -DRTR_NWK)    #
#                          -f E:\gitshell\ZigBee\ZBStudy\Projects\zstack\Home #
#                          Automation\SampleCoordinator\CC2530DB\..\..\..\Too #
#                          ls\CC2530DB\f8wConfig.cfg (-DZIGBEEPRO -DSECURE=0  #
#                          -DZG_SECURE_DYNAMIC=0 -DREFLECTOR                  #
#                          -DDEFAULT_CHANLIST=0x00000800                      #
#                          -DZDAPP_CONFIG_PAN_ID=0xFFF2                       #
#                          -DNWK_START_DELAY=100 -DEXTENDED_JOINING_RANDOM_MA #
#                          SK=0x007F -DBEACON_REQUEST_DELAY=100               #
#                          -DBEACON_REQ_DELAY_MASK=0x00FF                     #
#                          -DLINK_STATUS_JITTER_MASK=0x007F                   #
#                          -DROUTE_EXPIRY_TIME=30 -DAPSC_ACK_WAIT_DURATION_PO #
#                          LLED=3000 -DNWK_INDIRECT_MSG_TIMEOUT=7             #
#                          -DMAX_RREQ_ENTRIES=8 -DAPSC_MAX_FRAME_RETRIES=3    #
#                          -DNWK_MAX_DATA_RETRIES=2                           #
#                          -DMAX_POLL_FAILURE_RETRIES=2 -DMAX_BCAST=9         #
#                          -DAPS_MAX_GROUPS=16 -DMAX_RTG_ENTRIES=40           #
#                          -DNWK_MAX_BINDING_ENTRIES=4                        #
#                          -DMAX_BINDING_CLUSTER_IDS=4 "-DDEFAULT_KEY={0x01,  #
#                          0x03, 0x05, 0x07, 0x09, 0x0B, 0x0D, 0x0F, 0x00,    #
#                          0x02, 0x04, 0x06, 0x08, 0x0A, 0x0C, 0x0D}"         #
#                          -DMAC_MAX_FRAME_SIZE=116                           #
#                          -DZDNWKMGR_MIN_TRANSMISSIONS=20 "-DCONST=const     #
#                          __code" -DGENERIC=__generic                        #
#                          -DRFD_RCVC_ALWAYS_ON=FALSE -DPOLL_RATE=1000        #
#                          -DQUEUED_POLL_RATE=100 -DRESPONSE_POLL_RATE=100    #
#                          -DREJOIN_POLL_RATE=440) -f                         #
#                          E:\gitshell\ZigBee\ZBStudy\Projects\zstack\HomeAut #
#                          omation\SampleCoordinator\CC2530DB\..\..\..\Tools\ #
#                          CC2530DB\f8wZCL.cfg (-DZCL_READ -DZCL_WRITE        #
#                          -DZCL_BASIC -DZCL_IDENTIFY -DZCL_ON_OFF            #
#                          -DZCL_KEY_ESTABLISH -DZCL_KEY_ESTABLISHMENT_KEY_GE #
#                          NERATE_TIMEOUT=4 -DZCL_KEY_ESTABLISHMENT_MAC_GENER #
#                          ATE_TIMEOUT=10 -DZCL_KEY_ESTABLISHMENT_EKEY_GENERA #
#                          TE_TIMEOUT=10 -DZCL_LOAD_CONTROL                   #
#                          -DZCL_SIMPLE_METERING -DZCL_PRICING -DZCL_MESSAGE  #
#                          -DZCL_TUNNELING -DZCL_TOU) -DZCL_DEVICE_MGMT       #
#                          E:\gitshell\ZigBee\ZBStudy\Projects\zstack\HomeAut #
#                          omation\SampleCoordinator\Source\zcl_samplelight.c #
#                           -D ZTOOL_P1 -D MT_TASK -D MT_APP_FUNC -D          #
#                          MT_SYS_FUNC -D MT_ZDO_FUNC -D LCD_SUPPORTED=DEBUG  #
#                          -lC E:\gitshell\ZigBee\ZBStudy\Projects\zstack\Hom #
#                          eAutomation\SampleCoordinator\CC2530DB\Coordinator #
#                          EB\List\ -lA E:\gitshell\ZigBee\ZBStudy\Projects\z #
#                          stack\HomeAutomation\SampleCoordinator\CC2530DB\Co #
#                          ordinatorEB\List\ --diag_suppress Pe001,Pa010 -o   #
#                          E:\gitshell\ZigBee\ZBStudy\Projects\zstack\HomeAut #
#                          omation\SampleCoordinator\CC2530DB\CoordinatorEB\O #
#                          bj\ -e --no_code_motion --debug --core=plain       #
#                          --dptr=16,1 --data_model=large                     #
#                          --code_model=banked --calling_convention=xdata_ree #
#                          ntrant --place_constants=data_rom                  #
#                          --nr_virtual_regs 16 -I E:\gitshell\ZigBee\ZBStudy #
#                          \Projects\zstack\HomeAutomation\SampleCoordinator\ #
#                          CC2530DB\ -I E:\gitshell\ZigBee\ZBStudy\Projects\z #
#                          stack\HomeAutomation\SampleCoordinator\CC2530DB\.. #
#                          \Source\ -I E:\gitshell\ZigBee\ZBStudy\Projects\zs #
#                          tack\HomeAutomation\SampleCoordinator\CC2530DB\..\ #
#                          ..\Source\ -I E:\gitshell\ZigBee\ZBStudy\Projects\ #
#                          zstack\HomeAutomation\SampleCoordinator\CC2530DB\. #
#                          .\..\..\ZMain\TI2530DB\ -I                         #
#                          E:\gitshell\ZigBee\ZBStudy\Projects\zstack\HomeAut #
#                          omation\SampleCoordinator\CC2530DB\..\..\..\..\..\ #
#                          Components\hal\include\ -I                         #
#                          E:\gitshell\ZigBee\ZBStudy\Projects\zstack\HomeAut #
#                          omation\SampleCoordinator\CC2530DB\..\..\..\..\..\ #
#                          Components\hal\target\CC2530EB\ -I                 #
#                          E:\gitshell\ZigBee\ZBStudy\Projects\zstack\HomeAut #
#                          omation\SampleCoordinator\CC2530DB\..\..\..\..\..\ #
#                          Components\mac\include\ -I                         #
#                          E:\gitshell\ZigBee\ZBStudy\Projects\zstack\HomeAut #
#                          omation\SampleCoordinator\CC2530DB\..\..\..\..\..\ #
#                          Components\mac\high_level\ -I                      #
#                          E:\gitshell\ZigBee\ZBStudy\Projects\zstack\HomeAut #
#                          omation\SampleCoordinator\CC2530DB\..\..\..\..\..\ #
#                          Components\mac\low_level\srf04\ -I                 #
#                          E:\gitshell\ZigBee\ZBStudy\Projects\zstack\HomeAut #
#                          omation\SampleCoordinator\CC2530DB\..\..\..\..\..\ #
#                          Components\mac\low_level\srf04\single_chip\ -I     #
#                          E:\gitshell\ZigBee\ZBStudy\Projects\zstack\HomeAut #
#                          omation\SampleCoordinator\CC2530DB\..\..\..\..\..\ #
#                          Components\mt\ -I E:\gitshell\ZigBee\ZBStudy\Proje #
#                          cts\zstack\HomeAutomation\SampleCoordinator\CC2530 #
#                          DB\..\..\..\..\..\Components\osal\include\ -I      #
#                          E:\gitshell\ZigBee\ZBStudy\Projects\zstack\HomeAut #
#                          omation\SampleCoordinator\CC2530DB\..\..\..\..\..\ #
#                          Components\services\saddr\ -I                      #
#                          E:\gitshell\ZigBee\ZBStudy\Projects\zstack\HomeAut #
#                          omation\SampleCoordinator\CC2530DB\..\..\..\..\..\ #
#                          Components\services\sdata\ -I                      #
#                          E:\gitshell\ZigBee\ZBStudy\Projects\zstack\HomeAut #
#                          omation\SampleCoordinator\CC2530DB\..\..\..\..\..\ #
#                          Components\stack\af\ -I E:\gitshell\ZigBee\ZBStudy #
#                          \Projects\zstack\HomeAutomation\SampleCoordinator\ #
#                          CC2530DB\..\..\..\..\..\Components\stack\nwk\ -I   #
#                          E:\gitshell\ZigBee\ZBStudy\Projects\zstack\HomeAut #
#                          omation\SampleCoordinator\CC2530DB\..\..\..\..\..\ #
#                          Components\stack\sapi\ -I                          #
#                          E:\gitshell\ZigBee\ZBStudy\Projects\zstack\HomeAut #
#                          omation\SampleCoordinator\CC2530DB\..\..\..\..\..\ #
#                          Components\stack\sec\ -I                           #
#                          E:\gitshell\ZigBee\ZBStudy\Projects\zstack\HomeAut #
#                          omation\SampleCoordinator\CC2530DB\..\..\..\..\..\ #
#                          Components\stack\sys\ -I                           #
#                          E:\gitshell\ZigBee\ZBStudy\Projects\zstack\HomeAut #
#                          omation\SampleCoordinator\CC2530DB\..\..\..\..\..\ #
#                          Components\stack\zcl\ -I                           #
#                          E:\gitshell\ZigBee\ZBStudy\Projects\zstack\HomeAut #
#                          omation\SampleCoordinator\CC2530DB\..\..\..\..\..\ #
#                          Components\stack\zdo\ -I                           #
#                          E:\gitshell\ZigBee\ZBStudy\Projects\zstack\HomeAut #
#                          omation\SampleCoordinator\CC2530DB\..\..\..\..\..\ #
#                          Components\zmac\ -I E:\gitshell\ZigBee\ZBStudy\Pro #
#                          jects\zstack\HomeAutomation\SampleCoordinator\CC25 #
#                          30DB\..\..\..\..\..\Components\zmac\f8w\ -Ohz      #
#                          --require_prototypes                               #
#    List file          =  E:\gitshell\ZigBee\ZBStudy\Projects\zstack\HomeAut #
#                          omation\SampleCoordinator\CC2530DB\CoordinatorEB\L #
#                          ist\zcl_samplelight.lst                            #
#    Object file        =  E:\gitshell\ZigBee\ZBStudy\Projects\zstack\HomeAut #
#                          omation\SampleCoordinator\CC2530DB\CoordinatorEB\O #
#                          bj\zcl_samplelight.r51                             #
#                                                                             #
#                                                                             #
###############################################################################

E:\gitshell\ZigBee\ZBStudy\Projects\zstack\HomeAutomation\SampleCoordinator\Source\zcl_samplelight.c
      1          /**************************************************************************************************
      2            Filename:       zcl_sampleLight.c
      3            Revised:        $Date: 2009-03-18 15:56:27 -0700 (Wed, 18 Mar 2009) $
      4            Revision:       $Revision: 19453 $
      5          
      6          
      7            Description:    Zigbee Cluster Library - sample device application.
      8          
      9          
     10            Copyright 2006-2009 Texas Instruments Incorporated. All rights reserved.
     11          
     12            IMPORTANT: Your use of this Software is limited to those specific rights
     13            granted under the terms of a software license agreement between the user
     14            who downloaded the software, his/her employer (which must be your employer)
     15            and Texas Instruments Incorporated (the "License").  You may not use this
     16            Software unless you agree to abide by the terms of the License. The License
     17            limits your use, and you acknowledge, that the Software may not be modified,
     18            copied or distributed unless embedded on a Texas Instruments microcontroller
     19            or used solely and exclusively in conjunction with a Texas Instruments radio
     20            frequency transceiver, which is integrated into your product.  Other than for
     21            the foregoing purpose, you may not use, reproduce, copy, prepare derivative
     22            works of, modify, distribute, perform, display or sell this Software and/or
     23            its documentation for any purpose.
     24          
     25            YOU FURTHER ACKNOWLEDGE AND AGREE THAT THE SOFTWARE AND DOCUMENTATION ARE
     26            PROVIDED “AS IS?WITHOUT WARRANTY OF ANY KIND, EITHER EXPRESS OR IMPLIED, 
     27            INCLUDING WITHOUT LIMITATION, ANY WARRANTY OF MERCHANTABILITY, TITLE, 
     28            NON-INFRINGEMENT AND FITNESS FOR A PARTICULAR PURPOSE. IN NO EVENT SHALL
     29            TEXAS INSTRUMENTS OR ITS LICENSORS BE LIABLE OR OBLIGATED UNDER CONTRACT,
     30            NEGLIGENCE, STRICT LIABILITY, CONTRIBUTION, BREACH OF WARRANTY, OR OTHER
     31            LEGAL EQUITABLE THEORY ANY DIRECT OR INDIRECT DAMAGES OR EXPENSES
     32            INCLUDING BUT NOT LIMITED TO ANY INCIDENTAL, SPECIAL, INDIRECT, PUNITIVE
     33            OR CONSEQUENTIAL DAMAGES, LOST PROFITS OR LOST DATA, COST OF PROCUREMENT
     34            OF SUBSTITUTE GOODS, TECHNOLOGY, SERVICES, OR ANY CLAIMS BY THIRD PARTIES
     35            (INCLUDING BUT NOT LIMITED TO ANY DEFENSE THEREOF), OR OTHER SIMILAR COSTS.
     36          
     37            Should you have any questions regarding your right to use this Software,
     38            contact Texas Instruments Incorporated at www.TI.com. 
     39          **************************************************************************************************/
     40          
     41          /*********************************************************************
     42            This device will be like a Light device.  This application is not
     43            intended to be a Light device, but will use the device description
     44            to implement this sample code.
     45          *********************************************************************/
     46          
     47          /*********************************************************************
     48           * INCLUDES
     49           */
     50          #include "ZComDef.h"
     51          #include "OSAL.h"
     52          #include "AF.h"
     53          #include "ZDApp.h"
     54          
     55          #include "zcl.h"
     56          #include "zcl_general.h"
     57          #include "zcl_ha.h"
     58          
     59          #include "zcl_samplelight.h"
     60          
     61          #include "onboard.h"
     62          
     63          /* HAL */
     64          #include "hal_lcd.h"
     65          #include "hal_led.h"
     66          #include "hal_key.h"
     67          
     68          
     69          /*********************************************************************
     70           * MACROS
     71           */
     72          
     73          /*********************************************************************
     74           * CONSTANTS
     75           */
     76          /*********************************************************************
     77           * TYPEDEFS
     78           */
     79          
     80          /*********************************************************************
     81           * GLOBAL VARIABLES
     82           */

   \                                 In  segment XDATA_Z, align 1, keep-with-next
     83          byte zclSampleLight_TaskID;
   \                     zclSampleLight_TaskID:
   \   000000                DS 1
   \   000001                REQUIRE __INIT_XDATA_Z
     84          
     85          /*********************************************************************
     86           * GLOBAL FUNCTIONS
     87           */
     88          
     89          /*********************************************************************
     90           * LOCAL VARIABLES
     91           */
     92          //static afAddrType_t zclSampleLight_DstAddr;
     93          
     94          // Test Endpoint to allow SYS_APP_MSGs

   \                                 In  segment XDATA_I, align 1, keep-with-next
     95          static endPointDesc_t sampleLight_TestEp =
   \                     sampleLight_TestEp:
   \   000000                DS 6
   \   000006                REQUIRE `?<Initializer for sampleLight_TestEp>`
   \   000006                REQUIRE __INIT_XDATA_I
     96          {
     97            SAMPLELIGHT_ENDPOINT,                                 // Test endpoint
     98            &zclSampleLight_TaskID,
     99            (SimpleDescriptionFormat_t *)&zclSampleLight_SimpleDesc,  // No Simple description for this test endpoint
    100            (afNetworkLatencyReq_t)0            // No Network Latency req
    101          };
    102          
    103          /*********************************************************************
    104           * LOCAL FUNCTIONS
    105           */
    106          static void zclSampleLight_HandleKeys( byte shift, byte keys );
    107          static void zclSampleLight_BasicResetCB( void );
    108          static void zclSampleLight_IdentifyCB( zclIdentify_t *pCmd );
    109          static void zclSampleLight_IdentifyQueryRspCB( zclIdentifyQueryRsp_t *pRsp );
    110          static void zclSampleLight_OnOffCB( uint8 cmd );
    111          static void zclSampleLight_ProcessIdentifyTimeChange( void );
    112          static void afSampleLight_ProcessIncomingMsg( afIncomingMSGPacket_t *pInMsg );
    113          // Functions to process ZCL Foundation incoming Command/Response messages 
    114          static void zclSampleLight_ProcessIncomingMsg( zclIncomingMsg_t *msg );
    115          #ifdef ZCL_READ
    116          static uint8 zclSampleLight_ProcessInReadRspCmd( zclIncomingMsg_t *pInMsg );
    117          #endif
    118          #ifdef ZCL_WRITE
    119          static uint8 zclSampleLight_ProcessInWriteRspCmd( zclIncomingMsg_t *pInMsg );
    120          #endif
    121          static uint8 zclSampleLight_ProcessInDefaultRspCmd( zclIncomingMsg_t *pInMsg );
    122          #ifdef ZCL_DISCOVER
    123          static uint8 zclSampleLight_ProcessInDiscRspCmd( zclIncomingMsg_t *pInMsg );
    124          #endif
    125          
    126          /*********************************************************************
    127           * ZCL General Profile Callback table
    128           */

   \                                 In  segment XDATA_I, align 1, keep-with-next
    129          static zclGeneral_AppCallbacks_t zclSampleLight_CmdCallbacks =
   \                     zclSampleLight_CmdCallbacks:
   \   000000                DS 30
   \   00001E                REQUIRE `?<Initializer for zclSampleLight_CmdCallbacks>`
   \   00001E                REQUIRE __INIT_XDATA_I
    130          {
    131            zclSampleLight_BasicResetCB,              // Basic Cluster Reset command
    132            zclSampleLight_IdentifyCB,                // Identify command  
    133            zclSampleLight_IdentifyQueryRspCB,        // Identify Query Response command
    134            zclSampleLight_OnOffCB,                   // On/Off cluster command
    135            NULL,                                     // Level Control Move to Level command
    136            NULL,                                     // Level Control Move command
    137            NULL,                                     // Level Control Step command
    138            NULL,                                     // Group Response commands
    139            NULL,                                     // Scene Store Request command
    140            NULL,                                     // Scene Recall Request command
    141            NULL,                                     // Scene Response command
    142            NULL,                                     // Alarm (Response) command
    143            NULL,                                     // RSSI Location commands
    144            NULL,                                     // RSSI Location Response commands
    145          };
    146          
    147          /*********************************************************************
    148           * @fn          zclSampleLight_Init
    149           *
    150           * @brief       Initialization function for the zclGeneral layer.
    151           *
    152           * @param       none
    153           *
    154           * @return      none
    155           */

   \                                 In  segment BANKED_CODE, align 1, keep-with-next
    156          void zclSampleLight_Init( byte task_id )
   \                     zclSampleLight_Init:
    157          {
   \   000000   74F7         MOV     A,#-0x9
   \   000002   12....       LCALL   ?BANKED_ENTER_XDATA
   \   000005                ; Saved register size: 9
   \   000005                ; Auto size: 0
   \   000005   E9           MOV     A,R1
    158            zclSampleLight_TaskID = task_id;
   \   000006   90....       MOV     DPTR,#zclSampleLight_TaskID
   \   000009   F0           MOVX    @DPTR,A
    159          
    160            // Set destination address to indirect
    161            //zclSampleLight_DstAddr.addrMode = (afAddrMode_t)AddrNotPresent;
    162            //zclSampleLight_DstAddr.endPoint = 0;
    163            //zclSampleLight_DstAddr.addr.shortAddr = 0;
    164          
    165            // This app is part of the Home Automation Profile
    166            zclHA_Init( &zclSampleLight_SimpleDesc );
   \   00000A                ; Setup parameters for call to function zclHA_Init
   \   00000A   7A..         MOV     R2,#zclSampleLight_SimpleDesc & 0xff
   \   00000C   7B..         MOV     R3,#(zclSampleLight_SimpleDesc >> 8) & 0xff
   \   00000E   12....       LCALL   ??zclHA_Init?relay
    167          
    168            // Register the ZCL General Cluster Library callback functions
    169            zclGeneral_RegisterCmdCallbacks( SAMPLELIGHT_ENDPOINT, &zclSampleLight_CmdCallbacks );
   \   000011                ; Setup parameters for call to function zclGeneral_RegisterCmdCallbacks
   \   000011   7A..         MOV     R2,#zclSampleLight_CmdCallbacks & 0xff
   \   000013   7B..         MOV     R3,#(zclSampleLight_CmdCallbacks >> 8) & 0xff
   \   000015   7914         MOV     R1,#0x14
   \   000017   12....       LCALL   ??zclGeneral_RegisterCmdCallbacks?relay
    170          
    171            // Register the application's attribute list
    172            zcl_registerAttrList( SAMPLELIGHT_ENDPOINT, SAMPLELIGHT_MAX_ATTRIBUTES, zclSampleLight_Attrs );
   \   00001A                ; Setup parameters for call to function zcl_registerAttrList
   \   00001A   7C..         MOV     R4,#zclSampleLight_Attrs & 0xff
   \   00001C   7D..         MOV     R5,#(zclSampleLight_Attrs >> 8) & 0xff
   \   00001E   7A0C         MOV     R2,#0xc
   \   000020   7914         MOV     R1,#0x14
   \   000022   12....       LCALL   ??zcl_registerAttrList?relay
    173          
    174            // Register the Application to receive the unprocessed Foundation command/response messages
    175            zcl_registerForMsg( zclSampleLight_TaskID );
   \   000025                ; Setup parameters for call to function zcl_registerForMsg
   \   000025   90....       MOV     DPTR,#zclSampleLight_TaskID
   \   000028   E0           MOVX    A,@DPTR
   \   000029   F9           MOV     R1,A
   \   00002A   12....       LCALL   ??zcl_registerForMsg?relay
    176            
    177            // Register for all key events - This app will handle all key events
    178            RegisterForKeys( zclSampleLight_TaskID );
   \   00002D                ; Setup parameters for call to function RegisterForKeys
   \   00002D   90....       MOV     DPTR,#zclSampleLight_TaskID
   \   000030   E0           MOVX    A,@DPTR
   \   000031   F9           MOV     R1,A
   \   000032   12....       LCALL   ??RegisterForKeys?relay
    179          
    180            // Register for a test endpoint
    181            afRegister( &sampleLight_TestEp );
   \   000035                ; Setup parameters for call to function afRegister
   \   000035   7A..         MOV     R2,#sampleLight_TestEp & 0xff
   \   000037   7B..         MOV     R3,#(sampleLight_TestEp >> 8) & 0xff
   \   000039   12....       LCALL   ??afRegister?relay
    182            
    183            NLME_PermitJoiningRequest(0);
   \   00003C                ; Setup parameters for call to function NLME_PermitJoiningRequest
   \   00003C   7900         MOV     R1,#0x0
   \   00003E   12....       LCALL   ??NLME_PermitJoiningRequest?relay
    184          }
   \   000041                REQUIRE ?Subroutine0
   \   000041                ; // Fall through to label ?Subroutine0

   \                                 In  segment BANKED_CODE, align 1, keep-with-next
   \                     ?Subroutine0:
   \   000000   7F01         MOV     R7,#0x1
   \   000002   02....       LJMP    ?BANKED_LEAVE_XDATA
    185          
    186          /*********************************************************************
    187           * @fn          zclSample_event_loop
    188           *
    189           * @brief       Event Loop Processor for zclGeneral.
    190           *
    191           * @param       none
    192           *
    193           * @return      none
    194           */

   \                                 In  segment BANKED_CODE, align 1, keep-with-next
    195          uint16 zclSampleLight_event_loop( uint8 task_id, uint16 events )
   \                     zclSampleLight_event_loop:
    196          {
   \   000000   74F4         MOV     A,#-0xc
   \   000002   12....       LCALL   ?BANKED_ENTER_XDATA
   \   000005                ; Saved register size: 12
   \   000005                ; Auto size: 0
   \   000005   8A..         MOV     ?V0 + 0,R2
   \   000007   8B..         MOV     ?V0 + 1,R3
    197            afIncomingMSGPacket_t *MSGpkt;
    198            
    199            (void)task_id;  // Intentionally unreferenced parameter
    200          
    201            if ( events & SYS_EVENT_MSG )
   \   000009   EB           MOV     A,R3
   \   00000A   5480         ANL     A,#0x80
   \   00000C   7041         JNZ     ??zclSampleLight_event_loop_0
    202            {
    203              while ( (MSGpkt = (afIncomingMSGPacket_t *)osal_msg_receive( zclSampleLight_TaskID )) )
    204              {
    205                switch ( MSGpkt->hdr.event )
    206                {
    207                  case AF_INCOMING_MSG_CMD:
    208                    afSampleLight_ProcessIncomingMsg( (afIncomingMSGPacket_t *)MSGpkt );
    209                    break;
    210                  case ZCL_INCOMING_MSG:
    211                    // Incoming ZCL Foundation command/response messages
    212                    zclSampleLight_ProcessIncomingMsg( (zclIncomingMsg_t *)MSGpkt );
    213                    break;
    214                    
    215                  case KEY_CHANGE:
    216                    zclSampleLight_HandleKeys( ((keyChange_t *)MSGpkt)->state, ((keyChange_t *)MSGpkt)->keys );
    217                    break;
    218          
    219                  default:
    220                    break;
    221                }
    222          
    223                // Release the memory
    224                osal_msg_deallocate( (uint8 *)MSGpkt );
    225              }
    226          
    227              // return unprocessed events
    228              return (events ^ SYS_EVENT_MSG);
    229            }
    230          
    231            if ( events & SAMPLELIGHT_IDENTIFY_TIMEOUT_EVT )
   \   00000E   EA           MOV     A,R2
   \   00000F   A2E0         MOV     C,0xE0 /* A   */.0
   \   000011   4003         JC      $+5
   \   000013   02....       LJMP    ??zclSampleLight_event_loop_1 & 0xFFFF
    232            {
    233              if ( zclSampleLight_IdentifyTime > 0 )
   \   000016   12....       LCALL   ?Subroutine3 & 0xFFFF
   \                     ??CrossCallReturnLabel_7:
   \   000019   600C         JZ      ??zclSampleLight_event_loop_2
    234                zclSampleLight_IdentifyTime--;
   \   00001B   90....       MOV     DPTR,#zclSampleLight_IdentifyTime
   \   00001E   E0           MOVX    A,@DPTR
   \   00001F   24FF         ADD     A,#-0x1
   \   000021   F0           MOVX    @DPTR,A
   \   000022   A3           INC     DPTR
   \   000023   E0           MOVX    A,@DPTR
   \   000024   34FF         ADDC    A,#-0x1
   \   000026   F0           MOVX    @DPTR,A
    235              zclSampleLight_ProcessIdentifyTimeChange();
   \                     ??zclSampleLight_event_loop_2:
   \   000027                ; Setup parameters for call to function zclSampleLight_ProcessIdentifyTimeChange
   \   000027   12....       LCALL   ??zclSampleLight_ProcessIdentifyTimeChange?rela
    236          
    237              return ( events ^ SAMPLELIGHT_IDENTIFY_TIMEOUT_EVT );
   \   00002A   E5..         MOV     A,?V0 + 0
   \   00002C   6401         XRL     A,#0x1
   \   00002E   FA           MOV     R2,A
   \   00002F   AB..         MOV     R3,?V0 + 1
   \   000031   02....       LJMP    ??zclSampleLight_event_loop_3 & 0xFFFF
    238            }
   \                     ??zclSampleLight_event_loop_4:
   \   000034   A3           INC     DPTR
   \   000035   A3           INC     DPTR
   \   000036   A3           INC     DPTR
   \   000037   E0           MOVX    A,@DPTR
   \   000038   A2E0         MOV     C,0xE0 /* A   */.0
   \   00003A   500C         JNC     ??zclSampleLight_event_loop_5
   \   00003C                ; Setup parameters for call to function HalLedSet
   \   00003C   7A08         MOV     R2,#0x8
   \   00003E   7901         MOV     R1,#0x1
   \   000040   12....       LCALL   ??HalLedSet?relay
   \   000043                ; Setup parameters for call to function NLME_PermitJoiningRequest
   \   000043   793C         MOV     R1,#0x3c
   \   000045   12....       LCALL   ??NLME_PermitJoiningRequest?relay
   \                     ??zclSampleLight_event_loop_5:
   \   000048                ; Setup parameters for call to function osal_msg_deallocate
   \   000048   EE           MOV     A,R6
   \   000049   FA           MOV     R2,A
   \   00004A   EF           MOV     A,R7
   \   00004B   FB           MOV     R3,A
   \   00004C   12....       LCALL   ??osal_msg_deallocate?relay
   \                     ??zclSampleLight_event_loop_0:
   \   00004F                ; Setup parameters for call to function osal_msg_receive
   \   00004F   90....       MOV     DPTR,#zclSampleLight_TaskID
   \   000052   E0           MOVX    A,@DPTR
   \   000053   F9           MOV     R1,A
   \   000054   12....       LCALL   ??osal_msg_receive?relay
   \   000057   8A..         MOV     ?V0 + 2,R2
   \   000059   8B..         MOV     ?V0 + 3,R3
   \   00005B   AE..         MOV     R6,?V0 + 2
   \   00005D   AF..         MOV     R7,?V0 + 3
   \   00005F   EE           MOV     A,R6
   \   000060   4F           ORL     A,R7
   \   000061   605A         JZ      ??zclSampleLight_event_loop_6
   \   000063   8E82         MOV     DPL,R6
   \   000065   8F83         MOV     DPH,R7
   \   000067   E0           MOVX    A,@DPTR
   \   000068   24E6         ADD     A,#-0x1a
   \   00006A   600A         JZ      ??zclSampleLight_event_loop_7
   \   00006C   24E6         ADD     A,#-0x1a
   \   00006E   600F         JZ      ??zclSampleLight_event_loop_8
   \   000070   2474         ADD     A,#0x74
   \   000072   60C0         JZ      ??zclSampleLight_event_loop_4
   \   000074   80D2         SJMP    ??zclSampleLight_event_loop_5
   \                     ??zclSampleLight_event_loop_7:
   \   000076                ; Setup parameters for call to function HalLedSet
   \   000076   7A08         MOV     R2,#0x8
   \   000078   7901         MOV     R1,#0x1
   \   00007A   12....       LCALL   ??HalLedSet?relay
   \   00007D   80C9         SJMP    ??zclSampleLight_event_loop_5
   \                     ??zclSampleLight_event_loop_8:
   \   00007F   A3           INC     DPTR
   \   000080   A3           INC     DPTR
   \   000081   A3           INC     DPTR
   \   000082   A3           INC     DPTR
   \   000083   A3           INC     DPTR
   \   000084   A3           INC     DPTR
   \   000085   A3           INC     DPTR
   \   000086   E0           MOVX    A,@DPTR
   \   000087   14           DEC     A
   \   000088   6011         JZ      ??zclSampleLight_event_loop_9
   \   00008A   24FD         ADD     A,#-0x3
   \   00008C   701A         JNZ     ??zclSampleLight_event_loop_10
   \   00008E   12....       LCALL   ?Subroutine2 & 0xFFFF
   \                     ??CrossCallReturnLabel_0:
   \   000091   E0           MOVX    A,@DPTR
   \   000092   F8           MOV     R0,A
   \   000093   E9           MOV     A,R1
   \   000094   C3           CLR     C
   \   000095   98           SUBB    A,R0
   \   000096   5010         JNC     ??zclSampleLight_event_loop_10
   \   000098   09           INC     R1
   \   000099   80F6         SJMP    ??CrossCallReturnLabel_0
   \                     ??zclSampleLight_event_loop_9:
   \   00009B   12....       LCALL   ?Subroutine2 & 0xFFFF
   \                     ??CrossCallReturnLabel_1:
   \   00009E   8001         SJMP    ??zclSampleLight_event_loop_11
   \                     ??zclSampleLight_event_loop_12:
   \   0000A0   09           INC     R1
   \                     ??zclSampleLight_event_loop_11:
   \   0000A1   E0           MOVX    A,@DPTR
   \   0000A2   F8           MOV     R0,A
   \   0000A3   E9           MOV     A,R1
   \   0000A4   C3           CLR     C
   \   0000A5   98           SUBB    A,R0
   \   0000A6   40F8         JC      ??zclSampleLight_event_loop_12
   \                     ??zclSampleLight_event_loop_10:
   \   0000A8   12....       LCALL   ?Subroutine4 & 0xFFFF
   \                     ??CrossCallReturnLabel_2:
   \   0000AB   12....       LCALL   ??Subroutine6_0 & 0xFFFF
   \                     ??CrossCallReturnLabel_6:
   \   0000AE   6098         JZ      ??zclSampleLight_event_loop_5
   \   0000B0                ; Setup parameters for call to function osal_mem_free
   \   0000B0   12....       LCALL   ?Subroutine4 & 0xFFFF
   \                     ??CrossCallReturnLabel_3:
   \   0000B3   E0           MOVX    A,@DPTR
   \   0000B4   FA           MOV     R2,A
   \   0000B5   A3           INC     DPTR
   \   0000B6   E0           MOVX    A,@DPTR
   \   0000B7   FB           MOV     R3,A
   \   0000B8   12....       LCALL   ??osal_mem_free?relay
   \   0000BB   808B         SJMP    ??zclSampleLight_event_loop_5
   \                     ??zclSampleLight_event_loop_6:
   \   0000BD   AA..         MOV     R2,?V0 + 0
   \   0000BF   E5..         MOV     A,?V0 + 1
   \   0000C1   6480         XRL     A,#0x80
   \   0000C3   FB           MOV     R3,A
   \   0000C4   8004         SJMP    ??zclSampleLight_event_loop_3
    239          
    240            // Discard unknown events
    241            return 0;
   \                     ??zclSampleLight_event_loop_1:
   \   0000C6   7A00         MOV     R2,#0x0
   \   0000C8   7B00         MOV     R3,#0x0
   \                     ??zclSampleLight_event_loop_3:
   \   0000CA   7F04         MOV     R7,#0x4
   \   0000CC   02....       LJMP    ?BANKED_LEAVE_XDATA
    242          }

   \                                 In  segment BANKED_CODE, align 1, keep-with-next
   \                     ?Subroutine4:
   \   000000   12....       LCALL   ?Subroutine5 & 0xFFFF
   \                     ??CrossCallReturnLabel_5:
   \   000003   22           RET

   \                                 In  segment BANKED_CODE, align 1, keep-with-next
   \                     ?Subroutine5:
   \   000000   EE           MOV     A,R6
   \   000001   2417         ADD     A,#0x17
   \   000003   F582         MOV     DPL,A
   \   000005   EF           MOV     A,R7
   \   000006   3400         ADDC    A,#0x0
   \   000008   F583         MOV     DPH,A
   \   00000A   22           RET

   \                                 In  segment BANKED_CODE, align 1, keep-with-next
   \                     ?Subroutine2:
   \   000000   12....       LCALL   ?Subroutine5 & 0xFFFF
   \                     ??CrossCallReturnLabel_4:
   \   000003   E0           MOVX    A,@DPTR
   \   000004   F8           MOV     R0,A
   \   000005   A3           INC     DPTR
   \   000006   E0           MOVX    A,@DPTR
   \   000007   F9           MOV     R1,A
   \   000008   8882         MOV     DPL,R0
   \   00000A   8983         MOV     DPH,R1
   \   00000C   7900         MOV     R1,#0x0
   \   00000E   22           RET

   \                                 In  segment BANKED_CODE, align 1, keep-with-next
   \                     ?Subroutine3:
   \   000000   90....       MOV     DPTR,#zclSampleLight_IdentifyTime
   \   000003                REQUIRE ??Subroutine6_0
   \   000003                ; // Fall through to label ??Subroutine6_0

   \                                 In  segment BANKED_CODE, align 1, keep-with-next
   \                     ??Subroutine6_0:
   \   000000   E0           MOVX    A,@DPTR
   \   000001   F8           MOV     R0,A
   \   000002   A3           INC     DPTR
   \   000003   E0           MOVX    A,@DPTR
   \   000004   F9           MOV     R1,A
   \   000005   E8           MOV     A,R0
   \   000006   49           ORL     A,R1
   \   000007   22           RET
    243          
    244          /*********************************************************************
    245           * @fn      zclSampleLight_HandleKeys
    246           *
    247           * @brief   Handles all key events for this device.
    248           *
    249           * @param   shift - true if in shift/alt.
    250           * @param   keys - bit field for key events. Valid entries:
    251           *                 HAL_KEY_SW_4
    252           *                 HAL_KEY_SW_3
    253           *                 HAL_KEY_SW_2
    254           *                 HAL_KEY_SW_1
    255           *
    256           * @return  none
    257           */
    258          static void zclSampleLight_HandleKeys( byte shift, byte keys )
    259          {
    260            //zAddrType_t dstAddr;
    261            
    262            (void)shift;  // Intentionally unreferenced parameter
    263          
    264            if ( keys & HAL_KEY_SW_1 )
    265            {
    266              HalLedSet( HAL_LED_1, HAL_LED_MODE_TOGGLE );
    267              NLME_PermitJoiningRequest(60);
    268            }
    269          }
    270          
    271          /*********************************************************************
    272           * @fn      zclSampleLight_ProcessIdentifyTimeChange
    273           *
    274           * @brief   Called to process any change to the IdentifyTime attribute.
    275           *
    276           * @param   none
    277           *
    278           * @return  none
    279           */

   \                                 In  segment BANKED_CODE, align 1, keep-with-next
    280          static void zclSampleLight_ProcessIdentifyTimeChange( void )
   \                     zclSampleLight_ProcessIdentifyTimeChange:
    281          {
   \   000000   C082         PUSH    DPL
   \   000002   C083         PUSH    DPH
   \   000004                ; Saved register size: 2
   \   000004                ; Auto size: 0
    282            if ( zclSampleLight_IdentifyTime > 0 )
   \   000004   12....       LCALL   ?Subroutine3 & 0xFFFF
   \                     ??CrossCallReturnLabel_8:
   \   000007   601F         JZ      ??zclSampleLight_ProcessIdentifyTimeChange_0
    283            {
    284              osal_start_timerEx( zclSampleLight_TaskID, SAMPLELIGHT_IDENTIFY_TIMEOUT_EVT, 1000 );
   \   000009                ; Setup parameters for call to function osal_start_timerEx
   \   000009   7CE8         MOV     R4,#-0x18
   \   00000B   7D03         MOV     R5,#0x3
   \   00000D   7A01         MOV     R2,#0x1
   \   00000F   7B00         MOV     R3,#0x0
   \   000011   90....       MOV     DPTR,#zclSampleLight_TaskID
   \   000014   E0           MOVX    A,@DPTR
   \   000015   F9           MOV     R1,A
   \   000016   12....       LCALL   ??osal_start_timerEx?relay
    285              HalLedBlink ( HAL_LED_4, 0xFF, HAL_LED_DEFAULT_DUTY_CYCLE, HAL_LED_DEFAULT_FLASH_TIME );
   \   000019                ; Setup parameters for call to function HalLedBlink
   \   000019   7CE8         MOV     R4,#-0x18
   \   00001B   7D03         MOV     R5,#0x3
   \   00001D   7B05         MOV     R3,#0x5
   \   00001F   7AFF         MOV     R2,#-0x1
   \   000021   7908         MOV     R1,#0x8
   \   000023   12....       LCALL   ??HalLedBlink?relay
   \   000026   801D         SJMP    ??zclSampleLight_ProcessIdentifyTimeChange_1
    286            }
    287            else
    288            {
    289              if ( zclSampleLight_OnOff )
   \                     ??zclSampleLight_ProcessIdentifyTimeChange_0:
   \   000028   90....       MOV     DPTR,#zclSampleLight_OnOff
   \   00002B   E0           MOVX    A,@DPTR
   \   00002C   6004         JZ      ??zclSampleLight_ProcessIdentifyTimeChange_2
    290                HalLedSet ( HAL_LED_4, HAL_LED_MODE_ON );
   \   00002E                ; Setup parameters for call to function HalLedSet
   \   00002E   7A01         MOV     R2,#0x1
   \   000030   8002         SJMP    ??zclSampleLight_ProcessIdentifyTimeChange_3
    291              else
    292                HalLedSet ( HAL_LED_4, HAL_LED_MODE_OFF );
   \                     ??zclSampleLight_ProcessIdentifyTimeChange_2:
   \   000032                ; Setup parameters for call to function HalLedSet
   \   000032   7A00         MOV     R2,#0x0
   \                     ??zclSampleLight_ProcessIdentifyTimeChange_3:
   \   000034   7908         MOV     R1,#0x8
   \   000036   12....       LCALL   ??HalLedSet?relay
    293              osal_stop_timerEx( zclSampleLight_TaskID, SAMPLELIGHT_IDENTIFY_TIMEOUT_EVT );
   \   000039                ; Setup parameters for call to function osal_stop_timerEx
   \   000039   7A01         MOV     R2,#0x1
   \   00003B   7B00         MOV     R3,#0x0
   \   00003D   90....       MOV     DPTR,#zclSampleLight_TaskID
   \   000040   E0           MOVX    A,@DPTR
   \   000041   F9           MOV     R1,A
   \   000042   12....       LCALL   ??osal_stop_timerEx?relay
    294            }
    295          }
   \                     ??zclSampleLight_ProcessIdentifyTimeChange_1:
   \   000045                REQUIRE ?Subroutine1
   \   000045                ; // Fall through to label ?Subroutine1

   \                                 In  segment BANKED_CODE, align 1, keep-with-next
   \                     ?Subroutine1:
   \   000000   D083         POP     DPH
   \   000002   D082         POP     DPL
   \   000004   02....       LJMP    ?BRET
    296          
    297          /*********************************************************************
    298           * @fn      zclSampleLight_BasicResetCB
    299           *
    300           * @brief   Callback from the ZCL General Cluster Library
    301           *          to set all the Basic Cluster attributes to default values.
    302           *
    303           * @param   none
    304           *
    305           * @return  none
    306           */

   \                                 In  segment BANKED_CODE, align 1, keep-with-next
    307          static void zclSampleLight_BasicResetCB( void )
   \                     zclSampleLight_BasicResetCB:
    308          {
   \   000000                ; Saved register size: 0
   \   000000                ; Auto size: 0
    309            // Reset all attributes to default values
    310          }
   \   000000   02....       LJMP    ?BRET
    311          
    312          /*********************************************************************
    313           * @fn      zclSampleLight_IdentifyCB
    314           *
    315           * @brief   Callback from the ZCL General Cluster Library when
    316           *          it received an Identity Command for this application.
    317           *
    318           * @param   srcAddr - source address and endpoint of the response message
    319           * @param   identifyTime - the number of seconds to identify yourself
    320           *
    321           * @return  none
    322           */

   \                                 In  segment BANKED_CODE, align 1, keep-with-next
    323          static void zclSampleLight_IdentifyCB( zclIdentify_t *pCmd )
   \                     zclSampleLight_IdentifyCB:
    324          {
   \   000000   C082         PUSH    DPL
   \   000002   C083         PUSH    DPH
   \   000004                ; Saved register size: 2
   \   000004                ; Auto size: 0
    325            zclSampleLight_IdentifyTime = pCmd->identifyTime;
   \   000004   8A82         MOV     DPL,R2
   \   000006   8B83         MOV     DPH,R3
   \   000008   A3           INC     DPTR
   \   000009   A3           INC     DPTR
   \   00000A   E0           MOVX    A,@DPTR
   \   00000B   F8           MOV     R0,A
   \   00000C   A3           INC     DPTR
   \   00000D   E0           MOVX    A,@DPTR
   \   00000E   F9           MOV     R1,A
   \   00000F   90....       MOV     DPTR,#zclSampleLight_IdentifyTime
   \   000012   E8           MOV     A,R0
   \   000013   F0           MOVX    @DPTR,A
   \   000014   A3           INC     DPTR
   \   000015   E9           MOV     A,R1
   \   000016   F0           MOVX    @DPTR,A
    326            zclSampleLight_ProcessIdentifyTimeChange();
   \   000017                ; Setup parameters for call to function zclSampleLight_ProcessIdentifyTimeChange
   \   000017   12....       LCALL   ??zclSampleLight_ProcessIdentifyTimeChange?rela
    327          }
   \   00001A   80..         SJMP    ?Subroutine1
    328          
    329          /*********************************************************************
    330           * @fn      zclSampleLight_IdentifyQueryRspCB
    331           *
    332           * @brief   Callback from the ZCL General Cluster Library when
    333           *          it received an Identity Query Response Command for this application.
    334           *
    335           * @param   srcAddr - requestor's address
    336           * @param   timeout - number of seconds to identify yourself (valid for query response)
    337           *
    338           * @return  none
    339           */

   \                                 In  segment BANKED_CODE, align 1, keep-with-next
    340          static void zclSampleLight_IdentifyQueryRspCB(  zclIdentifyQueryRsp_t *pRsp )
   \                     zclSampleLight_IdentifyQueryRspCB:
    341          {
   \   000000                ; Saved register size: 0
   \   000000                ; Auto size: 0
    342            // Query Response (with timeout value)
    343            (void)pRsp;
    344          }
   \   000000   02....       LJMP    ?BRET
    345          
    346          /*********************************************************************
    347           * @fn      zclSampleLight_OnOffCB
    348           *
    349           * @brief   Callback from the ZCL General Cluster Library when
    350           *          it received an On/Off Command for this application.
    351           *
    352           * @param   cmd - COMMAND_ON, COMMAND_OFF or COMMAND_TOGGLE
    353           *
    354           * @return  none
    355           */

   \                                 In  segment BANKED_CODE, align 1, keep-with-next
    356          static void zclSampleLight_OnOffCB( uint8 cmd )
   \                     zclSampleLight_OnOffCB:
    357          {
   \   000000   74F7         MOV     A,#-0x9
   \   000002   12....       LCALL   ?BANKED_ENTER_XDATA
   \   000005                ; Saved register size: 9
   \   000005                ; Auto size: 0
   \   000005   E9           MOV     A,R1
   \   000006   FE           MOV     R6,A
    358            // Turn on the light
    359            if ( cmd == COMMAND_ON )
   \   000007   7401         MOV     A,#0x1
   \   000009   6E           XRL     A,R6
   \   00000A   700F         JNZ     ??zclSampleLight_OnOffCB_0
    360              zclSampleLight_OnOff = LIGHT_ON;
   \                     ??zclSampleLight_OnOffCB_1:
   \   00000C   90....       MOV     DPTR,#zclSampleLight_OnOff
   \   00000F   7401         MOV     A,#0x1
   \                     ??zclSampleLight_OnOffCB_2:
   \   000011   F0           MOVX    @DPTR,A
    361          
    362            // Turn off the light
    363            else if ( cmd == COMMAND_OFF )
    364              zclSampleLight_OnOff = LIGHT_OFF;
    365          
    366            // Toggle the light
    367            else
    368            {
    369              if ( zclSampleLight_OnOff == LIGHT_OFF )
    370                zclSampleLight_OnOff = LIGHT_ON;
    371              else
    372                zclSampleLight_OnOff = LIGHT_OFF;
    373            }
    374          
    375            // In this sample app, we use LED4 to simulate the Light
    376            if ( zclSampleLight_OnOff == LIGHT_ON )
    377              HalLedSet( HAL_LED_4, HAL_LED_MODE_ON );
   \   000012                ; Setup parameters for call to function HalLedSet
   \   000012   FA           MOV     R2,A
   \   000013   7908         MOV     R1,#0x8
   \   000015   12....       LCALL   ??HalLedSet?relay
    378            else
    379              HalLedSet( HAL_LED_4, HAL_LED_MODE_OFF );
    380          }
   \   000018   02....       LJMP    ?Subroutine0 & 0xFFFF
   \                     ??zclSampleLight_OnOffCB_0:
   \   00001B   EE           MOV     A,R6
   \   00001C   7006         JNZ     ??zclSampleLight_OnOffCB_3
   \                     ??zclSampleLight_OnOffCB_4:
   \   00001E   90....       MOV     DPTR,#zclSampleLight_OnOff
   \   000021   E4           CLR     A
   \   000022   80ED         SJMP    ??zclSampleLight_OnOffCB_2
   \                     ??zclSampleLight_OnOffCB_3:
   \   000024   90....       MOV     DPTR,#zclSampleLight_OnOff
   \   000027   E0           MOVX    A,@DPTR
   \   000028   70F4         JNZ     ??zclSampleLight_OnOffCB_4
   \   00002A   80E0         SJMP    ??zclSampleLight_OnOffCB_1

   \                                 In  segment XDATA_ID, align 1, keep-with-next
   \                     `?<Initializer for sampleLight_TestEp>`:
   \   000000   14           DB 20
   \   000001   ....         DW zclSampleLight_TaskID
   \   000003   ....         DW zclSampleLight_SimpleDesc
   \   000005   00           DB 0

   \                                 In  segment XDATA_ID, align 1, keep-with-next
   \                     `?<Initializer for zclSampleLight_CmdCallbacks>`:
   \   000000   ....         DW ??zclSampleLight_BasicResetCB?relay
   \   000002   ....         DW ??zclSampleLight_IdentifyCB?relay
   \   000004   ....         DW ??zclSampleLight_IdentifyQueryRspCB?relay
   \   000006   ....         DW ??zclSampleLight_OnOffCB?relay
   \   000008   0000         DW 0H
   \   00000A   0000         DW 0H
   \   00000C   0000         DW 0H
   \   00000E   0000         DW 0H
   \   000010   0000         DW 0H
   \   000012   0000         DW 0H
   \   000014   0000         DW 0H
   \   000016   0000         DW 0H
   \   000018   0000         DW 0H
   \   00001A   0000         DW 0H
   \   00001C   0000         DB 0, 0

   \                                 In  segment BANK_RELAYS, align 1
   \                     ??zclSampleLight_Init?relay:
   \   000000   12....       LCALL   ?BDISPATCH
   \   000003   ......       DC24    zclSampleLight_Init

   \                                 In  segment BANK_RELAYS, align 1
   \                     ??zclSampleLight_event_loop?relay:
   \   000000   12....       LCALL   ?BDISPATCH
   \   000003   ......       DC24    zclSampleLight_event_loop

   \                                 In  segment BANK_RELAYS, align 1
   \                     ??zclSampleLight_ProcessIdentifyTimeChange?rela:
   \   000000   12....       LCALL   ?BDISPATCH
   \   000003   ......       DC24    zclSampleLight_ProcessIdentifyTimeChange

   \                                 In  segment BANK_RELAYS, align 1
   \                     ??zclSampleLight_BasicResetCB?relay:
   \   000000   12....       LCALL   ?BDISPATCH
   \   000003   ......       DC24    zclSampleLight_BasicResetCB

   \                                 In  segment BANK_RELAYS, align 1
   \                     ??zclSampleLight_IdentifyCB?relay:
   \   000000   12....       LCALL   ?BDISPATCH
   \   000003   ......       DC24    zclSampleLight_IdentifyCB

   \                                 In  segment BANK_RELAYS, align 1
   \                     ??zclSampleLight_IdentifyQueryRspCB?relay:
   \   000000   12....       LCALL   ?BDISPATCH
   \   000003   ......       DC24    zclSampleLight_IdentifyQueryRspCB

   \                                 In  segment BANK_RELAYS, align 1
   \                     ??zclSampleLight_OnOffCB?relay:
   \   000000   12....       LCALL   ?BDISPATCH
   \   000003   ......       DC24    zclSampleLight_OnOffCB
    381          
    382          
    383          /****************************************************************************** 
    384           * 
    385           *  Functions for processing ZCL Foundation incoming Command/Response messages
    386           *
    387           *****************************************************************************/
    388          
    389          /*********************************************************************
    390           * @fn      zclSampleLight_ProcessIncomingMsg
    391           *
    392           * @brief   Process ZCL Foundation incoming message
    393           *
    394           * @param   pInMsg - pointer to the received message
    395           *
    396           * @return  none
    397           */
    398          static void zclSampleLight_ProcessIncomingMsg( zclIncomingMsg_t *pInMsg)
    399          {
    400            switch ( pInMsg->zclHdr.commandID )
    401            {
    402          #ifdef ZCL_READ
    403              case ZCL_CMD_READ_RSP:
    404                zclSampleLight_ProcessInReadRspCmd( pInMsg );
    405                break;
    406          #endif
    407          #ifdef ZCL_WRITE    
    408              case ZCL_CMD_WRITE_RSP:
    409                zclSampleLight_ProcessInWriteRspCmd( pInMsg );
    410                break;
    411          #endif
    412          #ifdef ZCL_REPORT
    413              // See ZCL Test Applicaiton (zcl_testapp.c) for sample code on Attribute Reporting
    414              case ZCL_CMD_CONFIG_REPORT:
    415                //zclSampleLight_ProcessInConfigReportCmd( pInMsg );
    416                break;
    417              
    418              case ZCL_CMD_CONFIG_REPORT_RSP:
    419                //zclSampleLight_ProcessInConfigReportRspCmd( pInMsg );
    420                break;
    421              
    422              case ZCL_CMD_READ_REPORT_CFG:
    423                //zclSampleLight_ProcessInReadReportCfgCmd( pInMsg );
    424                break;
    425              
    426              case ZCL_CMD_READ_REPORT_CFG_RSP:
    427                //zclSampleLight_ProcessInReadReportCfgRspCmd( pInMsg );
    428                break;
    429              
    430              case ZCL_CMD_REPORT:
    431                //zclSampleLight_ProcessInReportCmd( pInMsg );
    432                break;
    433          #endif   
    434              case ZCL_CMD_DEFAULT_RSP:
    435                zclSampleLight_ProcessInDefaultRspCmd( pInMsg );
    436                break;
    437          #ifdef ZCL_DISCOVER     
    438              case ZCL_CMD_DISCOVER_RSP:
    439                zclSampleLight_ProcessInDiscRspCmd( pInMsg );
    440                break;
    441          #endif  
    442              default:
    443                break;
    444            }
    445            
    446            if ( pInMsg->attrCmd )
    447              osal_mem_free( pInMsg->attrCmd );
    448          }
    449          
    450          #ifdef ZCL_READ
    451          /*********************************************************************
    452           * @fn      zclSampleLight_ProcessInReadRspCmd
    453           *
    454           * @brief   Process the "Profile" Read Response Command
    455           *
    456           * @param   pInMsg - incoming message to process
    457           *
    458           * @return  none
    459           */
    460          static uint8 zclSampleLight_ProcessInReadRspCmd( zclIncomingMsg_t *pInMsg )
    461          {
    462            zclReadRspCmd_t *readRspCmd;
    463            uint8 i;
    464          
    465            readRspCmd = (zclReadRspCmd_t *)pInMsg->attrCmd;
    466            for (i = 0; i < readRspCmd->numAttr; i++)
    467            {
    468              // Notify the originator of the results of the original read attributes 
    469              // attempt and, for each successfull request, the value of the requested 
    470              // attribute
    471            }
    472          
    473            return TRUE; 
    474          }
    475          #endif // ZCL_READ
    476          
    477          #ifdef ZCL_WRITE
    478          /*********************************************************************
    479           * @fn      zclSampleLight_ProcessInWriteRspCmd
    480           *
    481           * @brief   Process the "Profile" Write Response Command
    482           *
    483           * @param   pInMsg - incoming message to process
    484           *
    485           * @return  none
    486           */
    487          static uint8 zclSampleLight_ProcessInWriteRspCmd( zclIncomingMsg_t *pInMsg )
    488          {
    489            zclWriteRspCmd_t *writeRspCmd;
    490            uint8 i;
    491          
    492            writeRspCmd = (zclWriteRspCmd_t *)pInMsg->attrCmd;
    493            for (i = 0; i < writeRspCmd->numAttr; i++)
    494            {
    495              // Notify the device of the results of the its original write attributes
    496              // command.
    497            }
    498          
    499            return TRUE; 
    500          }
    501          #endif // ZCL_WRITE
    502          
    503          /*********************************************************************
    504           * @fn      zclSampleLight_ProcessInDefaultRspCmd
    505           *
    506           * @brief   Process the "Profile" Default Response Command
    507           *
    508           * @param   pInMsg - incoming message to process
    509           *
    510           * @return  none
    511           */
    512          static uint8 zclSampleLight_ProcessInDefaultRspCmd( zclIncomingMsg_t *pInMsg )
    513          {
    514            // zclDefaultRspCmd_t *defaultRspCmd = (zclDefaultRspCmd_t *)pInMsg->attrCmd;
    515             
    516            // Device is notified of the Default Response command.
    517            (void)pInMsg;
    518            
    519            return TRUE; 
    520          }
    521          
    522          #ifdef ZCL_DISCOVER
    523          /*********************************************************************
    524           * @fn      zclSampleLight_ProcessInDiscRspCmd
    525           *
    526           * @brief   Process the "Profile" Discover Response Command
    527           *
    528           * @param   pInMsg - incoming message to process
    529           *
    530           * @return  none
    531           */
    532          static uint8 zclSampleLight_ProcessInDiscRspCmd( zclIncomingMsg_t *pInMsg )
    533          {
    534            zclDiscoverRspCmd_t *discoverRspCmd;
    535            uint8 i;
    536            
    537            discoverRspCmd = (zclDiscoverRspCmd_t *)pInMsg->attrCmd;
    538            for ( i = 0; i < discoverRspCmd->numAttr; i++ )
    539            {
    540              // Device is notified of the result of its attribute discovery command.
    541            }
    542            
    543            return TRUE;
    544          }
    545          #endif // ZCL_DISCOVER
    546          
    547          static void afSampleLight_ProcessIncomingMsg( afIncomingMSGPacket_t *pInMsg ){
    548            //switch ( pInMsg->clusterId ){
    549            //case SAMPLE_RECEIVE_CLUSTERID:
    550               HalLedSet( HAL_LED_1, HAL_LED_MODE_TOGGLE ); 
    551              // break;
    552               
    553            // default:
    554             // break;
    555            //}
    556          }
    557          /****************************************************************************
    558          ****************************************************************************/
    559          
    560          

   Maximum stack usage in bytes:

     Function                       ISTACK PSTACK XSTACK
     --------                       ------ ------ ------
     zclSampleLight_BasicResetCB        0      0      0
     zclSampleLight_IdentifyCB          2      0      0
       -> zclSampleLight_ProcessIdentifyTimeChange
                                        4      0      0
     zclSampleLight_IdentifyQueryRspCB
                                        0      0      0
     zclSampleLight_Init                0      0      9
       -> zclHA_Init                    0      0     18
       -> zclGeneral_RegisterCmdCallbacks
                                        0      0     18
       -> zcl_registerAttrList          0      0     18
       -> zcl_registerForMsg            0      0     18
       -> RegisterForKeys               0      0     18
       -> afRegister                    0      0     18
       -> NLME_PermitJoiningRequest     0      0     18
     zclSampleLight_OnOffCB             0      0      9
       -> HalLedSet                     0      0     18
       -> HalLedSet                     0      0     18
     zclSampleLight_ProcessIdentifyTimeChange
                                        2      0     12
       -> osal_start_timerEx            4      0      0
       -> HalLedBlink                   4      0      0
       -> HalLedSet                     4      0      0
       -> HalLedSet                     4      0      0
       -> osal_stop_timerEx             4      0      0
     zclSampleLight_event_loop          0      0     12
       -> zclSampleLight_ProcessIdentifyTimeChange
                                        0      0     24
       -> HalLedSet                     0      0     24
       -> NLME_PermitJoiningRequest     0      0     24
       -> osal_msg_deallocate           0      0     24
       -> osal_msg_receive              0      0     24
       -> HalLedSet                     0      0     24
       -> osal_mem_free                 0      0     24


   Segment part sizes:

     Function/Label                                  Bytes
     --------------                                  -----
     zclSampleLight_TaskID                              1
     sampleLight_TestEp                                 6
     zclSampleLight_CmdCallbacks                       30
     zclSampleLight_Init                               65
     ?Subroutine0                                       5
     zclSampleLight_event_loop                        207
     ?Subroutine4                                       4
     ?Subroutine5                                      11
     ?Subroutine2                                      15
     ?Subroutine3                                       3
     ??Subroutine6_0                                    8
     zclSampleLight_ProcessIdentifyTimeChange
                                                       69
     ?Subroutine1                                       7
     zclSampleLight_BasicResetCB                        3
     zclSampleLight_IdentifyCB                         28
     zclSampleLight_IdentifyQueryRspCB
                                                        3
     zclSampleLight_OnOffCB                            44
     ?<Initializer for sampleLight_TestEp>              6
     ?<Initializer for zclSampleLight_CmdCallbacks>    30
     ??zclSampleLight_Init?relay                        6
     ??zclSampleLight_event_loop?relay                  6
     ??zclSampleLight_ProcessIdentifyTimeChange?rela    6
     ??zclSampleLight_BasicResetCB?relay                6
     ??zclSampleLight_IdentifyCB?relay                  6
     ??zclSampleLight_IdentifyQueryRspCB?relay          6
     ??zclSampleLight_OnOffCB?relay                     6

 
 472 bytes in segment BANKED_CODE
  42 bytes in segment BANK_RELAYS
  36 bytes in segment XDATA_I
  36 bytes in segment XDATA_ID
   1 byte  in segment XDATA_Z
 
 550 bytes of CODE  memory
  37 bytes of XDATA memory

Errors: none
Warnings: none
